[ 2014-07-13T10:49:42+08:00 ] 101.226.66.192 /
DEBUG: Cart Class Initialized

[ 2014-07-13T10:49:42+08:00 ] 124.132.184.86 /
DEBUG: Cart Class Initialized

[ 2014-07-13T11:29:38+08:00 ] 117.136.37.94 /
DEBUG: Cart Class Initialized

[ 2014-07-13T11:29:42+08:00 ] 123.125.71.109 /
DEBUG: Cart Class Initialized

[ 2014-07-13T11:40:02+08:00 ] 112.53.68.4 /
DEBUG: Cart Class Initialized

[ 2014-07-13T11:40:04+08:00 ] 112.53.68.4 /index.php?m=Cart&a=cart
INFO: [ app_begin ] --START--
INFO: ReadHtmlCache Behavior ::run [ RunTime:0.000518s ]
INFO: [ app_begin ] --END-- [ RunTime:0.000726s ]
SQL: SHOW COLUMNS FROM `sn_foodcat` [ RunTime:0.000995s ]
SQL: SELECT * FROM `sn_foodcat`  [ RunTime:0.000924s ]
SQL: SHOW COLUMNS FROM `sn_area` [ RunTime:0.003346s ]
SQL: SELECT * FROM `sn_area`  [ RunTime:0.000128s ]
DEBUG: Cart Class Initialized
SQL: SHOW COLUMNS FROM `sn_config` [ RunTime:0.001169s ]
SQL: SELECT `name`,`value`,`cate`,`type` FROM `sn_config`  [ RunTime:0.006233s ]
SQL: SHOW COLUMNS FROM `sn_pages` [ RunTime:0.001237s ]
SQL: SELECT * FROM `sn_pages` LIMIT 4   [ RunTime:0.000171s ]
SQL: SHOW COLUMNS FROM `sn_article_cat` [ RunTime:0.001181s ]
SQL: SELECT * FROM `sn_article_cat`  [ RunTime:0.000148s ]
SQL: SHOW COLUMNS FROM `sn_article` [ RunTime:0.001140s ]
SQL: SELECT * FROM `sn_article` WHERE ( acid=15 ) ORDER BY aid desc LIMIT 3   [ RunTime:0.000155s ]
DEBUG: Cart Class Initialized
INFO: [ view_parse ] --START--
INFO: ParseTemplate Behavior ::run [ RunTime:0.035254s ]
INFO: [ view_parse ] --END-- [ RunTime:0.035387s ]
INFO: [ view_filter ] --START--
INFO: ContentReplace Behavior ::run [ RunTime:0.000370s ]
INFO: TokenBuild Behavior ::run [ RunTime:0.000411s ]
INFO: WriteHtmlCache Behavior ::run [ RunTime:0.000266s ]
INFO: ShowRuntime Behavior ::run [ RunTime:0.000451s ]
INFO: [ view_filter ] --END-- [ RunTime:0.001751s ]
INFO: [ view_end ] --START--
INFO: ShowPageTrace Behavior ::run [ RunTime:0.000749s ]
INFO: [ view_end ] --END-- [ RunTime:0.000853s ]

[ 2014-07-13T16:43:32+08:00 ] 199.80.59.173 /
DEBUG: Cart Class Initialized

[ 2014-07-13T16:45:13+08:00 ] 199.80.59.173 /index.php?m=shop&a=index
DEBUG: Cart Class Initialized

[ 2014-07-13T16:47:34+08:00 ] 199.80.59.173 /index.php?m=cart&a=cartadd&id=86
DEBUG: Cart Class Initialized
DEBUG: Cart Class Initialized
NOTIC: 建议使用I方法替代_get

[ 2014-07-13T16:49:58+08:00 ] 199.80.59.173 /index.php?&m=cart&a=cart
DEBUG: Cart Class Initialized
DEBUG: Cart Class Initialized

[ 2014-07-13T16:51:54+08:00 ] 199.80.59.173 /index.php?m=cart&a=cartadds&id=86
DEBUG: Cart Class Initialized
DEBUG: Cart Class Initialized
NOTIC: 建议使用I方法替代_get

[ 2014-07-13T16:53:50+08:00 ] 199.80.59.173 /
DEBUG: Cart Class Initialized

[ 2014-07-13T18:01:20+08:00 ] 14.17.34.182 /
DEBUG: Cart Class Initialized

[ 2014-07-13T18:55:42+08:00 ] 123.125.71.80 /index.php?m=cart&a=cartadd&id=83
DEBUG: Cart Class Initialized
DEBUG: Cart Class Initialized
NOTIC: 建议使用I方法替代_get

[ 2014-07-13T18:55:45+08:00 ] 123.125.71.108 /index.php?&m=cart&a=cart
DEBUG: Cart Class Initialized
DEBUG: Cart Class Initialized

