[ 2014-07-12T15:08:07+08:00 ] 122.6.164.39 /
DEBUG: Cart Class Initialized

[ 2014-07-12T15:08:08+08:00 ] 122.6.164.39 /index.php?m=Cart&a=cart
INFO: [ app_begin ] --START--
INFO: ReadHtmlCache Behavior ::run [ RunTime:0.000500s ]
INFO: [ app_begin ] --END-- [ RunTime:0.000654s ]
SQL: SHOW COLUMNS FROM `sn_foodcat` [ RunTime:0.000813s ]
SQL: SELECT * FROM `sn_foodcat`  [ RunTime:0.000191s ]
SQL: SHOW COLUMNS FROM `sn_area` [ RunTime:0.000679s ]
SQL: SELECT * FROM `sn_area`  [ RunTime:0.000094s ]
DEBUG: Cart Class Initialized
SQL: SHOW COLUMNS FROM `sn_config` [ RunTime:0.000825s ]
SQL: SELECT `name`,`value`,`cate`,`type` FROM `sn_config`  [ RunTime:0.000115s ]
SQL: SHOW COLUMNS FROM `sn_pages` [ RunTime:0.001170s ]
SQL: SELECT * FROM `sn_pages` LIMIT 4   [ RunTime:0.000139s ]
SQL: SHOW COLUMNS FROM `sn_article_cat` [ RunTime:0.000804s ]
SQL: SELECT * FROM `sn_article_cat`  [ RunTime:0.000099s ]
SQL: SHOW COLUMNS FROM `sn_article` [ RunTime:0.000801s ]
SQL: SELECT * FROM `sn_article` WHERE ( acid=15 ) ORDER BY aid desc LIMIT 3   [ RunTime:0.000108s ]
DEBUG: Cart Class Initialized
INFO: [ view_parse ] --START--
INFO: ParseTemplate Behavior ::run [ RunTime:0.022557s ]
INFO: [ view_parse ] --END-- [ RunTime:0.022683s ]
INFO: [ view_filter ] --START--
INFO: ContentReplace Behavior ::run [ RunTime:0.000324s ]
INFO: TokenBuild Behavior ::run [ RunTime:0.000323s ]
INFO: WriteHtmlCache Behavior ::run [ RunTime:0.000233s ]
INFO: ShowRuntime Behavior ::run [ RunTime:0.000362s ]
INFO: [ view_filter ] --END-- [ RunTime:0.001445s ]
INFO: [ view_end ] --START--
INFO: ShowPageTrace Behavior ::run [ RunTime:0.000716s ]
INFO: [ view_end ] --END-- [ RunTime:0.000807s ]

[ 2014-07-12T20:34:15+08:00 ] 122.6.131.191 /
DEBUG: Cart Class Initialized

[ 2014-07-12T21:15:28+08:00 ] 220.181.132.217 /
DEBUG: Cart Class Initialized

[ 2014-07-12T21:15:35+08:00 ] 220.181.132.192 /
DEBUG: Cart Class Initialized

[ 2014-07-12T21:15:36+08:00 ] 220.181.132.192 /index.php?m=Cart&a=cart
INFO: [ app_begin ] --START--
INFO: ReadHtmlCache Behavior ::run [ RunTime:0.000486s ]
INFO: [ app_begin ] --END-- [ RunTime:0.000676s ]
SQL: SHOW COLUMNS FROM `sn_foodcat` [ RunTime:0.001002s ]
SQL: SELECT * FROM `sn_foodcat`  [ RunTime:0.000151s ]
SQL: SHOW COLUMNS FROM `sn_area` [ RunTime:0.000983s ]
SQL: SELECT * FROM `sn_area`  [ RunTime:0.000180s ]
DEBUG: Cart Class Initialized
SQL: SHOW COLUMNS FROM `sn_config` [ RunTime:0.001503s ]
SQL: SELECT `name`,`value`,`cate`,`type` FROM `sn_config`  [ RunTime:0.000164s ]
SQL: SHOW COLUMNS FROM `sn_pages` [ RunTime:0.001252s ]
SQL: SELECT * FROM `sn_pages` LIMIT 4   [ RunTime:0.000131s ]
SQL: SHOW COLUMNS FROM `sn_article_cat` [ RunTime:0.000888s ]
SQL: SELECT * FROM `sn_article_cat`  [ RunTime:0.000149s ]
SQL: SHOW COLUMNS FROM `sn_article` [ RunTime:0.000823s ]
SQL: SELECT * FROM `sn_article` WHERE ( acid=15 ) ORDER BY aid desc LIMIT 3   [ RunTime:0.000114s ]
DEBUG: Cart Class Initialized
INFO: [ view_parse ] --START--
INFO: ParseTemplate Behavior ::run [ RunTime:0.041635s ]
INFO: [ view_parse ] --END-- [ RunTime:0.041762s ]
INFO: [ view_filter ] --START--
INFO: ContentReplace Behavior ::run [ RunTime:0.000309s ]
INFO: TokenBuild Behavior ::run [ RunTime:0.000343s ]
INFO: WriteHtmlCache Behavior ::run [ RunTime:0.000217s ]
INFO: ShowRuntime Behavior ::run [ RunTime:0.000356s ]
INFO: [ view_filter ] --END-- [ RunTime:0.001437s ]
INFO: [ view_end ] --START--
INFO: ShowPageTrace Behavior ::run [ RunTime:0.000609s ]
INFO: [ view_end ] --END-- [ RunTime:0.000692s ]

[ 2014-07-12T22:43:37+08:00 ] 27.206.171.201 /
DEBUG: Cart Class Initialized

