[ 2014-07-15T03:00:18+08:00 ] 66.249.79.8 /index.php?m=Cart&a=cart
INFO: [ app_begin ] --START--
INFO: ReadHtmlCache Behavior ::run [ RunTime:0.021984s ]
INFO: [ app_begin ] --END-- [ RunTime:0.022178s ]
SQL: SHOW COLUMNS FROM `sn_foodcat` [ RunTime:0.039974s ]
SQL: SELECT * FROM `sn_foodcat`  [ RunTime:0.000515s ]
SQL: SHOW COLUMNS FROM `sn_area` [ RunTime:0.001576s ]
SQL: SELECT * FROM `sn_area`  [ RunTime:0.000556s ]
DEBUG: Cart Class Initialized
SQL: SHOW COLUMNS FROM `sn_config` [ RunTime:0.022225s ]
SQL: SELECT `name`,`value`,`cate`,`type` FROM `sn_config`  [ RunTime:0.000711s ]
SQL: SHOW COLUMNS FROM `sn_pages` [ RunTime:0.024082s ]
SQL: SELECT * FROM `sn_pages` LIMIT 4   [ RunTime:0.000612s ]
SQL: SHOW COLUMNS FROM `sn_article_cat` [ RunTime:0.006910s ]
SQL: SELECT * FROM `sn_article_cat`  [ RunTime:0.000585s ]
SQL: SHOW COLUMNS FROM `sn_article` [ RunTime:0.014590s ]
SQL: SELECT * FROM `sn_article` WHERE ( acid=15 ) ORDER BY aid desc LIMIT 3   [ RunTime:0.012957s ]
DEBUG: Cart Class Initialized
INFO: [ view_parse ] --START--
INFO: ParseTemplate Behavior ::run [ RunTime:0.100565s ]
INFO: [ view_parse ] --END-- [ RunTime:0.100698s ]
INFO: [ view_filter ] --START--
INFO: ContentReplace Behavior ::run [ RunTime:0.019590s ]
INFO: TokenBuild Behavior ::run [ RunTime:0.000711s ]
INFO: WriteHtmlCache Behavior ::run [ RunTime:0.013212s ]
INFO: ShowRuntime Behavior ::run [ RunTime:0.000771s ]
INFO: [ view_filter ] --END-- [ RunTime:0.034565s ]
INFO: [ view_end ] --START--
INFO: ShowPageTrace Behavior ::run [ RunTime:0.001041s ]
INFO: [ view_end ] --END-- [ RunTime:0.001146s ]

[ 2014-07-15T07:46:38+08:00 ] 66.249.79.224 /
DEBUG: Cart Class Initialized

[ 2014-07-15T10:44:35+08:00 ] 112.90.78.22 /
DEBUG: Cart Class Initialized

[ 2014-07-15T11:33:33+08:00 ] 66.249.79.136 /index.php?m=shop&a=index
DEBUG: Cart Class Initialized

[ 2014-07-15T15:05:47+08:00 ] 66.249.79.136 /index.php?m=member&a=index
DEBUG: Cart Class Initialized

[ 2014-07-15T15:59:32+08:00 ] 66.249.79.19 /index.php?m=article&a=l&id=15
DEBUG: Cart Class Initialized
NOTIC: 建议使用I方法替代_get

[ 2014-07-15T16:23:40+08:00 ] 123.125.71.104 /index.php?m=page&a=i&id=sess
DEBUG: Cart Class Initialized

[ 2014-07-15T16:38:30+08:00 ] 66.249.79.8 /index.php?m=Cart&a=cart
DEBUG: Cart Class Initialized
DEBUG: Cart Class Initialized

[ 2014-07-15T16:42:14+08:00 ] 66.249.79.136 /index.php?m=cart&a=index
DEBUG: Cart Class Initialized
DEBUG: Cart Class Initialized

[ 2014-07-15T16:45:42+08:00 ] 66.249.79.19 /index.php?m=index&a=index
DEBUG: Cart Class Initialized

[ 2014-07-15T20:14:37+08:00 ] 180.153.201.214 /
DEBUG: Cart Class Initialized

[ 2014-07-15T20:22:24+08:00 ] 66.249.79.211 /
DEBUG: Cart Class Initialized

[ 2014-07-15T23:34:12+08:00 ] 123.125.71.32 /
DEBUG: Cart Class Initialized

[ 2014-07-15T23:59:35+08:00 ] 66.249.65.8 /index.php?m=page&a=i&id=add
DEBUG: Cart Class Initialized

