[ 2014-07-18T00:37:55+08:00 ] 66.249.74.120 /index.php?m=index&a=farealist&id=3
DEBUG: Cart Class Initialized

[ 2014-07-18T00:40:40+08:00 ] 66.249.74.120 /index.php?&m=cart&a=cart
DEBUG: Cart Class Initialized
DEBUG: Cart Class Initialized

[ 2014-07-18T01:39:06+08:00 ] 66.249.74.120 /index.php?m=page&a=i&id=ad
DEBUG: Cart Class Initialized

[ 2014-07-18T01:46:27+08:00 ] 66.249.74.120 /index.php?m=shop&a=flist&id=24
DEBUG: Cart Class Initialized

[ 2014-07-18T01:54:34+08:00 ] 66.249.74.120 /index.php?m=shop&a=flist&id=20
DEBUG: Cart Class Initialized

[ 2014-07-18T02:29:50+08:00 ] 66.249.74.120 /index.php?m=page&a=i&id=sess
DEBUG: Cart Class Initialized

[ 2014-07-18T02:36:17+08:00 ] 66.249.74.120 /index.php?m=index&a=farealist&id=2
DEBUG: Cart Class Initialized

[ 2014-07-18T02:39:03+08:00 ] 66.249.74.120 /index.php?m=index&a=flist&id=19
DEBUG: Cart Class Initialized

[ 2014-07-18T02:39:59+08:00 ] 66.249.74.120 /index.php?m=page&a=i&id=add
DEBUG: Cart Class Initialized

[ 2014-07-18T02:41:50+08:00 ] 66.249.74.120 /index.php?m=index&a=flist&id=25
DEBUG: Cart Class Initialized

[ 2014-07-18T03:19:31+08:00 ] 66.249.74.120 /index.php?m=shop&a=uc&id=5
DEBUG: Cart Class Initialized

[ 2014-07-18T03:34:16+08:00 ] 66.249.74.120 /index.php?m=index&a=farealist&id=3
DEBUG: Cart Class Initialized

[ 2014-07-18T03:48:07+08:00 ] 66.249.74.120 /index.php?&m=cart&a=cart
DEBUG: Cart Class Initialized
DEBUG: Cart Class Initialized

[ 2014-07-18T03:49:02+08:00 ] 66.249.74.120 /index.php?m=page&a=i&id=ad
DEBUG: Cart Class Initialized

[ 2014-07-18T03:51:48+08:00 ] 66.249.74.120 /index.php?m=article&a=s&id=42
DEBUG: Cart Class Initialized
NOTIC: 建议使用I方法替代_get

[ 2014-07-18T04:42:18+08:00 ] 66.249.74.120 /index.php?m=shop&a=flist&id=23
DEBUG: Cart Class Initialized

[ 2014-07-18T04:53:36+08:00 ] 66.249.74.120 /index.php?m=shop&a=flist&id=20
DEBUG: Cart Class Initialized

[ 2014-07-18T04:54:31+08:00 ] 66.249.74.120 /index.php?m=article&a=s&id=43
DEBUG: Cart Class Initialized
NOTIC: 建议使用I方法替代_get

[ 2014-07-18T04:55:27+08:00 ] 66.249.74.120 /index.php?m=index&a=farealist&id=1
DEBUG: Cart Class Initialized

[ 2014-07-18T04:56:22+08:00 ] 66.249.74.120 /
DEBUG: Cart Class Initialized

[ 2014-07-18T05:00:58+08:00 ] 66.249.74.120 /index.php?m=member&a=index
DEBUG: Cart Class Initialized

[ 2014-07-18T05:32:26+08:00 ] 66.249.74.120 /index.php?m=shop&a=flist&id=21
DEBUG: Cart Class Initialized

[ 2014-07-18T05:46:17+08:00 ] 66.249.74.120 /index.php?m=page&a=i&id=about
DEBUG: Cart Class Initialized

[ 2014-07-18T05:49:03+08:00 ] 66.249.74.120 /index.php?m=article&a=s&id=41
DEBUG: Cart Class Initialized
NOTIC: 建议使用I方法替代_get

[ 2014-07-18T05:49:58+08:00 ] 66.249.74.120 /index.php?m=index&a=index
DEBUG: Cart Class Initialized

[ 2014-07-18T05:50:54+08:00 ] 66.249.74.120 /index.php?m=shop&a=flist&id=24
DEBUG: Cart Class Initialized

[ 2014-07-18T05:52:44+08:00 ] 66.249.74.120 /index.php?m=shop&a=flist&id=19
DEBUG: Cart Class Initialized

[ 2014-07-18T06:32:08+08:00 ] 220.181.108.140 /index.php?m=cart&a=cartadd&id=86
DEBUG: Cart Class Initialized
DEBUG: Cart Class Initialized
NOTIC: 建议使用I方法替代_get

[ 2014-07-18T06:32:10+08:00 ] 220.181.108.83 /index.php?&m=cart&a=cart
DEBUG: Cart Class Initialized
DEBUG: Cart Class Initialized

[ 2014-07-18T06:41:58+08:00 ] 66.249.74.120 /index.php?m=article&a=l&id=15
DEBUG: Cart Class Initialized
NOTIC: 建议使用I方法替代_get

[ 2014-07-18T06:43:24+08:00 ] 66.249.74.120 /index.php?m=cart&a=index
DEBUG: Cart Class Initialized
DEBUG: Cart Class Initialized

[ 2014-07-18T06:45:15+08:00 ] 66.249.74.120 /index.php?m=article&a=l&id=13
DEBUG: Cart Class Initialized
NOTIC: 建议使用I方法替代_get

[ 2014-07-18T06:48:58+08:00 ] 66.249.74.120 /index.php?m=index&a=flist&id=23
DEBUG: Cart Class Initialized

[ 2014-07-18T06:49:52+08:00 ] 66.249.74.120 /index.php?m=index&a=flist&id=24
DEBUG: Cart Class Initialized

[ 2014-07-18T06:50:48+08:00 ] 66.249.74.120 /index.php?m=index&a=flist&id=20
DEBUG: Cart Class Initialized

[ 2014-07-18T06:51:43+08:00 ] 66.249.74.120 /index.php?m=index&a=farealist&id=4
DEBUG: Cart Class Initialized

[ 2014-07-18T07:49:58+08:00 ] 66.249.74.120 /index.php?m=page&a=i&id=pays
DEBUG: Cart Class Initialized

[ 2014-07-18T08:23:24+08:00 ] 66.249.74.120 /index.php?&m=cart&a=cart
DEBUG: Cart Class Initialized
DEBUG: Cart Class Initialized

[ 2014-07-18T08:53:54+08:00 ] 66.249.74.120 /index.php?m=index&a=farealist&id=1
DEBUG: Cart Class Initialized

[ 2014-07-18T08:53:55+08:00 ] 66.249.74.120 /index.php?m=page&a=i&id=ad
DEBUG: Cart Class Initialized

[ 2014-07-18T08:53:58+08:00 ] 66.249.74.120 /index.php?m=shop&a=flist&id=21
DEBUG: Cart Class Initialized

[ 2014-07-18T08:54:53+08:00 ] 66.249.74.120 /index.php?m=index&a=farealist&id=2
DEBUG: Cart Class Initialized

[ 2014-07-18T08:55:49+08:00 ] 66.249.74.120 /index.php?m=shop&a=flist&id=20
DEBUG: Cart Class Initialized

[ 2014-07-18T08:56:49+08:00 ] 66.249.74.120 /index.php?m=article&a=s&id=43
DEBUG: Cart Class Initialized
NOTIC: 建议使用I方法替代_get

[ 2014-07-18T08:57:39+08:00 ] 66.249.74.120 /index.php?m=index&a=flist&id=25
DEBUG: Cart Class Initialized

[ 2014-07-18T08:58:35+08:00 ] 66.249.74.120 /index.php?m=index&a=flist&id=19
DEBUG: Cart Class Initialized

[ 2014-07-18T09:29:16+08:00 ] 66.249.74.120 /index.php?m=shop&a=flist&id=25
DEBUG: Cart Class Initialized

[ 2014-07-18T09:42:59+08:00 ] 66.249.74.120 /index.php?m=shop&a=flist&id=23
DEBUG: Cart Class Initialized

[ 2014-07-18T10:41:35+08:00 ] 66.249.74.120 /index.php?m=page&a=i&id=sess
DEBUG: Cart Class Initialized

[ 2014-07-18T10:45:59+08:00 ] 66.249.74.120 /index.php?m=shop&a=uc&id=5
DEBUG: Cart Class Initialized

[ 2014-07-18T10:50:35+08:00 ] 66.249.74.120 /index.php?m=page&a=i&id=about
DEBUG: Cart Class Initialized

[ 2014-07-18T10:54:59+08:00 ] 66.249.74.120 /index.php?m=article&a=s&id=41
DEBUG: Cart Class Initialized
NOTIC: 建议使用I方法替代_get

[ 2014-07-18T10:59:29+08:00 ] 66.249.74.120 /index.php?m=index&a=index
DEBUG: Cart Class Initialized

[ 2014-07-18T11:03:59+08:00 ] 66.249.74.120 /index.php?m=article&a=l&id=13
DEBUG: Cart Class Initialized
NOTIC: 建议使用I方法替代_get

[ 2014-07-18T11:08:29+08:00 ] 66.249.74.120 /index.php?m=index&a=farealist&id=4
DEBUG: Cart Class Initialized

[ 2014-07-18T11:12:59+08:00 ] 66.249.74.120 /index.php?m=index&a=flist&id=20
DEBUG: Cart Class Initialized

[ 2014-07-18T11:29:31+08:00 ] 123.125.71.16 /index.php?m=cart&a=cartadd&id=74
DEBUG: Cart Class Initialized
DEBUG: Cart Class Initialized
NOTIC: 建议使用I方法替代_get

[ 2014-07-18T11:29:36+08:00 ] 123.125.71.53 /index.php?&m=cart&a=cart
DEBUG: Cart Class Initialized
DEBUG: Cart Class Initialized

[ 2014-07-18T15:09:31+08:00 ] 66.249.74.133 /index.php?m=page&a=i&id=ad
DEBUG: Cart Class Initialized

[ 2014-07-18T16:54:13+08:00 ] 122.6.164.39 /
DEBUG: Cart Class Initialized

[ 2014-07-18T16:54:45+08:00 ] 122.6.164.39 /index.php?m=shop&a=uc&id=6
DEBUG: Cart Class Initialized

[ 2014-07-18T16:54:46+08:00 ] 122.6.164.39 /index.php?m=Cart&a=cart
INFO: [ app_begin ] --START--
INFO: ReadHtmlCache Behavior ::run [ RunTime:0.000525s ]
INFO: [ app_begin ] --END-- [ RunTime:0.000676s ]
SQL: SHOW COLUMNS FROM `sn_foodcat` [ RunTime:0.001001s ]
SQL: SELECT * FROM `sn_foodcat`  [ RunTime:0.000149s ]
SQL: SHOW COLUMNS FROM `sn_area` [ RunTime:0.000820s ]
SQL: SELECT * FROM `sn_area`  [ RunTime:0.000119s ]
DEBUG: Cart Class Initialized
SQL: SHOW COLUMNS FROM `sn_config` [ RunTime:0.000993s ]
SQL: SELECT `name`,`value`,`cate`,`type` FROM `sn_config`  [ RunTime:0.000125s ]
SQL: SHOW COLUMNS FROM `sn_pages` [ RunTime:0.001304s ]
SQL: SELECT * FROM `sn_pages` LIMIT 4   [ RunTime:0.000175s ]
SQL: SHOW COLUMNS FROM `sn_article_cat` [ RunTime:0.001161s ]
SQL: SELECT * FROM `sn_article_cat`  [ RunTime:0.000156s ]
SQL: SHOW COLUMNS FROM `sn_article` [ RunTime:0.001433s ]
SQL: SELECT * FROM `sn_article` WHERE ( acid=15 ) ORDER BY aid desc LIMIT 3   [ RunTime:0.000186s ]
DEBUG: Cart Class Initialized
INFO: [ view_parse ] --START--
INFO: ParseTemplate Behavior ::run [ RunTime:0.028106s ]
INFO: [ view_parse ] --END-- [ RunTime:0.028228s ]
INFO: [ view_filter ] --START--
INFO: ContentReplace Behavior ::run [ RunTime:0.000316s ]
INFO: TokenBuild Behavior ::run [ RunTime:0.000360s ]
INFO: WriteHtmlCache Behavior ::run [ RunTime:0.000250s ]
INFO: ShowRuntime Behavior ::run [ RunTime:0.000382s ]
INFO: [ view_filter ] --END-- [ RunTime:0.001519s ]
INFO: [ view_end ] --START--
INFO: ShowPageTrace Behavior ::run [ RunTime:0.000617s ]
INFO: [ view_end ] --END-- [ RunTime:0.000698s ]

[ 2014-07-18T16:54:51+08:00 ] 122.6.164.39 /index.php?m=cart&a=cartadd&id=86
NOTIC: [2] htmlspecialchars() expects parameter 2 to be long, string given /home/kbbgiwvn/domains/wmwcom.com/public_html/inc/Lib/Core/App.class.php 第 57 行.
NOTIC: [2] stripslashes() expects exactly 1 parameter, 2 given /home/kbbgiwvn/domains/wmwcom.com/public_html/inc/Lib/Core/App.class.php 第 57 行.
INFO: [ app_begin ] --START--
INFO: ReadHtmlCache Behavior ::run [ RunTime:0.000495s ]
INFO: [ app_begin ] --END-- [ RunTime:0.000639s ]
SQL: SHOW COLUMNS FROM `sn_foodcat` [ RunTime:0.000735s ]
SQL: SELECT * FROM `sn_foodcat`  [ RunTime:0.000104s ]
SQL: SHOW COLUMNS FROM `sn_area` [ RunTime:0.000571s ]
SQL: SELECT * FROM `sn_area`  [ RunTime:0.000090s ]
DEBUG: Cart Class Initialized
SQL: SHOW COLUMNS FROM `sn_config` [ RunTime:0.000799s ]
SQL: SELECT `name`,`value`,`cate`,`type` FROM `sn_config`  [ RunTime:0.000101s ]
SQL: SHOW COLUMNS FROM `sn_pages` [ RunTime:0.000934s ]
SQL: SELECT * FROM `sn_pages` LIMIT 4   [ RunTime:0.000131s ]
SQL: SHOW COLUMNS FROM `sn_article_cat` [ RunTime:0.000770s ]
SQL: SELECT * FROM `sn_article_cat`  [ RunTime:0.000102s ]
SQL: SHOW COLUMNS FROM `sn_article` [ RunTime:0.000823s ]
SQL: SELECT * FROM `sn_article` WHERE ( acid=15 ) ORDER BY aid desc LIMIT 3   [ RunTime:0.000110s ]
DEBUG: Cart Class Initialized
SQL: SHOW COLUMNS FROM `sn_food` [ RunTime:0.000871s ]
NOTIC: 建议使用I方法替代_get
SQL: SELECT * FROM `sn_food` WHERE ( `fid` = 86 ) LIMIT 1   [ RunTime:0.000337s ]
NOTIC: [8] Undefined index: sid /home/kbbgiwvn/domains/wmwcom.com/public_html/web/Lib/Action/CartAction.class.php 第 30 行.
NOTIC: [8] Undefined variable: var /home/kbbgiwvn/domains/wmwcom.com/public_html/inc/Common/functions.php 第 247 行.
NOTIC: [2] array_reverse() expects parameter 1 to be array, null given /home/kbbgiwvn/domains/wmwcom.com/public_html/inc/Common/functions.php 第 247 行.
NOTIC: [2] http_build_query() [<a href='function.http-build-query'>function.http-build-query</a>]: Parameter 1 expected to be Array or Object.  Incorrect value given /home/kbbgiwvn/domains/wmwcom.com/public_html/inc/Common/functions.php 第 247 行.

[ 2014-07-18T16:54:51+08:00 ] 122.6.164.39 /index.php?&m=cart&a=cart
INFO: [ app_begin ] --START--
INFO: ReadHtmlCache Behavior ::run [ RunTime:0.000546s ]
INFO: [ app_begin ] --END-- [ RunTime:0.000699s ]
SQL: SHOW COLUMNS FROM `sn_foodcat` [ RunTime:0.000729s ]
SQL: SELECT * FROM `sn_foodcat`  [ RunTime:0.000105s ]
SQL: SHOW COLUMNS FROM `sn_area` [ RunTime:0.000602s ]
SQL: SELECT * FROM `sn_area`  [ RunTime:0.000091s ]
DEBUG: Cart Class Initialized
SQL: SHOW COLUMNS FROM `sn_config` [ RunTime:0.000820s ]
SQL: SELECT `name`,`value`,`cate`,`type` FROM `sn_config`  [ RunTime:0.000108s ]
SQL: SHOW COLUMNS FROM `sn_pages` [ RunTime:0.001148s ]
SQL: SELECT * FROM `sn_pages` LIMIT 4   [ RunTime:0.000126s ]
SQL: SHOW COLUMNS FROM `sn_article_cat` [ RunTime:0.000926s ]
SQL: SELECT * FROM `sn_article_cat`  [ RunTime:0.000099s ]
SQL: SHOW COLUMNS FROM `sn_article` [ RunTime:0.000827s ]
SQL: SELECT * FROM `sn_article` WHERE ( acid=15 ) ORDER BY aid desc LIMIT 3   [ RunTime:0.000111s ]
DEBUG: Cart Class Initialized
INFO: [ view_parse ] --START--
INFO: ParseTemplate Behavior ::run [ RunTime:0.009349s ]
INFO: [ view_parse ] --END-- [ RunTime:0.009446s ]
INFO: [ view_filter ] --START--
INFO: ContentReplace Behavior ::run [ RunTime:0.000348s ]
INFO: TokenBuild Behavior ::run [ RunTime:0.000349s ]
INFO: WriteHtmlCache Behavior ::run [ RunTime:0.000222s ]
INFO: ShowRuntime Behavior ::run [ RunTime:0.000406s ]
INFO: [ view_filter ] --END-- [ RunTime:0.001530s ]
INFO: [ view_end ] --START--
INFO: ShowPageTrace Behavior ::run [ RunTime:0.000757s ]
INFO: [ view_end ] --END-- [ RunTime:0.000850s ]

[ 2014-07-18T16:54:56+08:00 ] 122.6.164.39 /index.php?m=cart&a=cartadd&id=86
NOTIC: [2] htmlspecialchars() expects parameter 2 to be long, string given /home/kbbgiwvn/domains/wmwcom.com/public_html/inc/Lib/Core/App.class.php 第 57 行.
NOTIC: [2] stripslashes() expects exactly 1 parameter, 2 given /home/kbbgiwvn/domains/wmwcom.com/public_html/inc/Lib/Core/App.class.php 第 57 行.
INFO: [ app_begin ] --START--
INFO: ReadHtmlCache Behavior ::run [ RunTime:0.000502s ]
INFO: [ app_begin ] --END-- [ RunTime:0.000629s ]
SQL: SHOW COLUMNS FROM `sn_foodcat` [ RunTime:0.000747s ]
SQL: SELECT * FROM `sn_foodcat`  [ RunTime:0.000103s ]
SQL: SHOW COLUMNS FROM `sn_area` [ RunTime:0.000573s ]
SQL: SELECT * FROM `sn_area`  [ RunTime:0.000088s ]
DEBUG: Cart Class Initialized
SQL: SHOW COLUMNS FROM `sn_config` [ RunTime:0.000834s ]
SQL: SELECT `name`,`value`,`cate`,`type` FROM `sn_config`  [ RunTime:0.000104s ]
SQL: SHOW COLUMNS FROM `sn_pages` [ RunTime:0.000942s ]
SQL: SELECT * FROM `sn_pages` LIMIT 4   [ RunTime:0.000139s ]
SQL: SHOW COLUMNS FROM `sn_article_cat` [ RunTime:0.000756s ]
SQL: SELECT * FROM `sn_article_cat`  [ RunTime:0.000100s ]
SQL: SHOW COLUMNS FROM `sn_article` [ RunTime:0.000831s ]
SQL: SELECT * FROM `sn_article` WHERE ( acid=15 ) ORDER BY aid desc LIMIT 3   [ RunTime:0.000117s ]
DEBUG: Cart Class Initialized
SQL: SHOW COLUMNS FROM `sn_food` [ RunTime:0.000881s ]
NOTIC: 建议使用I方法替代_get
SQL: SELECT * FROM `sn_food` WHERE ( `fid` = 86 ) LIMIT 1   [ RunTime:0.000110s ]
NOTIC: [8] Undefined index: sid /home/kbbgiwvn/domains/wmwcom.com/public_html/web/Lib/Action/CartAction.class.php 第 30 行.
NOTIC: [8] Undefined variable: var /home/kbbgiwvn/domains/wmwcom.com/public_html/inc/Common/functions.php 第 247 行.
NOTIC: [2] array_reverse() expects parameter 1 to be array, null given /home/kbbgiwvn/domains/wmwcom.com/public_html/inc/Common/functions.php 第 247 行.
NOTIC: [2] http_build_query() [<a href='function.http-build-query'>function.http-build-query</a>]: Parameter 1 expected to be Array or Object.  Incorrect value given /home/kbbgiwvn/domains/wmwcom.com/public_html/inc/Common/functions.php 第 247 行.

[ 2014-07-18T16:54:56+08:00 ] 122.6.164.39 /index.php?&m=cart&a=cart
INFO: [ app_begin ] --START--
INFO: ReadHtmlCache Behavior ::run [ RunTime:0.000512s ]
INFO: [ app_begin ] --END-- [ RunTime:0.000662s ]
SQL: SHOW COLUMNS FROM `sn_foodcat` [ RunTime:0.000728s ]
SQL: SELECT * FROM `sn_foodcat`  [ RunTime:0.000101s ]
SQL: SHOW COLUMNS FROM `sn_area` [ RunTime:0.000572s ]
SQL: SELECT * FROM `sn_area`  [ RunTime:0.000088s ]
DEBUG: Cart Class Initialized
SQL: SHOW COLUMNS FROM `sn_config` [ RunTime:0.000829s ]
SQL: SELECT `name`,`value`,`cate`,`type` FROM `sn_config`  [ RunTime:0.000098s ]
SQL: SHOW COLUMNS FROM `sn_pages` [ RunTime:0.000949s ]
SQL: SELECT * FROM `sn_pages` LIMIT 4   [ RunTime:0.000125s ]
SQL: SHOW COLUMNS FROM `sn_article_cat` [ RunTime:0.000797s ]
SQL: SELECT * FROM `sn_article_cat`  [ RunTime:0.000100s ]
SQL: SHOW COLUMNS FROM `sn_article` [ RunTime:0.000820s ]
SQL: SELECT * FROM `sn_article` WHERE ( acid=15 ) ORDER BY aid desc LIMIT 3   [ RunTime:0.000110s ]
DEBUG: Cart Class Initialized
INFO: [ view_parse ] --START--
INFO: ParseTemplate Behavior ::run [ RunTime:0.009352s ]
INFO: [ view_parse ] --END-- [ RunTime:0.009448s ]
INFO: [ view_filter ] --START--
INFO: ContentReplace Behavior ::run [ RunTime:0.000329s ]
INFO: TokenBuild Behavior ::run [ RunTime:0.000342s ]
INFO: WriteHtmlCache Behavior ::run [ RunTime:0.000238s ]
INFO: ShowRuntime Behavior ::run [ RunTime:0.000375s ]
INFO: [ view_filter ] --END-- [ RunTime:0.001493s ]
INFO: [ view_end ] --START--
INFO: ShowPageTrace Behavior ::run [ RunTime:0.000731s ]
INFO: [ view_end ] --END-- [ RunTime:0.000817s ]

[ 2014-07-18T16:55:00+08:00 ] 122.6.164.39 /index.php?m=cart&a=cartadd&id=86
NOTIC: [2] htmlspecialchars() expects parameter 2 to be long, string given /home/kbbgiwvn/domains/wmwcom.com/public_html/inc/Lib/Core/App.class.php 第 57 行.
NOTIC: [2] stripslashes() expects exactly 1 parameter, 2 given /home/kbbgiwvn/domains/wmwcom.com/public_html/inc/Lib/Core/App.class.php 第 57 行.
INFO: [ app_begin ] --START--
INFO: ReadHtmlCache Behavior ::run [ RunTime:0.000507s ]
INFO: [ app_begin ] --END-- [ RunTime:0.000630s ]
SQL: SHOW COLUMNS FROM `sn_foodcat` [ RunTime:0.001175s ]
SQL: SELECT * FROM `sn_foodcat`  [ RunTime:0.000126s ]
SQL: SHOW COLUMNS FROM `sn_area` [ RunTime:0.000612s ]
SQL: SELECT * FROM `sn_area`  [ RunTime:0.000086s ]
DEBUG: Cart Class Initialized
SQL: SHOW COLUMNS FROM `sn_config` [ RunTime:0.000827s ]
SQL: SELECT `name`,`value`,`cate`,`type` FROM `sn_config`  [ RunTime:0.000096s ]
SQL: SHOW COLUMNS FROM `sn_pages` [ RunTime:0.000945s ]
SQL: SELECT * FROM `sn_pages` LIMIT 4   [ RunTime:0.000141s ]
SQL: SHOW COLUMNS FROM `sn_article_cat` [ RunTime:0.000932s ]
SQL: SELECT * FROM `sn_article_cat`  [ RunTime:0.000102s ]
SQL: SHOW COLUMNS FROM `sn_article` [ RunTime:0.000852s ]
SQL: SELECT * FROM `sn_article` WHERE ( acid=15 ) ORDER BY aid desc LIMIT 3   [ RunTime:0.000107s ]
DEBUG: Cart Class Initialized
SQL: SHOW COLUMNS FROM `sn_food` [ RunTime:0.000893s ]
NOTIC: 建议使用I方法替代_get
SQL: SELECT * FROM `sn_food` WHERE ( `fid` = 86 ) LIMIT 1   [ RunTime:0.000107s ]
NOTIC: [8] Undefined index: sid /home/kbbgiwvn/domains/wmwcom.com/public_html/web/Lib/Action/CartAction.class.php 第 30 行.
NOTIC: [8] Undefined variable: var /home/kbbgiwvn/domains/wmwcom.com/public_html/inc/Common/functions.php 第 247 行.
NOTIC: [2] array_reverse() expects parameter 1 to be array, null given /home/kbbgiwvn/domains/wmwcom.com/public_html/inc/Common/functions.php 第 247 行.
NOTIC: [2] http_build_query() [<a href='function.http-build-query'>function.http-build-query</a>]: Parameter 1 expected to be Array or Object.  Incorrect value given /home/kbbgiwvn/domains/wmwcom.com/public_html/inc/Common/functions.php 第 247 行.

[ 2014-07-18T16:55:00+08:00 ] 122.6.164.39 /index.php?&m=cart&a=cart
INFO: [ app_begin ] --START--
INFO: ReadHtmlCache Behavior ::run [ RunTime:0.000500s ]
INFO: [ app_begin ] --END-- [ RunTime:0.000650s ]
SQL: SHOW COLUMNS FROM `sn_foodcat` [ RunTime:0.000744s ]
SQL: SELECT * FROM `sn_foodcat`  [ RunTime:0.000099s ]
SQL: SHOW COLUMNS FROM `sn_area` [ RunTime:0.000577s ]
SQL: SELECT * FROM `sn_area`  [ RunTime:0.000086s ]
DEBUG: Cart Class Initialized
SQL: SHOW COLUMNS FROM `sn_config` [ RunTime:0.000822s ]
SQL: SELECT `name`,`value`,`cate`,`type` FROM `sn_config`  [ RunTime:0.000097s ]
SQL: SHOW COLUMNS FROM `sn_pages` [ RunTime:0.000930s ]
SQL: SELECT * FROM `sn_pages` LIMIT 4   [ RunTime:0.000122s ]
SQL: SHOW COLUMNS FROM `sn_article_cat` [ RunTime:0.000833s ]
SQL: SELECT * FROM `sn_article_cat`  [ RunTime:0.000098s ]
SQL: SHOW COLUMNS FROM `sn_article` [ RunTime:0.000817s ]
SQL: SELECT * FROM `sn_article` WHERE ( acid=15 ) ORDER BY aid desc LIMIT 3   [ RunTime:0.000109s ]
DEBUG: Cart Class Initialized
INFO: [ view_parse ] --START--
INFO: ParseTemplate Behavior ::run [ RunTime:0.009289s ]
INFO: [ view_parse ] --END-- [ RunTime:0.009401s ]
INFO: [ view_filter ] --START--
INFO: ContentReplace Behavior ::run [ RunTime:0.000322s ]
INFO: TokenBuild Behavior ::run [ RunTime:0.000335s ]
INFO: WriteHtmlCache Behavior ::run [ RunTime:0.000228s ]
INFO: ShowRuntime Behavior ::run [ RunTime:0.000361s ]
INFO: [ view_filter ] --END-- [ RunTime:0.001449s ]
INFO: [ view_end ] --START--
INFO: ShowPageTrace Behavior ::run [ RunTime:0.000738s ]
INFO: [ view_end ] --END-- [ RunTime:0.000823s ]

[ 2014-07-18T16:55:03+08:00 ] 122.6.164.39 /index.php?m=cart&a=index
DEBUG: Cart Class Initialized
DEBUG: Cart Class Initialized

[ 2014-07-18T16:55:11+08:00 ] 122.6.164.39 /index.php?m=cart&a=cartadd&id=83
NOTIC: [2] htmlspecialchars() expects parameter 2 to be long, string given /home/kbbgiwvn/domains/wmwcom.com/public_html/inc/Lib/Core/App.class.php 第 57 行.
NOTIC: [2] stripslashes() expects exactly 1 parameter, 2 given /home/kbbgiwvn/domains/wmwcom.com/public_html/inc/Lib/Core/App.class.php 第 57 行.
INFO: [ app_begin ] --START--
INFO: ReadHtmlCache Behavior ::run [ RunTime:0.000501s ]
INFO: [ app_begin ] --END-- [ RunTime:0.000640s ]
SQL: SHOW COLUMNS FROM `sn_foodcat` [ RunTime:0.000760s ]
SQL: SELECT * FROM `sn_foodcat`  [ RunTime:0.000103s ]
SQL: SHOW COLUMNS FROM `sn_area` [ RunTime:0.000579s ]
SQL: SELECT * FROM `sn_area`  [ RunTime:0.000097s ]
DEBUG: Cart Class Initialized
SQL: SHOW COLUMNS FROM `sn_config` [ RunTime:0.000786s ]
SQL: SELECT `name`,`value`,`cate`,`type` FROM `sn_config`  [ RunTime:0.000098s ]
SQL: SHOW COLUMNS FROM `sn_pages` [ RunTime:0.000939s ]
SQL: SELECT * FROM `sn_pages` LIMIT 4   [ RunTime:0.000128s ]
SQL: SHOW COLUMNS FROM `sn_article_cat` [ RunTime:0.000766s ]
SQL: SELECT * FROM `sn_article_cat`  [ RunTime:0.000151s ]
SQL: SHOW COLUMNS FROM `sn_article` [ RunTime:0.000838s ]
SQL: SELECT * FROM `sn_article` WHERE ( acid=15 ) ORDER BY aid desc LIMIT 3   [ RunTime:0.000111s ]
DEBUG: Cart Class Initialized
SQL: SHOW COLUMNS FROM `sn_food` [ RunTime:0.000885s ]
NOTIC: 建议使用I方法替代_get
SQL: SELECT * FROM `sn_food` WHERE ( `fid` = 83 ) LIMIT 1   [ RunTime:0.000329s ]
NOTIC: [8] Undefined index: sid /home/kbbgiwvn/domains/wmwcom.com/public_html/web/Lib/Action/CartAction.class.php 第 30 行.
NOTIC: [8] Undefined variable: var /home/kbbgiwvn/domains/wmwcom.com/public_html/inc/Common/functions.php 第 247 行.
NOTIC: [2] array_reverse() expects parameter 1 to be array, null given /home/kbbgiwvn/domains/wmwcom.com/public_html/inc/Common/functions.php 第 247 行.
NOTIC: [2] http_build_query() [<a href='function.http-build-query'>function.http-build-query</a>]: Parameter 1 expected to be Array or Object.  Incorrect value given /home/kbbgiwvn/domains/wmwcom.com/public_html/inc/Common/functions.php 第 247 行.

[ 2014-07-18T16:55:11+08:00 ] 122.6.164.39 /index.php?&m=cart&a=cart
INFO: [ app_begin ] --START--
INFO: ReadHtmlCache Behavior ::run [ RunTime:0.000496s ]
INFO: [ app_begin ] --END-- [ RunTime:0.000647s ]
SQL: SHOW COLUMNS FROM `sn_foodcat` [ RunTime:0.000754s ]
SQL: SELECT * FROM `sn_foodcat`  [ RunTime:0.000103s ]
SQL: SHOW COLUMNS FROM `sn_area` [ RunTime:0.000571s ]
SQL: SELECT * FROM `sn_area`  [ RunTime:0.000088s ]
DEBUG: Cart Class Initialized
SQL: SHOW COLUMNS FROM `sn_config` [ RunTime:0.000805s ]
SQL: SELECT `name`,`value`,`cate`,`type` FROM `sn_config`  [ RunTime:0.000099s ]
SQL: SHOW COLUMNS FROM `sn_pages` [ RunTime:0.000936s ]
SQL: SELECT * FROM `sn_pages` LIMIT 4   [ RunTime:0.000126s ]
SQL: SHOW COLUMNS FROM `sn_article_cat` [ RunTime:0.000781s ]
SQL: SELECT * FROM `sn_article_cat`  [ RunTime:0.000185s ]
SQL: SHOW COLUMNS FROM `sn_article` [ RunTime:0.000843s ]
SQL: SELECT * FROM `sn_article` WHERE ( acid=15 ) ORDER BY aid desc LIMIT 3   [ RunTime:0.000110s ]
DEBUG: Cart Class Initialized
INFO: [ view_parse ] --START--
INFO: ParseTemplate Behavior ::run [ RunTime:0.009554s ]
INFO: [ view_parse ] --END-- [ RunTime:0.009650s ]
INFO: [ view_filter ] --START--
INFO: ContentReplace Behavior ::run [ RunTime:0.000354s ]
INFO: TokenBuild Behavior ::run [ RunTime:0.000355s ]
INFO: WriteHtmlCache Behavior ::run [ RunTime:0.000219s ]
INFO: ShowRuntime Behavior ::run [ RunTime:0.000533s ]
INFO: [ view_filter ] --END-- [ RunTime:0.001675s ]
INFO: [ view_end ] --START--
INFO: ShowPageTrace Behavior ::run [ RunTime:0.000639s ]
INFO: [ view_end ] --END-- [ RunTime:0.000723s ]

[ 2014-07-18T16:55:15+08:00 ] 122.6.164.39 /index.php?m=cart&a=index
DEBUG: Cart Class Initialized
DEBUG: Cart Class Initialized

[ 2014-07-18T16:55:30+08:00 ] 122.6.164.39 /index.php?m=member&a=index
DEBUG: Cart Class Initialized

[ 2014-07-18T17:59:00+08:00 ] 66.249.74.120 /index.php?m=shop&a=flist&id=22
DEBUG: Cart Class Initialized

[ 2014-07-18T18:20:44+08:00 ] 66.249.74.120 /?___store=orange&___from_store=default
DEBUG: Cart Class Initialized

[ 2014-07-18T18:49:49+08:00 ] 66.249.74.120 /index.php?m=cart&a=cartadd&id=62
DEBUG: Cart Class Initialized
DEBUG: Cart Class Initialized
NOTIC: 建议使用I方法替代_get

[ 2014-07-18T18:49:50+08:00 ] 66.249.74.120 /index.php?&m=cart&a=cart
DEBUG: Cart Class Initialized
DEBUG: Cart Class Initialized

[ 2014-07-18T19:05:22+08:00 ] 66.249.74.133 /index.php?m=shop&a=uc&id=6
DEBUG: Cart Class Initialized

[ 2014-07-18T19:39:45+08:00 ] 123.125.71.52 /index.php?m=index&a=farealist&id=2
DEBUG: Cart Class Initialized

[ 2014-07-18T19:56:53+08:00 ] 66.249.74.120 /index.php?m=cart&a=cartadd&id=66
DEBUG: Cart Class Initialized
DEBUG: Cart Class Initialized
NOTIC: 建议使用I方法替代_get

[ 2014-07-18T20:08:48+08:00 ] 66.249.74.120 /index.php?s=
DEBUG: Cart Class Initialized

[ 2014-07-18T20:28:04+08:00 ] 61.135.190.104 /
DEBUG: Cart Class Initialized

[ 2014-07-18T20:44:16+08:00 ] 66.249.74.120 /index.php?m=cart&a=cartadd&id=65
DEBUG: Cart Class Initialized
DEBUG: Cart Class Initialized
NOTIC: 建议使用I方法替代_get

[ 2014-07-18T20:53:11+08:00 ] 220.181.51.105 /
DEBUG: Cart Class Initialized

[ 2014-07-18T20:53:11+08:00 ] 220.181.51.104 /
DEBUG: Cart Class Initialized

[ 2014-07-18T21:11:16+08:00 ] 66.249.74.120 /index.php?m=cart&a=cartadd&id=69
DEBUG: Cart Class Initialized
DEBUG: Cart Class Initialized
NOTIC: 建议使用I方法替代_get

[ 2014-07-18T21:47:33+08:00 ] 66.249.74.133 /index.php?m=shop&a=uc&id=8
DEBUG: Cart Class Initialized

[ 2014-07-18T23:35:49+08:00 ] 66.249.74.120 /index.php?&m=cart&a=cart
DEBUG: Cart Class Initialized
DEBUG: Cart Class Initialized

[ 2014-07-18T23:37:13+08:00 ] 66.249.74.120 /index.php?m=shop&a=flist&id=21
DEBUG: Cart Class Initialized

