[ 2014-08-02T08:44:14+08:00 ] 127.0.0.1 /
ERR: ”…”⁄¡¨Ω”∑Ω‘⁄“ª∂Œ ±º‰∫Û√ª”–’˝»∑¥∏¥ªÚ¡¨Ω”µƒ÷˜ª˙√ª”–∑¥”¶£¨¡¨Ω”≥¢ ‘ ß∞‹°£


[ 2014-08-02T08:44:47+08:00 ] 127.0.0.1 /
ERR: ”…”⁄¡¨Ω”∑Ω‘⁄“ª∂Œ ±º‰∫Û√ª”–’˝»∑¥∏¥ªÚ¡¨Ω”µƒ÷˜ª˙√ª”–∑¥”¶£¨¡¨Ω”≥¢ ‘ ß∞‹°£


[ 2014-08-02T08:45:36+08:00 ] 127.0.0.1 /
ERR: ”…”⁄¡¨Ω”∑Ω‘⁄“ª∂Œ ±º‰∫Û√ª”–’˝»∑¥∏¥ªÚ¡¨Ω”µƒ÷˜ª˙√ª”–∑¥”¶£¨¡¨Ω”≥¢ ‘ ß∞‹°£


[ 2014-08-02T08:47:05+08:00 ] 127.0.0.1 /
ERR: ”…”⁄¡¨Ω”∑Ω‘⁄“ª∂Œ ±º‰∫Û√ª”–’˝»∑¥∏¥ªÚ¡¨Ω”µƒ÷˜ª˙√ª”–∑¥”¶£¨¡¨Ω”≥¢ ‘ ß∞‹°£


[ 2014-08-02T08:47:42+08:00 ] 127.0.0.1 /
ERR: ”…”⁄¡¨Ω”∑Ω‘⁄“ª∂Œ ±º‰∫Û√ª”–’˝»∑¥∏¥ªÚ¡¨Ω”µƒ÷˜ª˙√ª”–∑¥”¶£¨¡¨Ω”≥¢ ‘ ß∞‹°£


[ 2014-08-02T08:48:11+08:00 ] 127.0.0.1 /
ERR: ”…”⁄¡¨Ω”∑Ω‘⁄“ª∂Œ ±º‰∫Û√ª”–’˝»∑¥∏¥ªÚ¡¨Ω”µƒ÷˜ª˙√ª”–∑¥”¶£¨¡¨Ω”≥¢ ‘ ß∞‹°£


[ 2014-08-02T08:49:54+08:00 ] 127.0.0.1 /
ERR: ”…”⁄¡¨Ω”∑Ω‘⁄“ª∂Œ ±º‰∫Û√ª”–’˝»∑¥∏¥ªÚ¡¨Ω”µƒ÷˜ª˙√ª”–∑¥”¶£¨¡¨Ω”≥¢ ‘ ß∞‹°£


[ 2014-08-02T08:53:19+08:00 ] 127.0.0.1 /
ERR: ”…”⁄¡¨Ω”∑Ω‘⁄“ª∂Œ ±º‰∫Û√ª”–’˝»∑¥∏¥ªÚ¡¨Ω”µƒ÷˜ª˙√ª”–∑¥”¶£¨¡¨Ω”≥¢ ‘ ß∞‹°£


[ 2014-08-02T08:53:48+08:00 ] 127.0.0.1 /
ERR: ”…”⁄¡¨Ω”∑Ω‘⁄“ª∂Œ ±º‰∫Û√ª”–’˝»∑¥∏¥ªÚ¡¨Ω”µƒ÷˜ª˙√ª”–∑¥”¶£¨¡¨Ω”≥¢ ‘ ß∞‹°£


[ 2014-08-02T09:06:53+08:00 ] 127.0.0.1 /
ERR: Access denied for user 'kbbgiwvn_wmwcom'@'localhost' (using password: YES)

[ 2014-08-02T09:06:56+08:00 ] 127.0.0.1 /
ERR: Access denied for user 'kbbgiwvn_wmwcom'@'localhost' (using password: YES)

[ 2014-08-02T09:07:05+08:00 ] 127.0.0.1 /
ERR: Access denied for user 'kbbgiwvn_wmwcom'@'localhost' (using password: YES)

[ 2014-08-02T09:18:44+08:00 ] 127.0.0.1 /
DEBUG: Cart Class Initialized

[ 2014-08-02T09:18:47+08:00 ] 127.0.0.1 /shop/farealist/id/1
DEBUG: Cart Class Initialized

[ 2014-08-02T09:18:49+08:00 ] 127.0.0.1 /index.php?m=Shop&a=test
INFO: [ app_begin ] --START--
INFO: ReadHtmlCache Behavior ::run [ RunTime:0.000000s ]
INFO: [ app_begin ] --END-- [ RunTime:0.000000s ]
SQL: SHOW COLUMNS FROM `wm_foodcat` [ RunTime:0.029446s ]
SQL: SELECT * FROM `wm_foodcat`  [ RunTime:0.000000s ]
SQL: SHOW COLUMNS FROM `wm_area` [ RunTime:0.019630s ]
SQL: SELECT * FROM `wm_area`  [ RunTime:0.000000s ]
DEBUG: Cart Class Initialized
SQL: SHOW COLUMNS FROM `wm_config` [ RunTime:0.019630s ]
SQL: SELECT `name`,`value`,`cate`,`type` FROM `wm_config`  [ RunTime:0.000000s ]
NOTIC: [8] Undefined index: opentime C:\wamp\www\web\Lib\Action\CommonAction.class.php Á¨¨ 42 Ë°å.
NOTIC: [8] Undefined offset: 1 C:\wamp\www\web\Lib\Action\CommonAction.class.php Á¨¨ 45 Ë°å.
NOTIC: [8] Array to string conversion C:\wamp\www\inc\Common\common.php Á¨¨ 558 Ë°å.
SQL: SHOW COLUMNS FROM `wm_pages` [ RunTime:0.009815s ]
SQL: SELECT * FROM `wm_pages` LIMIT 4   [ RunTime:0.000000s ]
SQL: SHOW COLUMNS FROM `wm_article_cat` [ RunTime:0.029445s ]
SQL: SELECT * FROM `wm_article_cat`  [ RunTime:0.000000s ]
SQL: SHOW COLUMNS FROM `wm_article` [ RunTime:0.000000s ]
SQL: SELECT * FROM `wm_article` WHERE ( acid=15 ) ORDER BY aid desc LIMIT 3   [ RunTime:0.009815s ]
SQL: SHOW COLUMNS FROM `wm_shop` [ RunTime:0.009815s ]
SQL: SELECT * FROM `wm_shop` WHERE ( `scid` = 0 ) AND ( sarea='1' )  [ RunTime:0.000000s ]
INFO: [ view_parse ] --START--
INFO: ParseTemplate Behavior ::run [ RunTime:0.049076s ]
INFO: [ view_parse ] --END-- [ RunTime:0.049076s ]
INFO: [ view_filter ] --START--
INFO: ContentReplace Behavior ::run [ RunTime:0.000000s ]
INFO: TokenBuild Behavior ::run [ RunTime:0.009815s ]
INFO: WriteHtmlCache Behavior ::run [ RunTime:0.000000s ]
INFO: ShowRuntime Behavior ::run [ RunTime:0.000000s ]
INFO: [ view_filter ] --END-- [ RunTime:0.009815s ]
INFO: [ view_end ] --START--
INFO: ShowPageTrace Behavior ::run [ RunTime:0.000000s ]
INFO: [ view_end ] --END-- [ RunTime:0.009815s ]

[ 2014-08-02T09:30:50+08:00 ] 127.0.0.1 /shop/farealist/id/1
DEBUG: Cart Class Initialized

[ 2014-08-02T09:30:52+08:00 ] 127.0.0.1 /index.php?m=Shop&a=test
INFO: [ app_begin ] --START--
INFO: ReadHtmlCache Behavior ::run [ RunTime:0.029446s ]
INFO: [ app_begin ] --END-- [ RunTime:0.029446s ]
SQL: SHOW COLUMNS FROM `wm_foodcat` [ RunTime:0.049075s ]
SQL: SELECT * FROM `wm_foodcat`  [ RunTime:0.000000s ]
SQL: SHOW COLUMNS FROM `wm_area` [ RunTime:0.039261s ]
SQL: SELECT * FROM `wm_area`  [ RunTime:0.000000s ]
DEBUG: Cart Class Initialized
SQL: SHOW COLUMNS FROM `wm_config` [ RunTime:0.058891s ]
SQL: SELECT `name`,`value`,`cate`,`type` FROM `wm_config`  [ RunTime:0.000000s ]
NOTIC: [8] Undefined index: opentime C:\wamp\www\web\Lib\Action\CommonAction.class.php Á¨¨ 42 Ë°å.
NOTIC: [8] Undefined offset: 1 C:\wamp\www\web\Lib\Action\CommonAction.class.php Á¨¨ 45 Ë°å.
NOTIC: [8] Array to string conversion C:\wamp\www\inc\Common\common.php Á¨¨ 558 Ë°å.
SQL: SHOW COLUMNS FROM `wm_pages` [ RunTime:0.009815s ]
SQL: SELECT * FROM `wm_pages` LIMIT 4   [ RunTime:0.009815s ]
SQL: SHOW COLUMNS FROM `wm_article_cat` [ RunTime:0.009815s ]
SQL: SELECT * FROM `wm_article_cat`  [ RunTime:0.000000s ]
SQL: SHOW COLUMNS FROM `wm_article` [ RunTime:0.019630s ]
SQL: SELECT * FROM `wm_article` WHERE ( acid=15 ) ORDER BY aid desc LIMIT 3   [ RunTime:0.000000s ]
SQL: SHOW COLUMNS FROM `wm_shop` [ RunTime:0.000000s ]
SQL: SELECT * FROM `wm_shop` WHERE ( `scid` = 0 ) AND ( sarea='1' )  [ RunTime:0.009815s ]
INFO: [ view_parse ] --START--
INFO: ParseTemplate Behavior ::run [ RunTime:0.058890s ]
INFO: [ view_parse ] --END-- [ RunTime:0.058890s ]
INFO: [ view_filter ] --START--
INFO: ContentReplace Behavior ::run [ RunTime:0.009815s ]
INFO: TokenBuild Behavior ::run [ RunTime:0.000000s ]
INFO: WriteHtmlCache Behavior ::run [ RunTime:0.000000s ]
INFO: ShowRuntime Behavior ::run [ RunTime:0.009815s ]
INFO: [ view_filter ] --END-- [ RunTime:0.019630s ]
INFO: [ view_end ] --START--
INFO: ShowPageTrace Behavior ::run [ RunTime:0.000000s ]
INFO: [ view_end ] --END-- [ RunTime:0.000000s ]

[ 2014-08-02T09:32:15+08:00 ] 127.0.0.1 /shop/farealist/id/1
DEBUG: Cart Class Initialized

[ 2014-08-02T09:32:17+08:00 ] 127.0.0.1 /index.php?m=Shop&a=test
INFO: [ app_begin ] --START--
INFO: ReadHtmlCache Behavior ::run [ RunTime:0.000000s ]
INFO: [ app_begin ] --END-- [ RunTime:0.000000s ]
SQL: SHOW COLUMNS FROM `wm_foodcat` [ RunTime:0.020029s ]
SQL: SELECT * FROM `wm_foodcat`  [ RunTime:0.000000s ]
SQL: SHOW COLUMNS FROM `wm_area` [ RunTime:0.020028s ]
SQL: SELECT * FROM `wm_area`  [ RunTime:0.000000s ]
DEBUG: Cart Class Initialized
SQL: SHOW COLUMNS FROM `wm_config` [ RunTime:0.040057s ]
SQL: SELECT `name`,`value`,`cate`,`type` FROM `wm_config`  [ RunTime:0.000000s ]
NOTIC: [8] Undefined index: opentime C:\wamp\www\web\Lib\Action\CommonAction.class.php Á¨¨ 42 Ë°å.
NOTIC: [8] Undefined offset: 1 C:\wamp\www\web\Lib\Action\CommonAction.class.php Á¨¨ 45 Ë°å.
NOTIC: [8] Array to string conversion C:\wamp\www\inc\Common\common.php Á¨¨ 558 Ë°å.
SQL: SHOW COLUMNS FROM `wm_pages` [ RunTime:0.000000s ]
SQL: SELECT * FROM `wm_pages` LIMIT 4   [ RunTime:0.000000s ]
SQL: SHOW COLUMNS FROM `wm_article_cat` [ RunTime:0.010014s ]
SQL: SELECT * FROM `wm_article_cat`  [ RunTime:0.000000s ]
SQL: SHOW COLUMNS FROM `wm_article` [ RunTime:0.010015s ]
SQL: SELECT * FROM `wm_article` WHERE ( acid=15 ) ORDER BY aid desc LIMIT 3   [ RunTime:0.010014s ]
SQL: SHOW COLUMNS FROM `wm_shop` [ RunTime:0.010015s ]
SQL: SELECT * FROM `wm_shop` WHERE ( `scid` = 0 ) AND ( sarea='1' )  [ RunTime:0.000000s ]
INFO: [ view_parse ] --START--
INFO: ParseTemplate Behavior ::run [ RunTime:0.060086s ]
INFO: [ view_parse ] --END-- [ RunTime:0.060086s ]
INFO: [ view_filter ] --START--
INFO: ContentReplace Behavior ::run [ RunTime:0.000000s ]
INFO: TokenBuild Behavior ::run [ RunTime:0.010015s ]
INFO: WriteHtmlCache Behavior ::run [ RunTime:0.000000s ]
INFO: ShowRuntime Behavior ::run [ RunTime:0.000000s ]
INFO: [ view_filter ] --END-- [ RunTime:0.010015s ]
INFO: [ view_end ] --START--
INFO: ShowPageTrace Behavior ::run [ RunTime:0.000000s ]
INFO: [ view_end ] --END-- [ RunTime:0.010014s ]

[ 2014-08-02T09:32:27+08:00 ] 127.0.0.1 /shop/uc/id/9.html
DEBUG: Cart Class Initialized

[ 2014-08-02T09:32:28+08:00 ] 127.0.0.1 /index.php/Cart/cart
NOTIC: [2] stripslashes() expects exactly 1 parameter, 2 given C:\wamp\www\inc\Lib\Core\App.class.php Á¨¨ 57 Ë°å.
NOTIC: [2] stripslashes() expects exactly 1 parameter, 2 given C:\wamp\www\inc\Lib\Core\App.class.php Á¨¨ 57 Ë°å.
INFO: [ app_begin ] --START--
INFO: ReadHtmlCache Behavior ::run [ RunTime:0.000000s ]
INFO: [ app_begin ] --END-- [ RunTime:0.000000s ]
SQL: SHOW COLUMNS FROM `wm_foodcat` [ RunTime:0.022032s ]
SQL: SELECT * FROM `wm_foodcat`  [ RunTime:0.000000s ]
SQL: SHOW COLUMNS FROM `wm_area` [ RunTime:0.033047s ]
SQL: SELECT * FROM `wm_area`  [ RunTime:0.011016s ]
DEBUG: Cart Class Initialized
SQL: SHOW COLUMNS FROM `wm_config` [ RunTime:0.011016s ]
SQL: SELECT `name`,`value`,`cate`,`type` FROM `wm_config`  [ RunTime:0.011016s ]
NOTIC: [8] Undefined index: opentime C:\wamp\www\web\Lib\Action\CommonAction.class.php Á¨¨ 42 Ë°å.
NOTIC: [8] Undefined offset: 1 C:\wamp\www\web\Lib\Action\CommonAction.class.php Á¨¨ 45 Ë°å.
NOTIC: [8] Array to string conversion C:\wamp\www\inc\Common\common.php Á¨¨ 558 Ë°å.
SQL: SHOW COLUMNS FROM `wm_pages` [ RunTime:0.033048s ]
SQL: SELECT * FROM `wm_pages` LIMIT 4   [ RunTime:0.000000s ]
SQL: SHOW COLUMNS FROM `wm_article_cat` [ RunTime:0.000000s ]
SQL: SELECT * FROM `wm_article_cat`  [ RunTime:0.000000s ]
SQL: SHOW COLUMNS FROM `wm_article` [ RunTime:0.011016s ]
SQL: SELECT * FROM `wm_article` WHERE ( acid=15 ) ORDER BY aid desc LIMIT 3   [ RunTime:0.000000s ]
DEBUG: Cart Class Initialized
INFO: [ view_parse ] --START--
INFO: ParseTemplate Behavior ::run [ RunTime:0.077111s ]
INFO: [ view_parse ] --END-- [ RunTime:0.077111s ]
INFO: [ view_filter ] --START--
INFO: ContentReplace Behavior ::run [ RunTime:0.011015s ]
INFO: TokenBuild Behavior ::run [ RunTime:0.000000s ]
INFO: WriteHtmlCache Behavior ::run [ RunTime:0.011016s ]
INFO: ShowRuntime Behavior ::run [ RunTime:0.000000s ]
INFO: [ view_filter ] --END-- [ RunTime:0.022031s ]
INFO: [ view_end ] --START--
INFO: ShowPageTrace Behavior ::run [ RunTime:0.011016s ]
INFO: [ view_end ] --END-- [ RunTime:0.011016s ]

[ 2014-08-02T09:34:04+08:00 ] 127.0.0.1 /shop/farealist/id/1
DEBUG: Cart Class Initialized

[ 2014-08-02T09:34:05+08:00 ] 127.0.0.1 /index.php?m=Shop&a=test
INFO: [ app_begin ] --START--
INFO: ReadHtmlCache Behavior ::run [ RunTime:0.000000s ]
INFO: [ app_begin ] --END-- [ RunTime:0.000000s ]
SQL: SHOW COLUMNS FROM `wm_foodcat` [ RunTime:0.086373s ]
SQL: SELECT * FROM `wm_foodcat`  [ RunTime:0.000000s ]
SQL: SHOW COLUMNS FROM `wm_area` [ RunTime:0.064779s ]
SQL: SELECT * FROM `wm_area`  [ RunTime:0.000000s ]
DEBUG: Cart Class Initialized
SQL: SHOW COLUMNS FROM `wm_config` [ RunTime:0.032389s ]
SQL: SELECT `name`,`value`,`cate`,`type` FROM `wm_config`  [ RunTime:0.000000s ]
NOTIC: [8] Undefined index: opentime C:\wamp\www\web\Lib\Action\CommonAction.class.php Á¨¨ 42 Ë°å.
NOTIC: [8] Undefined offset: 1 C:\wamp\www\web\Lib\Action\CommonAction.class.php Á¨¨ 45 Ë°å.
NOTIC: [8] Array to string conversion C:\wamp\www\inc\Common\common.php Á¨¨ 558 Ë°å.
SQL: SHOW COLUMNS FROM `wm_pages` [ RunTime:0.021593s ]
SQL: SELECT * FROM `wm_pages` LIMIT 4   [ RunTime:0.000000s ]
SQL: SHOW COLUMNS FROM `wm_article_cat` [ RunTime:0.010796s ]
SQL: SELECT * FROM `wm_article_cat`  [ RunTime:0.010797s ]
SQL: SHOW COLUMNS FROM `wm_article` [ RunTime:0.000000s ]
SQL: SELECT * FROM `wm_article` WHERE ( acid=15 ) ORDER BY aid desc LIMIT 3   [ RunTime:0.000000s ]
SQL: SHOW COLUMNS FROM `wm_shop` [ RunTime:0.010796s ]
SQL: SELECT * FROM `wm_shop` WHERE ( `scid` = 0 ) AND ( sarea='1' )  [ RunTime:0.010797s ]
INFO: [ view_parse ] --START--
INFO: ParseTemplate Behavior ::run [ RunTime:0.053983s ]
INFO: [ view_parse ] --END-- [ RunTime:0.053983s ]
INFO: [ view_filter ] --START--
INFO: ContentReplace Behavior ::run [ RunTime:0.000000s ]
INFO: TokenBuild Behavior ::run [ RunTime:0.000000s ]
INFO: WriteHtmlCache Behavior ::run [ RunTime:0.000000s ]
INFO: ShowRuntime Behavior ::run [ RunTime:0.010797s ]
INFO: [ view_filter ] --END-- [ RunTime:0.010797s ]
INFO: [ view_end ] --START--
INFO: ShowPageTrace Behavior ::run [ RunTime:0.000000s ]
INFO: [ view_end ] --END-- [ RunTime:0.000000s ]

[ 2014-08-02T09:34:10+08:00 ] 127.0.0.1 /shop/test/id/27.html
NOTIC: [2] htmlspecialchars() expects parameter 2 to be long, string given C:\wamp\www\inc\Lib\Core\App.class.php Á¨¨ 57 Ë°å.
NOTIC: [2] stripslashes() expects exactly 1 parameter, 2 given C:\wamp\www\inc\Lib\Core\App.class.php Á¨¨ 57 Ë°å.
NOTIC: [2] stripslashes() expects exactly 1 parameter, 2 given C:\wamp\www\inc\Lib\Core\App.class.php Á¨¨ 57 Ë°å.
NOTIC: [2] stripslashes() expects exactly 1 parameter, 2 given C:\wamp\www\inc\Lib\Core\App.class.php Á¨¨ 57 Ë°å.
NOTIC: [2] stripslashes() expects exactly 1 parameter, 2 given C:\wamp\www\inc\Lib\Core\App.class.php Á¨¨ 57 Ë°å.
NOTIC: [2] stripslashes() expects exactly 1 parameter, 2 given C:\wamp\www\inc\Lib\Core\App.class.php Á¨¨ 57 Ë°å.
INFO: [ app_begin ] --START--
INFO: ReadHtmlCache Behavior ::run [ RunTime:0.000000s ]
INFO: [ app_begin ] --END-- [ RunTime:0.000000s ]
SQL: SHOW COLUMNS FROM `wm_foodcat` [ RunTime:0.000000s ]
SQL: SELECT * FROM `wm_foodcat`  [ RunTime:0.000000s ]
SQL: SHOW COLUMNS FROM `wm_area` [ RunTime:0.010796s ]
SQL: SELECT * FROM `wm_area`  [ RunTime:0.000000s ]
DEBUG: Cart Class Initialized
SQL: SHOW COLUMNS FROM `wm_config` [ RunTime:0.000000s ]
SQL: SELECT `name`,`value`,`cate`,`type` FROM `wm_config`  [ RunTime:0.000000s ]
NOTIC: [8] Undefined index: opentime C:\wamp\www\web\Lib\Action\CommonAction.class.php Á¨¨ 42 Ë°å.
NOTIC: [8] Undefined offset: 1 C:\wamp\www\web\Lib\Action\CommonAction.class.php Á¨¨ 45 Ë°å.
NOTIC: [8] Array to string conversion C:\wamp\www\inc\Common\common.php Á¨¨ 558 Ë°å.
SQL: SHOW COLUMNS FROM `wm_pages` [ RunTime:0.010797s ]
SQL: SELECT * FROM `wm_pages` LIMIT 4   [ RunTime:0.010796s ]
SQL: SHOW COLUMNS FROM `wm_article_cat` [ RunTime:0.021593s ]
SQL: SELECT * FROM `wm_article_cat`  [ RunTime:0.010797s ]
SQL: SHOW COLUMNS FROM `wm_article` [ RunTime:0.000000s ]
SQL: SELECT * FROM `wm_article` WHERE ( acid=15 ) ORDER BY aid desc LIMIT 3   [ RunTime:0.000000s ]
NOTIC: [2] htmlspecialchars() expects parameter 2 to be long, string given C:\wamp\www\inc\Common\common.php Á¨¨ 110 Ë°å.
NOTIC: [2] stripslashes() expects exactly 1 parameter, 2 given C:\wamp\www\inc\Common\common.php Á¨¨ 110 Ë°å.
NOTIC: [2] stripslashes() expects exactly 1 parameter, 2 given C:\wamp\www\inc\Common\common.php Á¨¨ 110 Ë°å.
NOTIC: [2] stripslashes() expects exactly 1 parameter, 2 given C:\wamp\www\inc\Common\common.php Á¨¨ 110 Ë°å.
NOTIC: [2] stripslashes() expects exactly 1 parameter, 2 given C:\wamp\www\inc\Common\common.php Á¨¨ 110 Ë°å.
NOTIC: [2] stripslashes() expects exactly 1 parameter, 2 given C:\wamp\www\inc\Common\common.php Á¨¨ 110 Ë°å.
NOTIC: [2] stripslashes() expects exactly 1 parameter, 2 given C:\wamp\www\inc\Common\common.php Á¨¨ 110 Ë°å.
NOTIC: [2] stripslashes() expects exactly 1 parameter, 2 given C:\wamp\www\inc\Common\common.php Á¨¨ 110 Ë°å.
NOTIC: [2] stripslashes() expects exactly 1 parameter, 2 given C:\wamp\www\inc\Common\common.php Á¨¨ 110 Ë°å.
NOTIC: [2] stripslashes() expects exactly 1 parameter, 2 given C:\wamp\www\inc\Common\common.php Á¨¨ 110 Ë°å.
NOTIC: [2] htmlspecialchars() expects parameter 2 to be long, string given C:\wamp\www\inc\Common\common.php Á¨¨ 110 Ë°å.
NOTIC: [2] stripslashes() expects exactly 1 parameter, 2 given C:\wamp\www\inc\Common\common.php Á¨¨ 110 Ë°å.
NOTIC: [2] stripslashes() expects exactly 1 parameter, 2 given C:\wamp\www\inc\Common\common.php Á¨¨ 110 Ë°å.
NOTIC: [2] stripslashes() expects exactly 1 parameter, 2 given C:\wamp\www\inc\Common\common.php Á¨¨ 110 Ë°å.
NOTIC: [2] stripslashes() expects exactly 1 parameter, 2 given C:\wamp\www\inc\Common\common.php Á¨¨ 110 Ë°å.
NOTIC: [2] stripslashes() expects exactly 1 parameter, 2 given C:\wamp\www\inc\Common\common.php Á¨¨ 110 Ë°å.
NOTIC: [2] stripslashes() expects exactly 1 parameter, 2 given C:\wamp\www\inc\Common\common.php Á¨¨ 110 Ë°å.
NOTIC: [2] stripslashes() expects exactly 1 parameter, 2 given C:\wamp\www\inc\Common\common.php Á¨¨ 110 Ë°å.
NOTIC: [2] stripslashes() expects exactly 1 parameter, 2 given C:\wamp\www\inc\Common\common.php Á¨¨ 110 Ë°å.
NOTIC: [2] stripslashes() expects exactly 1 parameter, 2 given C:\wamp\www\inc\Common\common.php Á¨¨ 110 Ë°å.
SQL: SHOW COLUMNS FROM `wm_shop` [ RunTime:0.010797s ]
SQL: SELECT * FROM `wm_shop` WHERE ( `scid` = 27 ) AND ( sarea='1' )  [ RunTime:0.000000s ]
INFO: [ view_parse ] --START--
INFO: ParseTemplate Behavior ::run [ RunTime:0.053983s ]
INFO: [ view_parse ] --END-- [ RunTime:0.053983s ]
INFO: [ view_filter ] --START--
INFO: ContentReplace Behavior ::run [ RunTime:0.000000s ]
INFO: TokenBuild Behavior ::run [ RunTime:0.010797s ]
INFO: WriteHtmlCache Behavior ::run [ RunTime:0.000000s ]
INFO: ShowRuntime Behavior ::run [ RunTime:0.000000s ]
INFO: [ view_filter ] --END-- [ RunTime:0.010797s ]
INFO: [ view_end ] --START--
INFO: ShowPageTrace Behavior ::run [ RunTime:0.010797s ]
INFO: [ view_end ] --END-- [ RunTime:0.010797s ]

[ 2014-08-02T09:34:31+08:00 ] 127.0.0.1 /shop/farealist/id/1
DEBUG: Cart Class Initialized

[ 2014-08-02T09:34:32+08:00 ] 127.0.0.1 /index.php?m=Shop&a=test
INFO: [ app_begin ] --START--
INFO: ReadHtmlCache Behavior ::run [ RunTime:0.010015s ]
INFO: [ app_begin ] --END-- [ RunTime:0.010015s ]
SQL: SHOW COLUMNS FROM `wm_foodcat` [ RunTime:0.060087s ]
SQL: SELECT * FROM `wm_foodcat`  [ RunTime:0.020028s ]
SQL: SHOW COLUMNS FROM `wm_area` [ RunTime:0.010015s ]
SQL: SELECT * FROM `wm_area`  [ RunTime:0.000000s ]
DEBUG: Cart Class Initialized
SQL: SHOW COLUMNS FROM `wm_config` [ RunTime:0.010015s ]
SQL: SELECT `name`,`value`,`cate`,`type` FROM `wm_config`  [ RunTime:0.010014s ]
NOTIC: [8] Undefined index: opentime C:\wamp\www\web\Lib\Action\CommonAction.class.php Á¨¨ 42 Ë°å.
NOTIC: [8] Undefined offset: 1 C:\wamp\www\web\Lib\Action\CommonAction.class.php Á¨¨ 45 Ë°å.
NOTIC: [8] Array to string conversion C:\wamp\www\inc\Common\common.php Á¨¨ 558 Ë°å.
SQL: SHOW COLUMNS FROM `wm_pages` [ RunTime:0.010015s ]
SQL: SELECT * FROM `wm_pages` LIMIT 4   [ RunTime:0.000000s ]
SQL: SHOW COLUMNS FROM `wm_article_cat` [ RunTime:0.000000s ]
SQL: SELECT * FROM `wm_article_cat`  [ RunTime:0.000000s ]
SQL: SHOW COLUMNS FROM `wm_article` [ RunTime:0.010014s ]
SQL: SELECT * FROM `wm_article` WHERE ( acid=15 ) ORDER BY aid desc LIMIT 3   [ RunTime:0.000000s ]
SQL: SHOW COLUMNS FROM `wm_shop` [ RunTime:0.010015s ]
SQL: SELECT * FROM `wm_shop` WHERE ( `scid` = 0 ) AND ( sarea='1' )  [ RunTime:0.000000s ]
INFO: [ view_parse ] --START--
INFO: ParseTemplate Behavior ::run [ RunTime:0.060087s ]
INFO: [ view_parse ] --END-- [ RunTime:0.060087s ]
INFO: [ view_filter ] --START--
INFO: ContentReplace Behavior ::run [ RunTime:0.000000s ]
INFO: TokenBuild Behavior ::run [ RunTime:0.010014s ]
INFO: WriteHtmlCache Behavior ::run [ RunTime:0.000000s ]
INFO: ShowRuntime Behavior ::run [ RunTime:0.010014s ]
INFO: [ view_filter ] --END-- [ RunTime:0.020028s ]
INFO: [ view_end ] --START--
INFO: ShowPageTrace Behavior ::run [ RunTime:0.010015s ]
INFO: [ view_end ] --END-- [ RunTime:0.010015s ]

[ 2014-08-02T09:36:00+08:00 ] 127.0.0.1 /shop/farealist/id/1
DEBUG: Cart Class Initialized

[ 2014-08-02T09:36:01+08:00 ] 127.0.0.1 /index.php?m=Shop&a=test
INFO: [ app_begin ] --START--
INFO: ReadHtmlCache Behavior ::run [ RunTime:0.009620s ]
INFO: [ app_begin ] --END-- [ RunTime:0.009620s ]
SQL: SHOW COLUMNS FROM `wm_foodcat` [ RunTime:0.076958s ]
SQL: SELECT * FROM `wm_foodcat`  [ RunTime:0.009620s ]
SQL: SHOW COLUMNS FROM `wm_area` [ RunTime:0.028859s ]
SQL: SELECT * FROM `wm_area`  [ RunTime:0.000000s ]
DEBUG: Cart Class Initialized
SQL: SHOW COLUMNS FROM `wm_config` [ RunTime:0.057719s ]
SQL: SELECT `name`,`value`,`cate`,`type` FROM `wm_config`  [ RunTime:0.000000s ]
NOTIC: [8] Undefined index: opentime C:\wamp\www\web\Lib\Action\CommonAction.class.php Á¨¨ 42 Ë°å.
NOTIC: [8] Undefined offset: 1 C:\wamp\www\web\Lib\Action\CommonAction.class.php Á¨¨ 45 Ë°å.
NOTIC: [8] Array to string conversion C:\wamp\www\inc\Common\common.php Á¨¨ 558 Ë°å.
SQL: SHOW COLUMNS FROM `wm_pages` [ RunTime:0.028860s ]
SQL: SELECT * FROM `wm_pages` LIMIT 4   [ RunTime:0.000000s ]
SQL: SHOW COLUMNS FROM `wm_article_cat` [ RunTime:0.009620s ]
SQL: SELECT * FROM `wm_article_cat`  [ RunTime:0.009619s ]
SQL: SHOW COLUMNS FROM `wm_article` [ RunTime:0.009620s ]
SQL: SELECT * FROM `wm_article` WHERE ( acid=15 ) ORDER BY aid desc LIMIT 3   [ RunTime:0.000000s ]
SQL: SHOW COLUMNS FROM `wm_shop` [ RunTime:0.009620s ]
SQL: SELECT * FROM `wm_shop` WHERE ( `scid` = 0 ) AND ( sarea='1' )  [ RunTime:0.000000s ]
INFO: [ view_parse ] --START--
INFO: ParseTemplate Behavior ::run [ RunTime:0.057718s ]
INFO: [ view_parse ] --END-- [ RunTime:0.067338s ]
INFO: [ view_filter ] --START--
INFO: ContentReplace Behavior ::run [ RunTime:0.000000s ]
INFO: TokenBuild Behavior ::run [ RunTime:0.000000s ]
INFO: WriteHtmlCache Behavior ::run [ RunTime:0.009620s ]
INFO: ShowRuntime Behavior ::run [ RunTime:0.000000s ]
INFO: [ view_filter ] --END-- [ RunTime:0.009620s ]
INFO: [ view_end ] --START--
INFO: ShowPageTrace Behavior ::run [ RunTime:0.009620s ]
INFO: [ view_end ] --END-- [ RunTime:0.009620s ]

[ 2014-08-02T09:36:45+08:00 ] 127.0.0.1 /shop/farealist/id/1
DEBUG: Cart Class Initialized

[ 2014-08-02T09:36:46+08:00 ] 127.0.0.1 /index.php?m=Shop&a=test
INFO: [ app_begin ] --START--
INFO: ReadHtmlCache Behavior ::run [ RunTime:0.000000s ]
INFO: [ app_begin ] --END-- [ RunTime:0.000000s ]
SQL: SHOW COLUMNS FROM `wm_foodcat` [ RunTime:0.031114s ]
SQL: SELECT * FROM `wm_foodcat`  [ RunTime:0.000000s ]
SQL: SHOW COLUMNS FROM `wm_area` [ RunTime:0.051856s ]
SQL: SELECT * FROM `wm_area`  [ RunTime:0.010372s ]
DEBUG: Cart Class Initialized
SQL: SHOW COLUMNS FROM `wm_config` [ RunTime:0.000000s ]
SQL: SELECT `name`,`value`,`cate`,`type` FROM `wm_config`  [ RunTime:0.000000s ]
NOTIC: [8] Undefined index: opentime C:\wamp\www\web\Lib\Action\CommonAction.class.php Á¨¨ 42 Ë°å.
NOTIC: [8] Undefined offset: 1 C:\wamp\www\web\Lib\Action\CommonAction.class.php Á¨¨ 45 Ë°å.
NOTIC: [8] Array to string conversion C:\wamp\www\inc\Common\common.php Á¨¨ 558 Ë°å.
SQL: SHOW COLUMNS FROM `wm_pages` [ RunTime:0.010371s ]
SQL: SELECT * FROM `wm_pages` LIMIT 4   [ RunTime:0.000000s ]
SQL: SHOW COLUMNS FROM `wm_article_cat` [ RunTime:0.020743s ]
SQL: SELECT * FROM `wm_article_cat`  [ RunTime:0.000000s ]
SQL: SHOW COLUMNS FROM `wm_article` [ RunTime:0.010371s ]
SQL: SELECT * FROM `wm_article` WHERE ( acid=15 ) ORDER BY aid desc LIMIT 3   [ RunTime:0.000000s ]
SQL: SHOW COLUMNS FROM `wm_shop` [ RunTime:0.000000s ]
SQL: SELECT * FROM `wm_shop` WHERE ( `scid` = 0 ) AND ( sarea='1' )  [ RunTime:0.000000s ]
INFO: [ view_parse ] --START--
INFO: ParseTemplate Behavior ::run [ RunTime:0.062228s ]
INFO: [ view_parse ] --END-- [ RunTime:0.062228s ]
INFO: [ view_filter ] --START--
INFO: ContentReplace Behavior ::run [ RunTime:0.000000s ]
INFO: TokenBuild Behavior ::run [ RunTime:0.000000s ]
INFO: WriteHtmlCache Behavior ::run [ RunTime:0.000000s ]
INFO: ShowRuntime Behavior ::run [ RunTime:0.010371s ]
INFO: [ view_filter ] --END-- [ RunTime:0.020742s ]
INFO: [ view_end ] --START--
INFO: ShowPageTrace Behavior ::run [ RunTime:0.000000s ]
INFO: [ view_end ] --END-- [ RunTime:0.000000s ]

[ 2014-08-02T09:36:54+08:00 ] 127.0.0.1 /shop/uc/id/14.html
DEBUG: Cart Class Initialized

[ 2014-08-02T09:36:55+08:00 ] 127.0.0.1 /index.php/Cart/cart
NOTIC: [2] stripslashes() expects exactly 1 parameter, 2 given C:\wamp\www\inc\Lib\Core\App.class.php Á¨¨ 57 Ë°å.
NOTIC: [2] stripslashes() expects exactly 1 parameter, 2 given C:\wamp\www\inc\Lib\Core\App.class.php Á¨¨ 57 Ë°å.
INFO: [ app_begin ] --START--
INFO: ReadHtmlCache Behavior ::run [ RunTime:0.000000s ]
INFO: [ app_begin ] --END-- [ RunTime:0.000000s ]
SQL: SHOW COLUMNS FROM `wm_foodcat` [ RunTime:0.011408s ]
SQL: SELECT * FROM `wm_foodcat`  [ RunTime:0.000000s ]
SQL: SHOW COLUMNS FROM `wm_area` [ RunTime:0.011408s ]
SQL: SELECT * FROM `wm_area`  [ RunTime:0.000000s ]
DEBUG: Cart Class Initialized
SQL: SHOW COLUMNS FROM `wm_config` [ RunTime:0.000000s ]
SQL: SELECT `name`,`value`,`cate`,`type` FROM `wm_config`  [ RunTime:0.000000s ]
NOTIC: [8] Undefined index: opentime C:\wamp\www\web\Lib\Action\CommonAction.class.php Á¨¨ 42 Ë°å.
NOTIC: [8] Undefined offset: 1 C:\wamp\www\web\Lib\Action\CommonAction.class.php Á¨¨ 45 Ë°å.
NOTIC: [8] Array to string conversion C:\wamp\www\inc\Common\common.php Á¨¨ 558 Ë°å.
SQL: SHOW COLUMNS FROM `wm_pages` [ RunTime:0.011408s ]
SQL: SELECT * FROM `wm_pages` LIMIT 4   [ RunTime:0.000000s ]
SQL: SHOW COLUMNS FROM `wm_article_cat` [ RunTime:0.011408s ]
SQL: SELECT * FROM `wm_article_cat`  [ RunTime:0.000000s ]
SQL: SHOW COLUMNS FROM `wm_article` [ RunTime:0.011408s ]
SQL: SELECT * FROM `wm_article` WHERE ( acid=15 ) ORDER BY aid desc LIMIT 3   [ RunTime:0.000000s ]
DEBUG: Cart Class Initialized
INFO: [ view_parse ] --START--
INFO: ParseTemplate Behavior ::run [ RunTime:0.079859s ]
INFO: [ view_parse ] --END-- [ RunTime:0.079859s ]
INFO: [ view_filter ] --START--
INFO: ContentReplace Behavior ::run [ RunTime:0.000000s ]
INFO: TokenBuild Behavior ::run [ RunTime:0.011408s ]
INFO: WriteHtmlCache Behavior ::run [ RunTime:0.000000s ]
INFO: ShowRuntime Behavior ::run [ RunTime:0.000000s ]
INFO: [ view_filter ] --END-- [ RunTime:0.011408s ]
INFO: [ view_end ] --START--
INFO: ShowPageTrace Behavior ::run [ RunTime:0.000000s ]
INFO: [ view_end ] --END-- [ RunTime:0.011408s ]

[ 2014-08-02T09:37:26+08:00 ] 127.0.0.1 /shop/farealist/id/1
DEBUG: Cart Class Initialized

[ 2014-08-02T09:37:28+08:00 ] 127.0.0.1 /index.php?m=Shop&a=test
INFO: [ app_begin ] --START--
INFO: ReadHtmlCache Behavior ::run [ RunTime:0.000000s ]
INFO: [ app_begin ] --END-- [ RunTime:0.000000s ]
SQL: SHOW COLUMNS FROM `wm_foodcat` [ RunTime:0.080115s ]
SQL: SELECT * FROM `wm_foodcat`  [ RunTime:0.000000s ]
SQL: SHOW COLUMNS FROM `wm_area` [ RunTime:0.020028s ]
SQL: SELECT * FROM `wm_area`  [ RunTime:0.000000s ]
DEBUG: Cart Class Initialized
SQL: SHOW COLUMNS FROM `wm_config` [ RunTime:0.010014s ]
SQL: SELECT `name`,`value`,`cate`,`type` FROM `wm_config`  [ RunTime:0.000000s ]
NOTIC: [8] Undefined index: opentime C:\wamp\www\web\Lib\Action\CommonAction.class.php Á¨¨ 42 Ë°å.
NOTIC: [8] Undefined offset: 1 C:\wamp\www\web\Lib\Action\CommonAction.class.php Á¨¨ 45 Ë°å.
NOTIC: [8] Array to string conversion C:\wamp\www\inc\Common\common.php Á¨¨ 558 Ë°å.
SQL: SHOW COLUMNS FROM `wm_pages` [ RunTime:0.010014s ]
SQL: SELECT * FROM `wm_pages` LIMIT 4   [ RunTime:0.000000s ]
SQL: SHOW COLUMNS FROM `wm_article_cat` [ RunTime:0.000000s ]
SQL: SELECT * FROM `wm_article_cat`  [ RunTime:0.010014s ]
SQL: SHOW COLUMNS FROM `wm_article` [ RunTime:0.010015s ]
SQL: SELECT * FROM `wm_article` WHERE ( acid=15 ) ORDER BY aid desc LIMIT 3   [ RunTime:0.000000s ]
SQL: SHOW COLUMNS FROM `wm_shop` [ RunTime:0.000000s ]
SQL: SELECT * FROM `wm_shop` WHERE ( `scid` = 0 ) AND ( sarea='1' )  [ RunTime:0.000000s ]
INFO: [ view_parse ] --START--
INFO: ParseTemplate Behavior ::run [ RunTime:0.070101s ]
INFO: [ view_parse ] --END-- [ RunTime:0.070101s ]
INFO: [ view_filter ] --START--
INFO: ContentReplace Behavior ::run [ RunTime:0.000000s ]
INFO: TokenBuild Behavior ::run [ RunTime:0.010015s ]
INFO: WriteHtmlCache Behavior ::run [ RunTime:0.010014s ]
INFO: ShowRuntime Behavior ::run [ RunTime:0.000000s ]
INFO: [ view_filter ] --END-- [ RunTime:0.020029s ]
INFO: [ view_end ] --START--
INFO: ShowPageTrace Behavior ::run [ RunTime:0.020029s ]
INFO: [ view_end ] --END-- [ RunTime:0.020029s ]

[ 2014-08-02T09:37:41+08:00 ] 127.0.0.1 /shop/uc/id/16.html
DEBUG: Cart Class Initialized

[ 2014-08-02T09:37:43+08:00 ] 127.0.0.1 /index.php/Cart/cart
NOTIC: [2] stripslashes() expects exactly 1 parameter, 2 given C:\wamp\www\inc\Lib\Core\App.class.php Á¨¨ 57 Ë°å.
NOTIC: [2] stripslashes() expects exactly 1 parameter, 2 given C:\wamp\www\inc\Lib\Core\App.class.php Á¨¨ 57 Ë°å.
INFO: [ app_begin ] --START--
INFO: ReadHtmlCache Behavior ::run [ RunTime:0.010015s ]
INFO: [ app_begin ] --END-- [ RunTime:0.010015s ]
SQL: SHOW COLUMNS FROM `wm_foodcat` [ RunTime:0.000000s ]
SQL: SELECT * FROM `wm_foodcat`  [ RunTime:0.000000s ]
SQL: SHOW COLUMNS FROM `wm_area` [ RunTime:0.011015s ]
SQL: SELECT * FROM `wm_area`  [ RunTime:0.000000s ]
DEBUG: Cart Class Initialized
SQL: SHOW COLUMNS FROM `wm_config` [ RunTime:0.000000s ]
SQL: SELECT `name`,`value`,`cate`,`type` FROM `wm_config`  [ RunTime:0.000000s ]
NOTIC: [8] Undefined index: opentime C:\wamp\www\web\Lib\Action\CommonAction.class.php Á¨¨ 42 Ë°å.
NOTIC: [8] Undefined offset: 1 C:\wamp\www\web\Lib\Action\CommonAction.class.php Á¨¨ 45 Ë°å.
NOTIC: [8] Array to string conversion C:\wamp\www\inc\Common\common.php Á¨¨ 558 Ë°å.
SQL: SHOW COLUMNS FROM `wm_pages` [ RunTime:0.011015s ]
SQL: SELECT * FROM `wm_pages` LIMIT 4   [ RunTime:0.000000s ]
SQL: SHOW COLUMNS FROM `wm_article_cat` [ RunTime:0.011016s ]
SQL: SELECT * FROM `wm_article_cat`  [ RunTime:0.000000s ]
SQL: SHOW COLUMNS FROM `wm_article` [ RunTime:0.011016s ]
SQL: SELECT * FROM `wm_article` WHERE ( acid=15 ) ORDER BY aid desc LIMIT 3   [ RunTime:0.011016s ]
DEBUG: Cart Class Initialized
INFO: [ view_parse ] --START--
INFO: ParseTemplate Behavior ::run [ RunTime:0.066094s ]
INFO: [ view_parse ] --END-- [ RunTime:0.066094s ]
INFO: [ view_filter ] --START--
INFO: ContentReplace Behavior ::run [ RunTime:0.011016s ]
INFO: TokenBuild Behavior ::run [ RunTime:0.000000s ]
INFO: WriteHtmlCache Behavior ::run [ RunTime:0.000000s ]
INFO: ShowRuntime Behavior ::run [ RunTime:0.000000s ]
INFO: [ view_filter ] --END-- [ RunTime:0.022032s ]
INFO: [ view_end ] --START--
INFO: ShowPageTrace Behavior ::run [ RunTime:0.011016s ]
INFO: [ view_end ] --END-- [ RunTime:0.011016s ]

[ 2014-08-02T09:40:05+08:00 ] 127.0.0.1 /shop/farealist/id/1
DEBUG: Cart Class Initialized

[ 2014-08-02T09:40:08+08:00 ] 127.0.0.1 /index.php?m=Shop&a=test
INFO: [ app_begin ] --START--
INFO: ReadHtmlCache Behavior ::run [ RunTime:0.012550s ]
INFO: [ app_begin ] --END-- [ RunTime:0.012550s ]
SQL: SHOW COLUMNS FROM `wm_foodcat` [ RunTime:0.125492s ]
SQL: SELECT * FROM `wm_foodcat`  [ RunTime:0.000000s ]
SQL: SHOW COLUMNS FROM `wm_area` [ RunTime:0.050196s ]
SQL: SELECT * FROM `wm_area`  [ RunTime:0.050197s ]
DEBUG: Cart Class Initialized
SQL: SHOW COLUMNS FROM `wm_config` [ RunTime:0.087845s ]
SQL: SELECT `name`,`value`,`cate`,`type` FROM `wm_config`  [ RunTime:0.000000s ]
NOTIC: [8] Undefined index: opentime C:\wamp\www\web\Lib\Action\CommonAction.class.php Á¨¨ 42 Ë°å.
NOTIC: [8] Undefined offset: 1 C:\wamp\www\web\Lib\Action\CommonAction.class.php Á¨¨ 45 Ë°å.
NOTIC: [8] Array to string conversion C:\wamp\www\inc\Common\common.php Á¨¨ 558 Ë°å.
SQL: SHOW COLUMNS FROM `wm_pages` [ RunTime:0.050197s ]
SQL: SELECT * FROM `wm_pages` LIMIT 4   [ RunTime:0.050197s ]
SQL: SHOW COLUMNS FROM `wm_article_cat` [ RunTime:0.050196s ]
SQL: SELECT * FROM `wm_article_cat`  [ RunTime:0.000000s ]
SQL: SHOW COLUMNS FROM `wm_article` [ RunTime:0.075296s ]
SQL: SELECT * FROM `wm_article` WHERE ( acid=15 ) ORDER BY aid desc LIMIT 3   [ RunTime:0.000000s ]
SQL: SHOW COLUMNS FROM `wm_shop` [ RunTime:0.025098s ]
SQL: SELECT * FROM `wm_shop` WHERE ( `scid` = 0 ) AND ( sarea='1' )  [ RunTime:0.000000s ]
INFO: [ view_parse ] --START--
INFO: ParseTemplate Behavior ::run [ RunTime:0.062746s ]
INFO: [ view_parse ] --END-- [ RunTime:0.062746s ]
INFO: [ view_filter ] --START--
INFO: ContentReplace Behavior ::run [ RunTime:0.012550s ]
INFO: TokenBuild Behavior ::run [ RunTime:0.000000s ]
INFO: WriteHtmlCache Behavior ::run [ RunTime:0.000000s ]
INFO: ShowRuntime Behavior ::run [ RunTime:0.012549s ]
INFO: [ view_filter ] --END-- [ RunTime:0.050197s ]
INFO: [ view_end ] --START--
INFO: ShowPageTrace Behavior ::run [ RunTime:0.000000s ]
INFO: [ view_end ] --END-- [ RunTime:0.012549s ]

[ 2014-08-02T09:42:51+08:00 ] 127.0.0.1 /shop/farealist/id/1
DEBUG: Cart Class Initialized

[ 2014-08-02T09:42:53+08:00 ] 127.0.0.1 /index.php?m=Shop&a=test
INFO: [ app_begin ] --START--
INFO: ReadHtmlCache Behavior ::run [ RunTime:0.000000s ]
INFO: [ app_begin ] --END-- [ RunTime:0.000000s ]
SQL: SHOW COLUMNS FROM `wm_foodcat` [ RunTime:0.099143s ]
SQL: SELECT * FROM `wm_foodcat`  [ RunTime:0.000000s ]
SQL: SHOW COLUMNS FROM `wm_area` [ RunTime:0.044064s ]
SQL: SELECT * FROM `wm_area`  [ RunTime:0.000000s ]
DEBUG: Cart Class Initialized
SQL: SHOW COLUMNS FROM `wm_config` [ RunTime:0.011016s ]
SQL: SELECT `name`,`value`,`cate`,`type` FROM `wm_config`  [ RunTime:0.000000s ]
NOTIC: [8] Undefined index: opentime C:\wamp\www\web\Lib\Action\CommonAction.class.php Á¨¨ 42 Ë°å.
NOTIC: [8] Undefined offset: 1 C:\wamp\www\web\Lib\Action\CommonAction.class.php Á¨¨ 45 Ë°å.
NOTIC: [8] Array to string conversion C:\wamp\www\inc\Common\common.php Á¨¨ 558 Ë°å.
SQL: SHOW COLUMNS FROM `wm_pages` [ RunTime:0.011016s ]
SQL: SELECT * FROM `wm_pages` LIMIT 4   [ RunTime:0.000000s ]
SQL: SHOW COLUMNS FROM `wm_article_cat` [ RunTime:0.000000s ]
SQL: SELECT * FROM `wm_article_cat`  [ RunTime:0.000000s ]
SQL: SHOW COLUMNS FROM `wm_article` [ RunTime:0.000000s ]
SQL: SELECT * FROM `wm_article` WHERE ( acid=15 ) ORDER BY aid desc LIMIT 3   [ RunTime:0.000000s ]
SQL: SHOW COLUMNS FROM `wm_shop` [ RunTime:0.011016s ]
SQL: SELECT * FROM `wm_shop` WHERE ( `scid` = 0 ) AND ( sarea='1' )  [ RunTime:0.000000s ]
INFO: [ view_parse ] --START--
INFO: ParseTemplate Behavior ::run [ RunTime:0.055079s ]
INFO: [ view_parse ] --END-- [ RunTime:0.055079s ]
INFO: [ view_filter ] --START--
INFO: ContentReplace Behavior ::run [ RunTime:0.011015s ]
INFO: TokenBuild Behavior ::run [ RunTime:0.000000s ]
INFO: WriteHtmlCache Behavior ::run [ RunTime:0.000000s ]
INFO: ShowRuntime Behavior ::run [ RunTime:0.000000s ]
INFO: [ view_filter ] --END-- [ RunTime:0.011015s ]
INFO: [ view_end ] --START--
INFO: ShowPageTrace Behavior ::run [ RunTime:0.011016s ]
INFO: [ view_end ] --END-- [ RunTime:0.011016s ]

[ 2014-08-02T09:43:00+08:00 ] 127.0.0.1 /shop/uc/id/14.html
DEBUG: Cart Class Initialized

[ 2014-08-02T09:43:02+08:00 ] 127.0.0.1 /index.php/Cart/cart
NOTIC: [2] stripslashes() expects exactly 1 parameter, 2 given C:\wamp\www\inc\Lib\Core\App.class.php Á¨¨ 57 Ë°å.
NOTIC: [2] stripslashes() expects exactly 1 parameter, 2 given C:\wamp\www\inc\Lib\Core\App.class.php Á¨¨ 57 Ë°å.
INFO: [ app_begin ] --START--
INFO: ReadHtmlCache Behavior ::run [ RunTime:0.009914s ]
INFO: [ app_begin ] --END-- [ RunTime:0.009914s ]
SQL: SHOW COLUMNS FROM `wm_foodcat` [ RunTime:0.000000s ]
SQL: SELECT * FROM `wm_foodcat`  [ RunTime:0.000000s ]
SQL: SHOW COLUMNS FROM `wm_area` [ RunTime:0.009915s ]
SQL: SELECT * FROM `wm_area`  [ RunTime:0.000000s ]
DEBUG: Cart Class Initialized
SQL: SHOW COLUMNS FROM `wm_config` [ RunTime:0.029743s ]
SQL: SELECT `name`,`value`,`cate`,`type` FROM `wm_config`  [ RunTime:0.000000s ]
NOTIC: [8] Undefined index: opentime C:\wamp\www\web\Lib\Action\CommonAction.class.php Á¨¨ 42 Ë°å.
NOTIC: [8] Undefined offset: 1 C:\wamp\www\web\Lib\Action\CommonAction.class.php Á¨¨ 45 Ë°å.
NOTIC: [8] Array to string conversion C:\wamp\www\inc\Common\common.php Á¨¨ 558 Ë°å.
SQL: SHOW COLUMNS FROM `wm_pages` [ RunTime:0.039658s ]
SQL: SELECT * FROM `wm_pages` LIMIT 4   [ RunTime:0.000000s ]
SQL: SHOW COLUMNS FROM `wm_article_cat` [ RunTime:0.009914s ]
SQL: SELECT * FROM `wm_article_cat`  [ RunTime:0.000000s ]
SQL: SHOW COLUMNS FROM `wm_article` [ RunTime:0.009915s ]
SQL: SELECT * FROM `wm_article` WHERE ( acid=15 ) ORDER BY aid desc LIMIT 3   [ RunTime:0.009914s ]
DEBUG: Cart Class Initialized
INFO: [ view_parse ] --START--
INFO: ParseTemplate Behavior ::run [ RunTime:0.059486s ]
INFO: [ view_parse ] --END-- [ RunTime:0.059486s ]
INFO: [ view_filter ] --START--
INFO: ContentReplace Behavior ::run [ RunTime:0.000000s ]
INFO: TokenBuild Behavior ::run [ RunTime:0.009914s ]
INFO: WriteHtmlCache Behavior ::run [ RunTime:0.000000s ]
INFO: ShowRuntime Behavior ::run [ RunTime:0.000000s ]
INFO: [ view_filter ] --END-- [ RunTime:0.019828s ]
INFO: [ view_end ] --START--
INFO: ShowPageTrace Behavior ::run [ RunTime:0.000000s ]
INFO: [ view_end ] --END-- [ RunTime:0.000000s ]

[ 2014-08-02T09:43:13+08:00 ] 127.0.0.1 /shop/uc/id/10.html
DEBUG: Cart Class Initialized

[ 2014-08-02T09:43:14+08:00 ] 127.0.0.1 /index.php/Cart/cart
NOTIC: [2] stripslashes() expects exactly 1 parameter, 2 given C:\wamp\www\inc\Lib\Core\App.class.php Á¨¨ 57 Ë°å.
NOTIC: [2] stripslashes() expects exactly 1 parameter, 2 given C:\wamp\www\inc\Lib\Core\App.class.php Á¨¨ 57 Ë°å.
INFO: [ app_begin ] --START--
INFO: ReadHtmlCache Behavior ::run [ RunTime:0.000000s ]
INFO: [ app_begin ] --END-- [ RunTime:0.000000s ]
SQL: SHOW COLUMNS FROM `wm_foodcat` [ RunTime:0.044614s ]
SQL: SELECT * FROM `wm_foodcat`  [ RunTime:0.000000s ]
SQL: SHOW COLUMNS FROM `wm_area` [ RunTime:0.008923s ]
SQL: SELECT * FROM `wm_area`  [ RunTime:0.008923s ]
DEBUG: Cart Class Initialized
SQL: SHOW COLUMNS FROM `wm_config` [ RunTime:0.008923s ]
SQL: SELECT `name`,`value`,`cate`,`type` FROM `wm_config`  [ RunTime:0.000000s ]
NOTIC: [8] Undefined index: opentime C:\wamp\www\web\Lib\Action\CommonAction.class.php Á¨¨ 42 Ë°å.
NOTIC: [8] Undefined offset: 1 C:\wamp\www\web\Lib\Action\CommonAction.class.php Á¨¨ 45 Ë°å.
NOTIC: [8] Array to string conversion C:\wamp\www\inc\Common\common.php Á¨¨ 558 Ë°å.
SQL: SHOW COLUMNS FROM `wm_pages` [ RunTime:0.008923s ]
SQL: SELECT * FROM `wm_pages` LIMIT 4   [ RunTime:0.000000s ]
SQL: SHOW COLUMNS FROM `wm_article_cat` [ RunTime:0.009816s ]
SQL: SELECT * FROM `wm_article_cat`  [ RunTime:0.009815s ]
SQL: SHOW COLUMNS FROM `wm_article` [ RunTime:0.009815s ]
SQL: SELECT * FROM `wm_article` WHERE ( acid=15 ) ORDER BY aid desc LIMIT 3   [ RunTime:0.009815s ]
DEBUG: Cart Class Initialized
INFO: [ view_parse ] --START--
INFO: ParseTemplate Behavior ::run [ RunTime:0.058890s ]
INFO: [ view_parse ] --END-- [ RunTime:0.058890s ]
INFO: [ view_filter ] --START--
INFO: ContentReplace Behavior ::run [ RunTime:0.009816s ]
INFO: TokenBuild Behavior ::run [ RunTime:0.000000s ]
INFO: WriteHtmlCache Behavior ::run [ RunTime:0.009815s ]
INFO: ShowRuntime Behavior ::run [ RunTime:0.000000s ]
INFO: [ view_filter ] --END-- [ RunTime:0.019631s ]
INFO: [ view_end ] --START--
INFO: ShowPageTrace Behavior ::run [ RunTime:0.000000s ]
INFO: [ view_end ] --END-- [ RunTime:0.009815s ]

[ 2014-08-02T09:44:38+08:00 ] 127.0.0.1 /shop/farealist/id/1
DEBUG: Cart Class Initialized

[ 2014-08-02T09:44:40+08:00 ] 127.0.0.1 /index.php?m=Shop&a=test
INFO: [ app_begin ] --START--
INFO: ReadHtmlCache Behavior ::run [ RunTime:0.032390s ]
INFO: [ app_begin ] --END-- [ RunTime:0.032390s ]
SQL: SHOW COLUMNS FROM `wm_foodcat` [ RunTime:0.010796s ]
SQL: SELECT * FROM `wm_foodcat`  [ RunTime:0.000000s ]
SQL: SHOW COLUMNS FROM `wm_area` [ RunTime:0.000000s ]
SQL: SELECT * FROM `wm_area`  [ RunTime:0.010796s ]
DEBUG: Cart Class Initialized
SQL: SHOW COLUMNS FROM `wm_config` [ RunTime:0.010797s ]
SQL: SELECT `name`,`value`,`cate`,`type` FROM `wm_config`  [ RunTime:0.000000s ]
NOTIC: [8] Undefined index: opentime C:\wamp\www\web\Lib\Action\CommonAction.class.php Á¨¨ 42 Ë°å.
NOTIC: [8] Undefined offset: 1 C:\wamp\www\web\Lib\Action\CommonAction.class.php Á¨¨ 45 Ë°å.
NOTIC: [8] Array to string conversion C:\wamp\www\inc\Common\common.php Á¨¨ 558 Ë°å.
SQL: SHOW COLUMNS FROM `wm_pages` [ RunTime:0.010797s ]
SQL: SELECT * FROM `wm_pages` LIMIT 4   [ RunTime:0.000000s ]
SQL: SHOW COLUMNS FROM `wm_article_cat` [ RunTime:0.000000s ]
SQL: SELECT * FROM `wm_article_cat`  [ RunTime:0.010797s ]
SQL: SHOW COLUMNS FROM `wm_article` [ RunTime:0.021593s ]
SQL: SELECT * FROM `wm_article` WHERE ( acid=15 ) ORDER BY aid desc LIMIT 3   [ RunTime:0.000000s ]
SQL: SHOW COLUMNS FROM `wm_shop` [ RunTime:0.032390s ]
SQL: SELECT * FROM `wm_shop` WHERE ( `scid` = 0 ) AND ( sarea='1' )  [ RunTime:0.000000s ]
INFO: [ view_parse ] --START--
INFO: ParseTemplate Behavior ::run [ RunTime:0.053983s ]
INFO: [ view_parse ] --END-- [ RunTime:0.053983s ]
INFO: [ view_filter ] --START--
INFO: ContentReplace Behavior ::run [ RunTime:0.010797s ]
INFO: TokenBuild Behavior ::run [ RunTime:0.010796s ]
INFO: WriteHtmlCache Behavior ::run [ RunTime:0.000000s ]
INFO: ShowRuntime Behavior ::run [ RunTime:0.021594s ]
INFO: [ view_filter ] --END-- [ RunTime:0.043187s ]
INFO: [ view_end ] --START--
INFO: ShowPageTrace Behavior ::run [ RunTime:0.000000s ]
INFO: [ view_end ] --END-- [ RunTime:0.000000s ]

[ 2014-08-02T09:45:05+08:00 ] 127.0.0.1 /shop/farealist/id/1
DEBUG: Cart Class Initialized

[ 2014-08-02T09:45:07+08:00 ] 127.0.0.1 /index.php?m=Shop&a=test
INFO: [ app_begin ] --START--
INFO: ReadHtmlCache Behavior ::run [ RunTime:0.000000s ]
INFO: [ app_begin ] --END-- [ RunTime:0.032066s ]
SQL: SHOW COLUMNS FROM `wm_foodcat` [ RunTime:0.096197s ]
SQL: SELECT * FROM `wm_foodcat`  [ RunTime:0.000000s ]
SQL: SHOW COLUMNS FROM `wm_area` [ RunTime:0.042754s ]
SQL: SELECT * FROM `wm_area`  [ RunTime:0.010689s ]
DEBUG: Cart Class Initialized
SQL: SHOW COLUMNS FROM `wm_config` [ RunTime:0.032066s ]
SQL: SELECT `name`,`value`,`cate`,`type` FROM `wm_config`  [ RunTime:0.010688s ]
NOTIC: [8] Undefined index: opentime C:\wamp\www\web\Lib\Action\CommonAction.class.php Á¨¨ 42 Ë°å.
NOTIC: [8] Undefined offset: 1 C:\wamp\www\web\Lib\Action\CommonAction.class.php Á¨¨ 45 Ë°å.
NOTIC: [8] Array to string conversion C:\wamp\www\inc\Common\common.php Á¨¨ 558 Ë°å.
SQL: SHOW COLUMNS FROM `wm_pages` [ RunTime:0.010689s ]
SQL: SELECT * FROM `wm_pages` LIMIT 4   [ RunTime:0.000000s ]
SQL: SHOW COLUMNS FROM `wm_article_cat` [ RunTime:0.000000s ]
SQL: SELECT * FROM `wm_article_cat`  [ RunTime:0.000000s ]
SQL: SHOW COLUMNS FROM `wm_article` [ RunTime:0.010688s ]
SQL: SELECT * FROM `wm_article` WHERE ( acid=15 ) ORDER BY aid desc LIMIT 3   [ RunTime:0.000000s ]
SQL: SHOW COLUMNS FROM `wm_shop` [ RunTime:0.000000s ]
SQL: SELECT * FROM `wm_shop` WHERE ( `scid` = 0 ) AND ( sarea='1' )  [ RunTime:0.000000s ]
INFO: [ view_parse ] --START--
INFO: ParseTemplate Behavior ::run [ RunTime:0.064131s ]
INFO: [ view_parse ] --END-- [ RunTime:0.064131s ]
INFO: [ view_filter ] --START--
INFO: ContentReplace Behavior ::run [ RunTime:0.000000s ]
INFO: TokenBuild Behavior ::run [ RunTime:0.000000s ]
INFO: WriteHtmlCache Behavior ::run [ RunTime:0.000000s ]
INFO: ShowRuntime Behavior ::run [ RunTime:0.000000s ]
INFO: [ view_filter ] --END-- [ RunTime:0.010689s ]
INFO: [ view_end ] --START--
INFO: ShowPageTrace Behavior ::run [ RunTime:0.010688s ]
INFO: [ view_end ] --END-- [ RunTime:0.010688s ]

[ 2014-08-02T09:45:09+08:00 ] 127.0.0.1 /shop/uc/id/15.html
DEBUG: Cart Class Initialized

[ 2014-08-02T09:45:10+08:00 ] 127.0.0.1 /index.php/Cart/cart
NOTIC: [2] stripslashes() expects exactly 1 parameter, 2 given C:\wamp\www\inc\Lib\Core\App.class.php Á¨¨ 57 Ë°å.
NOTIC: [2] stripslashes() expects exactly 1 parameter, 2 given C:\wamp\www\inc\Lib\Core\App.class.php Á¨¨ 57 Ë°å.
INFO: [ app_begin ] --START--
INFO: ReadHtmlCache Behavior ::run [ RunTime:0.000000s ]
INFO: [ app_begin ] --END-- [ RunTime:0.000000s ]
SQL: SHOW COLUMNS FROM `wm_foodcat` [ RunTime:0.009620s ]
SQL: SELECT * FROM `wm_foodcat`  [ RunTime:0.000000s ]
SQL: SHOW COLUMNS FROM `wm_area` [ RunTime:0.000000s ]
SQL: SELECT * FROM `wm_area`  [ RunTime:0.000000s ]
DEBUG: Cart Class Initialized
SQL: SHOW COLUMNS FROM `wm_config` [ RunTime:0.009620s ]
SQL: SELECT `name`,`value`,`cate`,`type` FROM `wm_config`  [ RunTime:0.000000s ]
NOTIC: [8] Undefined index: opentime C:\wamp\www\web\Lib\Action\CommonAction.class.php Á¨¨ 42 Ë°å.
NOTIC: [8] Undefined offset: 1 C:\wamp\www\web\Lib\Action\CommonAction.class.php Á¨¨ 45 Ë°å.
NOTIC: [8] Array to string conversion C:\wamp\www\inc\Common\common.php Á¨¨ 558 Ë°å.
SQL: SHOW COLUMNS FROM `wm_pages` [ RunTime:0.009619s ]
SQL: SELECT * FROM `wm_pages` LIMIT 4   [ RunTime:0.000000s ]
SQL: SHOW COLUMNS FROM `wm_article_cat` [ RunTime:0.009620s ]
SQL: SELECT * FROM `wm_article_cat`  [ RunTime:0.000000s ]
SQL: SHOW COLUMNS FROM `wm_article` [ RunTime:0.000000s ]
SQL: SELECT * FROM `wm_article` WHERE ( acid=15 ) ORDER BY aid desc LIMIT 3   [ RunTime:0.009620s ]
DEBUG: Cart Class Initialized
INFO: [ view_parse ] --START--
INFO: ParseTemplate Behavior ::run [ RunTime:0.057719s ]
INFO: [ view_parse ] --END-- [ RunTime:0.057719s ]
INFO: [ view_filter ] --START--
INFO: ContentReplace Behavior ::run [ RunTime:0.000000s ]
INFO: TokenBuild Behavior ::run [ RunTime:0.009619s ]
INFO: WriteHtmlCache Behavior ::run [ RunTime:0.000000s ]
INFO: ShowRuntime Behavior ::run [ RunTime:0.009620s ]
INFO: [ view_filter ] --END-- [ RunTime:0.019239s ]
INFO: [ view_end ] --START--
INFO: ShowPageTrace Behavior ::run [ RunTime:0.000000s ]
INFO: [ view_end ] --END-- [ RunTime:0.000000s ]

[ 2014-08-02T09:45:15+08:00 ] 127.0.0.1 /shop/uc/id/14.html
DEBUG: Cart Class Initialized

[ 2014-08-02T09:45:16+08:00 ] 127.0.0.1 /index.php/Cart/cart
NOTIC: [2] stripslashes() expects exactly 1 parameter, 2 given C:\wamp\www\inc\Lib\Core\App.class.php Á¨¨ 57 Ë°å.
NOTIC: [2] stripslashes() expects exactly 1 parameter, 2 given C:\wamp\www\inc\Lib\Core\App.class.php Á¨¨ 57 Ë°å.
INFO: [ app_begin ] --START--
INFO: ReadHtmlCache Behavior ::run [ RunTime:0.000000s ]
INFO: [ app_begin ] --END-- [ RunTime:0.000000s ]
SQL: SHOW COLUMNS FROM `wm_foodcat` [ RunTime:0.028860s ]
SQL: SELECT * FROM `wm_foodcat`  [ RunTime:0.009619s ]
SQL: SHOW COLUMNS FROM `wm_area` [ RunTime:0.048099s ]
SQL: SELECT * FROM `wm_area`  [ RunTime:0.000000s ]
DEBUG: Cart Class Initialized
SQL: SHOW COLUMNS FROM `wm_config` [ RunTime:0.009620s ]
SQL: SELECT `name`,`value`,`cate`,`type` FROM `wm_config`  [ RunTime:0.009620s ]
NOTIC: [8] Undefined index: opentime C:\wamp\www\web\Lib\Action\CommonAction.class.php Á¨¨ 42 Ë°å.
NOTIC: [8] Undefined offset: 1 C:\wamp\www\web\Lib\Action\CommonAction.class.php Á¨¨ 45 Ë°å.
NOTIC: [8] Array to string conversion C:\wamp\www\inc\Common\common.php Á¨¨ 558 Ë°å.
SQL: SHOW COLUMNS FROM `wm_pages` [ RunTime:0.019239s ]
SQL: SELECT * FROM `wm_pages` LIMIT 4   [ RunTime:0.000000s ]
SQL: SHOW COLUMNS FROM `wm_article_cat` [ RunTime:0.009620s ]
SQL: SELECT * FROM `wm_article_cat`  [ RunTime:0.000000s ]
SQL: SHOW COLUMNS FROM `wm_article` [ RunTime:0.019239s ]
SQL: SELECT * FROM `wm_article` WHERE ( acid=15 ) ORDER BY aid desc LIMIT 3   [ RunTime:0.009620s ]
DEBUG: Cart Class Initialized
INFO: [ view_parse ] --START--
INFO: ParseTemplate Behavior ::run [ RunTime:0.086578s ]
INFO: [ view_parse ] --END-- [ RunTime:0.086578s ]
INFO: [ view_filter ] --START--
INFO: ContentReplace Behavior ::run [ RunTime:0.009620s ]
INFO: TokenBuild Behavior ::run [ RunTime:0.000000s ]
INFO: WriteHtmlCache Behavior ::run [ RunTime:0.009620s ]
INFO: ShowRuntime Behavior ::run [ RunTime:0.000000s ]
INFO: [ view_filter ] --END-- [ RunTime:0.019240s ]
INFO: [ view_end ] --START--
INFO: ShowPageTrace Behavior ::run [ RunTime:0.000000s ]
INFO: [ view_end ] --END-- [ RunTime:0.009620s ]

[ 2014-08-02T09:45:30+08:00 ] 127.0.0.1 /shop/farealist/id/1
DEBUG: Cart Class Initialized

[ 2014-08-02T09:45:31+08:00 ] 127.0.0.1 /index.php?m=Shop&a=test
INFO: [ app_begin ] --START--
INFO: ReadHtmlCache Behavior ::run [ RunTime:0.000000s ]
INFO: [ app_begin ] --END-- [ RunTime:0.023376s ]
SQL: SHOW COLUMNS FROM `wm_foodcat` [ RunTime:0.023376s ]
SQL: SELECT * FROM `wm_foodcat`  [ RunTime:0.000000s ]
SQL: SHOW COLUMNS FROM `wm_area` [ RunTime:0.054546s ]
SQL: SELECT * FROM `wm_area`  [ RunTime:0.000000s ]
DEBUG: Cart Class Initialized
SQL: SHOW COLUMNS FROM `wm_config` [ RunTime:0.054545s ]
SQL: SELECT `name`,`value`,`cate`,`type` FROM `wm_config`  [ RunTime:0.000000s ]
NOTIC: [8] Undefined index: opentime C:\wamp\www\web\Lib\Action\CommonAction.class.php Á¨¨ 42 Ë°å.
NOTIC: [8] Undefined offset: 1 C:\wamp\www\web\Lib\Action\CommonAction.class.php Á¨¨ 45 Ë°å.
NOTIC: [8] Array to string conversion C:\wamp\www\inc\Common\common.php Á¨¨ 558 Ë°å.
SQL: SHOW COLUMNS FROM `wm_pages` [ RunTime:0.007792s ]
SQL: SELECT * FROM `wm_pages` LIMIT 4   [ RunTime:0.000000s ]
SQL: SHOW COLUMNS FROM `wm_article_cat` [ RunTime:0.007792s ]
SQL: SELECT * FROM `wm_article_cat`  [ RunTime:0.000000s ]
SQL: SHOW COLUMNS FROM `wm_article` [ RunTime:0.007792s ]
SQL: SELECT * FROM `wm_article` WHERE ( acid=15 ) ORDER BY aid desc LIMIT 3   [ RunTime:0.000000s ]
SQL: SHOW COLUMNS FROM `wm_shop` [ RunTime:0.000000s ]
SQL: SELECT * FROM `wm_shop` WHERE ( `scid` = 0 ) AND ( sarea='1' )  [ RunTime:0.000000s ]
INFO: [ view_parse ] --START--
INFO: ParseTemplate Behavior ::run [ RunTime:0.038961s ]
INFO: [ view_parse ] --END-- [ RunTime:0.046753s ]
INFO: [ view_filter ] --START--
INFO: ContentReplace Behavior ::run [ RunTime:0.007793s ]
INFO: TokenBuild Behavior ::run [ RunTime:0.000000s ]
INFO: WriteHtmlCache Behavior ::run [ RunTime:0.000000s ]
INFO: ShowRuntime Behavior ::run [ RunTime:0.007792s ]
INFO: [ view_filter ] --END-- [ RunTime:0.015585s ]
INFO: [ view_end ] --START--
INFO: ShowPageTrace Behavior ::run [ RunTime:0.000000s ]
INFO: [ view_end ] --END-- [ RunTime:0.000000s ]

[ 2014-08-02T09:52:40+08:00 ] 127.0.0.1 /shop/farealist/id/1
DEBUG: Cart Class Initialized

[ 2014-08-02T09:52:42+08:00 ] 127.0.0.1 /index.php?m=Shop&a=test
INFO: [ app_begin ] --START--
INFO: ReadHtmlCache Behavior ::run [ RunTime:0.048670s ]
INFO: [ app_begin ] --END-- [ RunTime:0.048670s ]
SQL: SHOW COLUMNS FROM `wm_foodcat` [ RunTime:0.060838s ]
SQL: SELECT * FROM `wm_foodcat`  [ RunTime:0.000000s ]
SQL: SHOW COLUMNS FROM `wm_area` [ RunTime:0.012167s ]
SQL: SELECT * FROM `wm_area`  [ RunTime:0.012168s ]
DEBUG: Cart Class Initialized
SQL: SHOW COLUMNS FROM `wm_config` [ RunTime:0.012167s ]
SQL: SELECT `name`,`value`,`cate`,`type` FROM `wm_config`  [ RunTime:0.000000s ]
NOTIC: [8] Undefined index: opentime C:\wamp\www\web\Lib\Action\CommonAction.class.php Á¨¨ 42 Ë°å.
NOTIC: [8] Undefined offset: 1 C:\wamp\www\web\Lib\Action\CommonAction.class.php Á¨¨ 45 Ë°å.
NOTIC: [8] Array to string conversion C:\wamp\www\inc\Common\common.php Á¨¨ 558 Ë°å.
SQL: SHOW COLUMNS FROM `wm_pages` [ RunTime:0.036503s ]
SQL: SELECT * FROM `wm_pages` LIMIT 4   [ RunTime:0.000000s ]
SQL: SHOW COLUMNS FROM `wm_article_cat` [ RunTime:0.012168s ]
SQL: SELECT * FROM `wm_article_cat`  [ RunTime:0.012167s ]
SQL: SHOW COLUMNS FROM `wm_article` [ RunTime:0.000000s ]
SQL: SELECT * FROM `wm_article` WHERE ( acid=15 ) ORDER BY aid desc LIMIT 3   [ RunTime:0.000000s ]
SQL: SHOW COLUMNS FROM `wm_shop` [ RunTime:0.012167s ]
SQL: SELECT * FROM `wm_shop` WHERE ( `scid` = 0 ) AND ( sarea='1' )  [ RunTime:0.000000s ]
INFO: [ view_parse ] --START--
INFO: ParseTemplate Behavior ::run [ RunTime:0.073006s ]
INFO: [ view_parse ] --END-- [ RunTime:0.073006s ]
INFO: [ view_filter ] --START--
INFO: ContentReplace Behavior ::run [ RunTime:0.012167s ]
INFO: TokenBuild Behavior ::run [ RunTime:0.000000s ]
INFO: WriteHtmlCache Behavior ::run [ RunTime:0.000000s ]
INFO: ShowRuntime Behavior ::run [ RunTime:0.012168s ]
INFO: [ view_filter ] --END-- [ RunTime:0.024335s ]
INFO: [ view_end ] --START--
INFO: ShowPageTrace Behavior ::run [ RunTime:0.000000s ]
INFO: [ view_end ] --END-- [ RunTime:0.000000s ]

[ 2014-08-02T09:52:49+08:00 ] 127.0.0.1 /shop/uc/id/16.html
DEBUG: Cart Class Initialized

[ 2014-08-02T09:52:51+08:00 ] 127.0.0.1 /index.php/Cart/cart
NOTIC: [2] stripslashes() expects exactly 1 parameter, 2 given C:\wamp\www\inc\Lib\Core\App.class.php Á¨¨ 57 Ë°å.
NOTIC: [2] stripslashes() expects exactly 1 parameter, 2 given C:\wamp\www\inc\Lib\Core\App.class.php Á¨¨ 57 Ë°å.
INFO: [ app_begin ] --START--
INFO: ReadHtmlCache Behavior ::run [ RunTime:0.000000s ]
INFO: [ app_begin ] --END-- [ RunTime:0.000000s ]
SQL: SHOW COLUMNS FROM `wm_foodcat` [ RunTime:0.021902s ]
SQL: SELECT * FROM `wm_foodcat`  [ RunTime:0.000000s ]
SQL: SHOW COLUMNS FROM `wm_area` [ RunTime:0.010951s ]
SQL: SELECT * FROM `wm_area`  [ RunTime:0.000000s ]
DEBUG: Cart Class Initialized
SQL: SHOW COLUMNS FROM `wm_config` [ RunTime:0.010951s ]
SQL: SELECT `name`,`value`,`cate`,`type` FROM `wm_config`  [ RunTime:0.010951s ]
NOTIC: [8] Undefined index: opentime C:\wamp\www\web\Lib\Action\CommonAction.class.php Á¨¨ 42 Ë°å.
NOTIC: [8] Undefined offset: 1 C:\wamp\www\web\Lib\Action\CommonAction.class.php Á¨¨ 45 Ë°å.
NOTIC: [8] Array to string conversion C:\wamp\www\inc\Common\common.php Á¨¨ 558 Ë°å.
SQL: SHOW COLUMNS FROM `wm_pages` [ RunTime:0.043803s ]
SQL: SELECT * FROM `wm_pages` LIMIT 4   [ RunTime:0.000000s ]
SQL: SHOW COLUMNS FROM `wm_article_cat` [ RunTime:0.054755s ]
SQL: SELECT * FROM `wm_article_cat`  [ RunTime:0.000000s ]
SQL: SHOW COLUMNS FROM `wm_article` [ RunTime:0.010951s ]
SQL: SELECT * FROM `wm_article` WHERE ( acid=15 ) ORDER BY aid desc LIMIT 3   [ RunTime:0.000000s ]
DEBUG: Cart Class Initialized
INFO: [ view_parse ] --START--
INFO: ParseTemplate Behavior ::run [ RunTime:0.065706s ]
INFO: [ view_parse ] --END-- [ RunTime:0.065706s ]
INFO: [ view_filter ] --START--
INFO: ContentReplace Behavior ::run [ RunTime:0.000000s ]
INFO: TokenBuild Behavior ::run [ RunTime:0.010951s ]
INFO: WriteHtmlCache Behavior ::run [ RunTime:0.000000s ]
INFO: ShowRuntime Behavior ::run [ RunTime:0.010950s ]
INFO: [ view_filter ] --END-- [ RunTime:0.021901s ]
INFO: [ view_end ] --START--
INFO: ShowPageTrace Behavior ::run [ RunTime:0.000000s ]
INFO: [ view_end ] --END-- [ RunTime:0.000000s ]

[ 2014-08-02T09:53:02+08:00 ] 127.0.0.1 /shop/uc/id/10.html
DEBUG: Cart Class Initialized

[ 2014-08-02T09:53:03+08:00 ] 127.0.0.1 /index.php/Cart/cart
NOTIC: [2] stripslashes() expects exactly 1 parameter, 2 given C:\wamp\www\inc\Lib\Core\App.class.php Á¨¨ 57 Ë°å.
NOTIC: [2] stripslashes() expects exactly 1 parameter, 2 given C:\wamp\www\inc\Lib\Core\App.class.php Á¨¨ 57 Ë°å.
INFO: [ app_begin ] --START--
INFO: ReadHtmlCache Behavior ::run [ RunTime:0.000000s ]
INFO: [ app_begin ] --END-- [ RunTime:0.000000s ]
SQL: SHOW COLUMNS FROM `wm_foodcat` [ RunTime:0.019712s ]
SQL: SELECT * FROM `wm_foodcat`  [ RunTime:0.000000s ]
SQL: SHOW COLUMNS FROM `wm_area` [ RunTime:0.068991s ]
SQL: SELECT * FROM `wm_area`  [ RunTime:0.000000s ]
DEBUG: Cart Class Initialized
SQL: SHOW COLUMNS FROM `wm_config` [ RunTime:0.009856s ]
SQL: SELECT `name`,`value`,`cate`,`type` FROM `wm_config`  [ RunTime:0.009856s ]
NOTIC: [8] Undefined index: opentime C:\wamp\www\web\Lib\Action\CommonAction.class.php Á¨¨ 42 Ë°å.
NOTIC: [8] Undefined offset: 1 C:\wamp\www\web\Lib\Action\CommonAction.class.php Á¨¨ 45 Ë°å.
NOTIC: [8] Array to string conversion C:\wamp\www\inc\Common\common.php Á¨¨ 558 Ë°å.
SQL: SHOW COLUMNS FROM `wm_pages` [ RunTime:0.009855s ]
SQL: SELECT * FROM `wm_pages` LIMIT 4   [ RunTime:0.009856s ]
SQL: SHOW COLUMNS FROM `wm_article_cat` [ RunTime:0.009856s ]
SQL: SELECT * FROM `wm_article_cat`  [ RunTime:0.000000s ]
SQL: SHOW COLUMNS FROM `wm_article` [ RunTime:0.009856s ]
SQL: SELECT * FROM `wm_article` WHERE ( acid=15 ) ORDER BY aid desc LIMIT 3   [ RunTime:0.000000s ]
DEBUG: Cart Class Initialized
INFO: [ view_parse ] --START--
INFO: ParseTemplate Behavior ::run [ RunTime:0.059135s ]
INFO: [ view_parse ] --END-- [ RunTime:0.059135s ]
INFO: [ view_filter ] --START--
INFO: ContentReplace Behavior ::run [ RunTime:0.009856s ]
INFO: TokenBuild Behavior ::run [ RunTime:0.000000s ]
INFO: WriteHtmlCache Behavior ::run [ RunTime:0.000000s ]
INFO: ShowRuntime Behavior ::run [ RunTime:0.009856s ]
INFO: [ view_filter ] --END-- [ RunTime:0.019712s ]
INFO: [ view_end ] --START--
INFO: ShowPageTrace Behavior ::run [ RunTime:0.000000s ]
INFO: [ view_end ] --END-- [ RunTime:0.000000s ]

[ 2014-08-02T09:56:50+08:00 ] 127.0.0.1 /
DEBUG: Cart Class Initialized

[ 2014-08-02T09:56:53+08:00 ] 127.0.0.1 /shop/farealist/id/1
DEBUG: Cart Class Initialized

[ 2014-08-02T09:56:54+08:00 ] 127.0.0.1 /index.php?m=Shop&a=test
INFO: [ app_begin ] --START--
INFO: ReadHtmlCache Behavior ::run [ RunTime:0.000000s ]
INFO: [ app_begin ] --END-- [ RunTime:0.000000s ]
SQL: SHOW COLUMNS FROM `wm_foodcat` [ RunTime:0.086221s ]
SQL: SELECT * FROM `wm_foodcat`  [ RunTime:0.000000s ]
SQL: SHOW COLUMNS FROM `wm_area` [ RunTime:0.014370s ]
SQL: SELECT * FROM `wm_area`  [ RunTime:0.014370s ]
DEBUG: Cart Class Initialized
SQL: SHOW COLUMNS FROM `wm_config` [ RunTime:0.043111s ]
SQL: SELECT `name`,`value`,`cate`,`type` FROM `wm_config`  [ RunTime:0.000000s ]
NOTIC: [8] Undefined index: opentime C:\wamp\www\web\Lib\Action\CommonAction.class.php Á¨¨ 42 Ë°å.
NOTIC: [8] Undefined offset: 1 C:\wamp\www\web\Lib\Action\CommonAction.class.php Á¨¨ 45 Ë°å.
NOTIC: [8] Array to string conversion C:\wamp\www\inc\Common\common.php Á¨¨ 558 Ë°å.
SQL: SHOW COLUMNS FROM `wm_pages` [ RunTime:0.014370s ]
SQL: SELECT * FROM `wm_pages` LIMIT 4   [ RunTime:0.000000s ]
SQL: SHOW COLUMNS FROM `wm_article_cat` [ RunTime:0.035926s ]
SQL: SELECT * FROM `wm_article_cat`  [ RunTime:0.000000s ]
SQL: SHOW COLUMNS FROM `wm_article` [ RunTime:0.006467s ]
SQL: SELECT * FROM `wm_article` WHERE ( acid=15 ) ORDER BY aid desc LIMIT 3   [ RunTime:0.006467s ]
SQL: SHOW COLUMNS FROM `wm_shop` [ RunTime:0.000000s ]
SQL: SELECT * FROM `wm_shop` WHERE ( `scid` = 0 ) AND ( sarea='1' )  [ RunTime:0.000000s ]
INFO: [ view_parse ] --START--
INFO: ParseTemplate Behavior ::run [ RunTime:0.038800s ]
INFO: [ view_parse ] --END-- [ RunTime:0.038800s ]
INFO: [ view_filter ] --START--
INFO: ContentReplace Behavior ::run [ RunTime:0.006467s ]
INFO: TokenBuild Behavior ::run [ RunTime:0.000000s ]
INFO: WriteHtmlCache Behavior ::run [ RunTime:0.000000s ]
INFO: ShowRuntime Behavior ::run [ RunTime:0.000000s ]
INFO: [ view_filter ] --END-- [ RunTime:0.012933s ]
INFO: [ view_end ] --START--
INFO: ShowPageTrace Behavior ::run [ RunTime:0.000000s ]
INFO: [ view_end ] --END-- [ RunTime:0.000000s ]

[ 2014-08-02T10:11:37+08:00 ] 127.0.0.1 /
DEBUG: Cart Class Initialized

[ 2014-08-02T10:12:13+08:00 ] 127.0.0.1 /
DEBUG: Cart Class Initialized

[ 2014-08-02T10:13:04+08:00 ] 127.0.0.1 /
DEBUG: Cart Class Initialized

[ 2014-08-02T10:13:32+08:00 ] 127.0.0.1 /
DEBUG: Cart Class Initialized

[ 2014-08-02T10:14:01+08:00 ] 127.0.0.1 /
DEBUG: Cart Class Initialized

[ 2014-08-02T10:14:59+08:00 ] 127.0.0.1 /
DEBUG: Cart Class Initialized

[ 2014-08-02T10:15:21+08:00 ] 127.0.0.1 /
DEBUG: Cart Class Initialized

[ 2014-08-02T10:15:50+08:00 ] 127.0.0.1 /
DEBUG: Cart Class Initialized

[ 2014-08-02T10:17:23+08:00 ] 127.0.0.1 /
DEBUG: Cart Class Initialized

[ 2014-08-02T10:17:28+08:00 ] 127.0.0.1 /shop/farealist/id/1
DEBUG: Cart Class Initialized

[ 2014-08-02T10:17:30+08:00 ] 127.0.0.1 /index.php?m=Shop&a=test
INFO: [ app_begin ] --START--
INFO: ReadHtmlCache Behavior ::run [ RunTime:0.031298s ]
INFO: [ app_begin ] --END-- [ RunTime:0.031298s ]
SQL: SHOW COLUMNS FROM `wm_foodcat` [ RunTime:0.062596s ]
SQL: SELECT * FROM `wm_foodcat`  [ RunTime:0.000000s ]
SQL: SHOW COLUMNS FROM `wm_area` [ RunTime:0.000000s ]
SQL: SELECT * FROM `wm_area`  [ RunTime:0.000000s ]
DEBUG: Cart Class Initialized
SQL: SHOW COLUMNS FROM `wm_config` [ RunTime:0.000000s ]
SQL: SELECT `name`,`value`,`cate`,`type` FROM `wm_config`  [ RunTime:0.000000s ]
NOTIC: [8] Undefined index: opentime C:\wamp\www\web\Lib\Action\CommonAction.class.php Á¨¨ 42 Ë°å.
NOTIC: [8] Undefined offset: 1 C:\wamp\www\web\Lib\Action\CommonAction.class.php Á¨¨ 45 Ë°å.
NOTIC: [8] Array to string conversion C:\wamp\www\inc\Common\common.php Á¨¨ 558 Ë°å.
SQL: SHOW COLUMNS FROM `wm_pages` [ RunTime:0.000000s ]
SQL: SELECT * FROM `wm_pages` LIMIT 4   [ RunTime:0.000000s ]
SQL: SHOW COLUMNS FROM `wm_article_cat` [ RunTime:0.007825s ]
SQL: SELECT * FROM `wm_article_cat`  [ RunTime:0.007824s ]
SQL: SHOW COLUMNS FROM `wm_article` [ RunTime:0.023474s ]
SQL: SELECT * FROM `wm_article` WHERE ( acid=15 ) ORDER BY aid desc LIMIT 3   [ RunTime:0.000000s ]
SQL: SHOW COLUMNS FROM `wm_shop` [ RunTime:0.007825s ]
SQL: SELECT * FROM `wm_shop` WHERE ( `scid` = 0 ) AND ( sarea='1' )  [ RunTime:0.007824s ]
INFO: [ view_parse ] --START--
INFO: ParseTemplate Behavior ::run [ RunTime:0.039123s ]
INFO: [ view_parse ] --END-- [ RunTime:0.039123s ]
INFO: [ view_filter ] --START--
INFO: ContentReplace Behavior ::run [ RunTime:0.000000s ]
INFO: TokenBuild Behavior ::run [ RunTime:0.000000s ]
INFO: WriteHtmlCache Behavior ::run [ RunTime:0.000000s ]
INFO: ShowRuntime Behavior ::run [ RunTime:0.007825s ]
INFO: [ view_filter ] --END-- [ RunTime:0.015649s ]
INFO: [ view_end ] --START--
INFO: ShowPageTrace Behavior ::run [ RunTime:0.000000s ]
INFO: [ view_end ] --END-- [ RunTime:0.000000s ]

[ 2014-08-02T10:23:03+08:00 ] 127.0.0.1 /shop/farealist/id/1
DEBUG: Cart Class Initialized

[ 2014-08-02T10:23:05+08:00 ] 127.0.0.1 /index.php?m=Shop&a=test
INFO: [ app_begin ] --START--
INFO: ReadHtmlCache Behavior ::run [ RunTime:0.008871s ]
INFO: [ app_begin ] --END-- [ RunTime:0.008871s ]
SQL: SHOW COLUMNS FROM `wm_foodcat` [ RunTime:0.008870s ]
SQL: SELECT * FROM `wm_foodcat`  [ RunTime:0.000000s ]
SQL: SHOW COLUMNS FROM `wm_area` [ RunTime:0.000000s ]
SQL: SELECT * FROM `wm_area`  [ RunTime:0.000000s ]
DEBUG: Cart Class Initialized
SQL: SHOW COLUMNS FROM `wm_config` [ RunTime:0.026612s ]
SQL: SELECT `name`,`value`,`cate`,`type` FROM `wm_config`  [ RunTime:0.000000s ]
NOTIC: [8] Undefined index: opentime C:\wamp\www\web\Lib\Action\CommonAction.class.php Á¨¨ 42 Ë°å.
NOTIC: [8] Undefined offset: 1 C:\wamp\www\web\Lib\Action\CommonAction.class.php Á¨¨ 45 Ë°å.
NOTIC: [8] Array to string conversion C:\wamp\www\inc\Common\common.php Á¨¨ 558 Ë°å.
SQL: SHOW COLUMNS FROM `wm_pages` [ RunTime:0.008871s ]
SQL: SELECT * FROM `wm_pages` LIMIT 4   [ RunTime:0.000000s ]
SQL: SHOW COLUMNS FROM `wm_article_cat` [ RunTime:0.008870s ]
SQL: SELECT * FROM `wm_article_cat`  [ RunTime:0.000000s ]
SQL: SHOW COLUMNS FROM `wm_article` [ RunTime:0.008870s ]
SQL: SELECT * FROM `wm_article` WHERE ( acid=15 ) ORDER BY aid desc LIMIT 3   [ RunTime:0.000000s ]
SQL: SHOW COLUMNS FROM `wm_shop` [ RunTime:0.000000s ]
SQL: SELECT * FROM `wm_shop` WHERE ( `scid` = 0 ) AND ( sarea='1' )  [ RunTime:0.000000s ]
INFO: [ view_parse ] --START--
INFO: ParseTemplate Behavior ::run [ RunTime:0.062093s ]
INFO: [ view_parse ] --END-- [ RunTime:0.062093s ]
INFO: [ view_filter ] --START--
INFO: ContentReplace Behavior ::run [ RunTime:0.008870s ]
INFO: TokenBuild Behavior ::run [ RunTime:0.000000s ]
INFO: WriteHtmlCache Behavior ::run [ RunTime:0.000000s ]
INFO: ShowRuntime Behavior ::run [ RunTime:0.008870s ]
INFO: [ view_filter ] --END-- [ RunTime:0.017740s ]
INFO: [ view_end ] --START--
INFO: ShowPageTrace Behavior ::run [ RunTime:0.008871s ]
INFO: [ view_end ] --END-- [ RunTime:0.008871s ]

