[ 2014-07-28T10:01:42+08:00 ] 127.0.0.1 /admin.php
INFO: [ app_begin ] --START--
INFO: ReadHtmlCache Behavior ::run [ RunTime:0.009914s ]
INFO: [ app_begin ] --END-- [ RunTime:0.009914s ]
NOTIC: [8] Undefined index: admin_key C:\wamp\www\admin\Lib\Action\CommonAction.class.php 第 9 行.

[ 2014-07-28T10:01:42+08:00 ] 127.0.0.1 /admin.php?m=Public&a=login
INFO: [ app_begin ] --START--
INFO: ReadHtmlCache Behavior ::run [ RunTime:0.000000s ]
INFO: [ app_begin ] --END-- [ RunTime:0.000000s ]
INFO: [ view_parse ] --START--
INFO: ParseTemplate Behavior ::run [ RunTime:0.039657s ]
INFO: [ view_parse ] --END-- [ RunTime:0.039657s ]
INFO: [ view_filter ] --START--
INFO: ContentReplace Behavior ::run [ RunTime:0.000000s ]
INFO: TokenBuild Behavior ::run [ RunTime:0.000000s ]
INFO: WriteHtmlCache Behavior ::run [ RunTime:0.009915s ]
INFO: ShowRuntime Behavior ::run [ RunTime:0.000000s ]
INFO: [ view_filter ] --END-- [ RunTime:0.019829s ]
INFO: [ view_end ] --START--
INFO: ShowPageTrace Behavior ::run [ RunTime:0.009914s ]
INFO: [ view_end ] --END-- [ RunTime:0.009914s ]

[ 2014-07-28T10:01:45+08:00 ] 127.0.0.1 /admin.php?m=Public&a=dologin
NOTIC: [2] htmlspecialchars() expects parameter 2 to be long, string given C:\wamp\www\inc\Lib\Core\App.class.php 第 56 行.
NOTIC: [2] htmlspecialchars() expects parameter 2 to be long, string given C:\wamp\www\inc\Lib\Core\App.class.php 第 56 行.
NOTIC: [2] stripslashes() expects exactly 1 parameter, 2 given C:\wamp\www\inc\Lib\Core\App.class.php 第 56 行.
NOTIC: [2] stripslashes() expects exactly 1 parameter, 2 given C:\wamp\www\inc\Lib\Core\App.class.php 第 56 行.
INFO: [ app_begin ] --START--
INFO: ReadHtmlCache Behavior ::run [ RunTime:0.009914s ]
INFO: [ app_begin ] --END-- [ RunTime:0.009914s ]
SQL: SHOW COLUMNS FROM `wm_members` [ RunTime:0.009915s ]
NOTIC: [8] Undefined index: verify C:\wamp\www\admin\Lib\Action\PublicAction.class.php 第 45 行.
SQL: SELECT `uid`,`userpass`,`username`,`create_time`,`usergroup` FROM `wm_members` WHERE ( `username` = 'admin888' ) AND ( `userlevel` = 99 ) LIMIT 1   [ RunTime:0.009914s ]
NOTIC: [8] Undefined index: nickname C:\wamp\www\admin\Lib\Action\PublicAction.class.php 第 61 行.
NOTIC: [8] Undefined variable: uuid C:\wamp\www\admin\Lib\Action\PublicAction.class.php 第 70 行.
SQL: UPDATE `wm_members` SET `create_time`=1406512905,`last_login_time`=1406446098,`last_login_ip`='127.0.0.1' WHERE ( uid= ) [ RunTime:0.009914s ]
ERR: 1064:You have an error in your SQL syntax; check the manual that corresponds to your MySQL server version for the right syntax to use near ')' at line 1
 [ SQL语句 ] : UPDATE `wm_members` SET `create_time`=1406512905,`last_login_time`=1406446098,`last_login_ip`='127.0.0.1' WHERE ( uid= )
NOTIC: [8] Undefined variable: var C:\wamp\www\inc\Common\functions.php 第 247 行.
NOTIC: [2] array_reverse() expects parameter 1 to be array, null given C:\wamp\www\inc\Common\functions.php 第 247 行.
NOTIC: [2] http_build_query(): Parameter 1 expected to be Array or Object.  Incorrect value given C:\wamp\www\inc\Common\functions.php 第 247 行.

[ 2014-07-28T10:01:46+08:00 ] 127.0.0.1 /admin.php?&m=Config&a=index
INFO: [ app_begin ] --START--
INFO: ReadHtmlCache Behavior ::run [ RunTime:0.000000s ]
INFO: [ app_begin ] --END-- [ RunTime:0.009914s ]
SQL: SHOW COLUMNS FROM `wm_article_cat` [ RunTime:0.000000s ]
SQL: SELECT * FROM `wm_article_cat` ORDER BY acid desc LIMIT 4   [ RunTime:0.000000s ]
SQL: SHOW COLUMNS FROM `wm_pages` [ RunTime:0.009914s ]
SQL: SELECT * FROM `wm_pages` ORDER BY pagid desc LIMIT 7   [ RunTime:0.009914s ]
SQL: SHOW COLUMNS FROM `wm_config` [ RunTime:0.009915s ]
NOTIC: [8] Undefined index: id C:\wamp\www\admin\Lib\Action\ConfigAction.class.php 第 9 行.
SQL: SELECT * FROM `wm_config` WHERE ( cate=0 )  [ RunTime:0.009914s ]
INFO: [ view_parse ] --START--
INFO: ParseTemplate Behavior ::run [ RunTime:0.148714s ]
INFO: [ view_parse ] --END-- [ RunTime:0.148714s ]
INFO: [ view_filter ] --START--
INFO: ContentReplace Behavior ::run [ RunTime:0.000000s ]
INFO: TokenBuild Behavior ::run [ RunTime:0.000000s ]
INFO: WriteHtmlCache Behavior ::run [ RunTime:0.000000s ]
INFO: ShowRuntime Behavior ::run [ RunTime:0.000000s ]
INFO: [ view_filter ] --END-- [ RunTime:0.009914s ]
INFO: [ view_end ] --START--
INFO: ShowPageTrace Behavior ::run [ RunTime:0.000000s ]
INFO: [ view_end ] --END-- [ RunTime:0.009914s ]

[ 2014-07-28T10:01:49+08:00 ] 127.0.0.1 /admin.php?m=Shop&a=index
INFO: [ app_begin ] --START--
INFO: ReadHtmlCache Behavior ::run [ RunTime:0.008923s ]
INFO: [ app_begin ] --END-- [ RunTime:0.008923s ]
SQL: SHOW COLUMNS FROM `wm_article_cat` [ RunTime:0.000000s ]
SQL: SELECT * FROM `wm_article_cat` ORDER BY acid desc LIMIT 4   [ RunTime:0.000000s ]
SQL: SHOW COLUMNS FROM `wm_pages` [ RunTime:0.008923s ]
SQL: SELECT * FROM `wm_pages` ORDER BY pagid desc LIMIT 7   [ RunTime:0.000000s ]
SQL: SHOW COLUMNS FROM `wm_config` [ RunTime:0.008923s ]
SQL: SHOW COLUMNS FROM `wm_shop` [ RunTime:0.000000s ]
SQL: SELECT COUNT(*) AS tp_count FROM `wm_shop` LIMIT 1   [ RunTime:0.008923s ]
SQL: SELECT * FROM `wm_shop` ORDER BY sid desc LIMIT 0,10   [ RunTime:0.008923s ]
INFO: [ view_parse ] --START--
INFO: ParseTemplate Behavior ::run [ RunTime:0.115997s ]
INFO: [ view_parse ] --END-- [ RunTime:0.115997s ]
INFO: [ view_filter ] --START--
INFO: ContentReplace Behavior ::run [ RunTime:0.008923s ]
INFO: TokenBuild Behavior ::run [ RunTime:0.000000s ]
INFO: WriteHtmlCache Behavior ::run [ RunTime:0.000000s ]
INFO: ShowRuntime Behavior ::run [ RunTime:0.008923s ]
INFO: [ view_filter ] --END-- [ RunTime:0.017846s ]
INFO: [ view_end ] --START--
INFO: ShowPageTrace Behavior ::run [ RunTime:0.000000s ]
INFO: [ view_end ] --END-- [ RunTime:0.000000s ]

[ 2014-07-28T10:01:52+08:00 ] 127.0.0.1 /admin.php?m=Shop&a=add
INFO: [ app_begin ] --START--
INFO: ReadHtmlCache Behavior ::run [ RunTime:0.000000s ]
INFO: [ app_begin ] --END-- [ RunTime:0.000000s ]
SQL: SHOW COLUMNS FROM `wm_article_cat` [ RunTime:0.000000s ]
SQL: SELECT * FROM `wm_article_cat` ORDER BY acid desc LIMIT 4   [ RunTime:0.000000s ]
SQL: SHOW COLUMNS FROM `wm_pages` [ RunTime:0.008923s ]
SQL: SELECT * FROM `wm_pages` ORDER BY pagid desc LIMIT 7   [ RunTime:0.000000s ]
SQL: SHOW COLUMNS FROM `wm_config` [ RunTime:0.000000s ]
SQL: SHOW COLUMNS FROM `wm_foodcat` [ RunTime:0.000000s ]
SQL: SELECT * FROM `wm_foodcat`  [ RunTime:0.000000s ]
SQL: SHOW COLUMNS FROM `wm_area` [ RunTime:0.000000s ]
SQL: SELECT * FROM `wm_area`  [ RunTime:0.000000s ]
INFO: [ view_parse ] --START--
NOTIC: [8] Use of undefined constant value - assumed 'value' C:\wamp\www\admin\Runtime\Cache\32b72e0df69ccea1073ec681442513c5.php 第 185 行.
NOTIC: [8] Undefined index: value C:\wamp\www\admin\Runtime\Cache\32b72e0df69ccea1073ec681442513c5.php 第 185 行.
NOTIC: [8] Use of undefined constant value - assumed 'value' C:\wamp\www\admin\Runtime\Cache\32b72e0df69ccea1073ec681442513c5.php 第 216 行.
NOTIC: [8] Undefined index: value C:\wamp\www\admin\Runtime\Cache\32b72e0df69ccea1073ec681442513c5.php 第 216 行.
INFO: ParseTemplate Behavior ::run [ RunTime:0.124921s ]
INFO: [ view_parse ] --END-- [ RunTime:0.124921s ]
INFO: [ view_filter ] --START--
INFO: ContentReplace Behavior ::run [ RunTime:0.008923s ]
INFO: TokenBuild Behavior ::run [ RunTime:0.000000s ]
INFO: WriteHtmlCache Behavior ::run [ RunTime:0.000000s ]
INFO: ShowRuntime Behavior ::run [ RunTime:0.000000s ]
INFO: [ view_filter ] --END-- [ RunTime:0.017846s ]
INFO: [ view_end ] --START--
INFO: ShowPageTrace Behavior ::run [ RunTime:0.000000s ]
INFO: [ view_end ] --END-- [ RunTime:0.008923s ]

[ 2014-07-28T10:03:06+08:00 ] 127.0.0.1 /admin.php?m=Shop&a=addsave
NOTIC: [2] htmlspecialchars() expects parameter 2 to be long, string given C:\wamp\www\inc\Lib\Core\App.class.php 第 56 行.
NOTIC: [2] htmlspecialchars() expects parameter 2 to be long, string given C:\wamp\www\inc\Lib\Core\App.class.php 第 56 行.
NOTIC: [2] htmlspecialchars() expects parameter 2 to be long, string given C:\wamp\www\inc\Lib\Core\App.class.php 第 56 行.
NOTIC: [2] htmlspecialchars() expects parameter 2 to be long, string given C:\wamp\www\inc\Lib\Core\App.class.php 第 56 行.
NOTIC: [2] htmlspecialchars() expects parameter 2 to be long, string given C:\wamp\www\inc\Lib\Core\App.class.php 第 56 行.
NOTIC: [2] htmlspecialchars() expects parameter 2 to be long, string given C:\wamp\www\inc\Lib\Core\App.class.php 第 56 行.
NOTIC: [2] htmlspecialchars() expects parameter 2 to be long, string given C:\wamp\www\inc\Lib\Core\App.class.php 第 56 行.
NOTIC: [2] htmlspecialchars() expects parameter 2 to be long, string given C:\wamp\www\inc\Lib\Core\App.class.php 第 56 行.
NOTIC: [2] htmlspecialchars() expects parameter 2 to be long, string given C:\wamp\www\inc\Lib\Core\App.class.php 第 56 行.
NOTIC: [2] htmlspecialchars() expects parameter 2 to be long, string given C:\wamp\www\inc\Lib\Core\App.class.php 第 56 行.
NOTIC: [2] htmlspecialchars() expects parameter 2 to be long, string given C:\wamp\www\inc\Lib\Core\App.class.php 第 56 行.
NOTIC: [2] stripslashes() expects exactly 1 parameter, 2 given C:\wamp\www\inc\Lib\Core\App.class.php 第 56 行.
NOTIC: [2] stripslashes() expects exactly 1 parameter, 2 given C:\wamp\www\inc\Lib\Core\App.class.php 第 56 行.
NOTIC: [2] stripslashes() expects exactly 1 parameter, 2 given C:\wamp\www\inc\Lib\Core\App.class.php 第 56 行.
NOTIC: [2] stripslashes() expects exactly 1 parameter, 2 given C:\wamp\www\inc\Lib\Core\App.class.php 第 56 行.
NOTIC: [2] stripslashes() expects exactly 1 parameter, 2 given C:\wamp\www\inc\Lib\Core\App.class.php 第 56 行.
NOTIC: [2] stripslashes() expects exactly 1 parameter, 2 given C:\wamp\www\inc\Lib\Core\App.class.php 第 56 行.
NOTIC: [2] stripslashes() expects exactly 1 parameter, 2 given C:\wamp\www\inc\Lib\Core\App.class.php 第 56 行.
NOTIC: [2] stripslashes() expects exactly 1 parameter, 2 given C:\wamp\www\inc\Lib\Core\App.class.php 第 56 行.
NOTIC: [2] stripslashes() expects exactly 1 parameter, 2 given C:\wamp\www\inc\Lib\Core\App.class.php 第 56 行.
NOTIC: [2] stripslashes() expects exactly 1 parameter, 2 given C:\wamp\www\inc\Lib\Core\App.class.php 第 56 行.
NOTIC: [2] stripslashes() expects exactly 1 parameter, 2 given C:\wamp\www\inc\Lib\Core\App.class.php 第 56 行.
INFO: [ app_begin ] --START--
INFO: ReadHtmlCache Behavior ::run [ RunTime:0.010014s ]
INFO: [ app_begin ] --END-- [ RunTime:0.020029s ]
SQL: SHOW COLUMNS FROM `wm_article_cat` [ RunTime:0.010014s ]
SQL: SELECT * FROM `wm_article_cat` ORDER BY acid desc LIMIT 4   [ RunTime:0.000000s ]
SQL: SHOW COLUMNS FROM `wm_pages` [ RunTime:0.010015s ]
SQL: SELECT * FROM `wm_pages` ORDER BY pagid desc LIMIT 7   [ RunTime:0.010014s ]
SQL: SHOW COLUMNS FROM `wm_config` [ RunTime:0.010014s ]
SQL: SHOW COLUMNS FROM `wm_shop` [ RunTime:0.010015s ]
SQL: INSERT INTO `wm_shop` (`sname`,`scid`,`sarea`,`scontent`,`ssort`,`sprice`,`semail`,`sphone`,`opentime`,`closetime`,`sdizhi`,`spic`,`stime`) VALUES ('百步香鸡架饭',29,2,'暑假正常营业，欢迎新老客户光临',0,15,'1207491516@qq.com','13365393611',7,18,'罗二路北20米','/uploads/logo/20140728/53d5af59effb4.jpg',1406512986) [ RunTime:0.050072s ]
INFO: [ view_parse ] --START--
INFO: ParseTemplate Behavior ::run [ RunTime:0.070101s ]
INFO: [ view_parse ] --END-- [ RunTime:0.070101s ]
INFO: [ view_filter ] --START--
INFO: ContentReplace Behavior ::run [ RunTime:0.000000s ]
INFO: TokenBuild Behavior ::run [ RunTime:0.000000s ]
INFO: WriteHtmlCache Behavior ::run [ RunTime:0.010015s ]
INFO: ShowRuntime Behavior ::run [ RunTime:0.000000s ]
INFO: [ view_filter ] --END-- [ RunTime:0.010015s ]
INFO: [ view_end ] --START--
INFO: ShowPageTrace Behavior ::run [ RunTime:0.010014s ]
INFO: [ view_end ] --END-- [ RunTime:0.010014s ]

[ 2014-07-28T10:03:08+08:00 ] 127.0.0.1 /admin.php?m=Shop&a=add
INFO: [ app_begin ] --START--
INFO: ReadHtmlCache Behavior ::run [ RunTime:0.000000s ]
INFO: [ app_begin ] --END-- [ RunTime:0.000000s ]
SQL: SHOW COLUMNS FROM `wm_article_cat` [ RunTime:0.010014s ]
SQL: SELECT * FROM `wm_article_cat` ORDER BY acid desc LIMIT 4   [ RunTime:0.000000s ]
SQL: SHOW COLUMNS FROM `wm_pages` [ RunTime:0.010014s ]
SQL: SELECT * FROM `wm_pages` ORDER BY pagid desc LIMIT 7   [ RunTime:0.010014s ]
SQL: SHOW COLUMNS FROM `wm_config` [ RunTime:0.010015s ]
SQL: SHOW COLUMNS FROM `wm_foodcat` [ RunTime:0.010015s ]
SQL: SELECT * FROM `wm_foodcat`  [ RunTime:0.000000s ]
SQL: SHOW COLUMNS FROM `wm_area` [ RunTime:0.020029s ]
SQL: SELECT * FROM `wm_area`  [ RunTime:0.000000s ]
INFO: [ view_parse ] --START--
NOTIC: [8] Use of undefined constant value - assumed 'value' C:\wamp\www\admin\Runtime\Cache\32b72e0df69ccea1073ec681442513c5.php 第 185 行.
NOTIC: [8] Undefined index: value C:\wamp\www\admin\Runtime\Cache\32b72e0df69ccea1073ec681442513c5.php 第 185 行.
NOTIC: [8] Use of undefined constant value - assumed 'value' C:\wamp\www\admin\Runtime\Cache\32b72e0df69ccea1073ec681442513c5.php 第 216 行.
NOTIC: [8] Undefined index: value C:\wamp\www\admin\Runtime\Cache\32b72e0df69ccea1073ec681442513c5.php 第 216 行.
INFO: ParseTemplate Behavior ::run [ RunTime:0.168242s ]
INFO: [ view_parse ] --END-- [ RunTime:0.168242s ]
INFO: [ view_filter ] --START--
INFO: ContentReplace Behavior ::run [ RunTime:0.000000s ]
INFO: TokenBuild Behavior ::run [ RunTime:0.011016s ]
INFO: WriteHtmlCache Behavior ::run [ RunTime:0.000000s ]
INFO: ShowRuntime Behavior ::run [ RunTime:0.000000s ]
INFO: [ view_filter ] --END-- [ RunTime:0.011016s ]
INFO: [ view_end ] --START--
INFO: ShowPageTrace Behavior ::run [ RunTime:0.000000s ]
INFO: [ view_end ] --END-- [ RunTime:0.000000s ]

[ 2014-07-28T10:37:24+08:00 ] 127.0.0.1 /admin.php?m=Shop&a=addsave
NOTIC: [2] htmlspecialchars() expects parameter 2 to be long, string given C:\wamp\www\inc\Lib\Core\App.class.php 第 56 行.
NOTIC: [2] htmlspecialchars() expects parameter 2 to be long, string given C:\wamp\www\inc\Lib\Core\App.class.php 第 56 行.
NOTIC: [2] htmlspecialchars() expects parameter 2 to be long, string given C:\wamp\www\inc\Lib\Core\App.class.php 第 56 行.
NOTIC: [2] htmlspecialchars() expects parameter 2 to be long, string given C:\wamp\www\inc\Lib\Core\App.class.php 第 56 行.
NOTIC: [2] htmlspecialchars() expects parameter 2 to be long, string given C:\wamp\www\inc\Lib\Core\App.class.php 第 56 行.
NOTIC: [2] htmlspecialchars() expects parameter 2 to be long, string given C:\wamp\www\inc\Lib\Core\App.class.php 第 56 行.
NOTIC: [2] htmlspecialchars() expects parameter 2 to be long, string given C:\wamp\www\inc\Lib\Core\App.class.php 第 56 行.
NOTIC: [2] htmlspecialchars() expects parameter 2 to be long, string given C:\wamp\www\inc\Lib\Core\App.class.php 第 56 行.
NOTIC: [2] htmlspecialchars() expects parameter 2 to be long, string given C:\wamp\www\inc\Lib\Core\App.class.php 第 56 行.
NOTIC: [2] htmlspecialchars() expects parameter 2 to be long, string given C:\wamp\www\inc\Lib\Core\App.class.php 第 56 行.
NOTIC: [2] htmlspecialchars() expects parameter 2 to be long, string given C:\wamp\www\inc\Lib\Core\App.class.php 第 56 行.
NOTIC: [2] stripslashes() expects exactly 1 parameter, 2 given C:\wamp\www\inc\Lib\Core\App.class.php 第 56 行.
NOTIC: [2] stripslashes() expects exactly 1 parameter, 2 given C:\wamp\www\inc\Lib\Core\App.class.php 第 56 行.
NOTIC: [2] stripslashes() expects exactly 1 parameter, 2 given C:\wamp\www\inc\Lib\Core\App.class.php 第 56 行.
NOTIC: [2] stripslashes() expects exactly 1 parameter, 2 given C:\wamp\www\inc\Lib\Core\App.class.php 第 56 行.
NOTIC: [2] stripslashes() expects exactly 1 parameter, 2 given C:\wamp\www\inc\Lib\Core\App.class.php 第 56 行.
NOTIC: [2] stripslashes() expects exactly 1 parameter, 2 given C:\wamp\www\inc\Lib\Core\App.class.php 第 56 行.
NOTIC: [2] stripslashes() expects exactly 1 parameter, 2 given C:\wamp\www\inc\Lib\Core\App.class.php 第 56 行.
NOTIC: [2] stripslashes() expects exactly 1 parameter, 2 given C:\wamp\www\inc\Lib\Core\App.class.php 第 56 行.
NOTIC: [2] stripslashes() expects exactly 1 parameter, 2 given C:\wamp\www\inc\Lib\Core\App.class.php 第 56 行.
NOTIC: [2] stripslashes() expects exactly 1 parameter, 2 given C:\wamp\www\inc\Lib\Core\App.class.php 第 56 行.
NOTIC: [2] stripslashes() expects exactly 1 parameter, 2 given C:\wamp\www\inc\Lib\Core\App.class.php 第 56 行.
INFO: [ app_begin ] --START--
INFO: ReadHtmlCache Behavior ::run [ RunTime:0.010015s ]
INFO: [ app_begin ] --END-- [ RunTime:0.010015s ]
SQL: SHOW COLUMNS FROM `wm_article_cat` [ RunTime:0.020029s ]
SQL: SELECT * FROM `wm_article_cat` ORDER BY acid desc LIMIT 4   [ RunTime:0.010014s ]
SQL: SHOW COLUMNS FROM `wm_pages` [ RunTime:0.010014s ]
SQL: SELECT * FROM `wm_pages` ORDER BY pagid desc LIMIT 7   [ RunTime:0.000000s ]
SQL: SHOW COLUMNS FROM `wm_config` [ RunTime:0.010014s ]
SQL: SHOW COLUMNS FROM `wm_shop` [ RunTime:0.010014s ]
SQL: INSERT INTO `wm_shop` (`sname`,`scid`,`sarea`,`scontent`,`ssort`,`sprice`,`semail`,`sphone`,`opentime`,`closetime`,`sdizhi`,`spic`,`stime`) VALUES ('鸡蛋灌饼',29,2,'鸡蛋灌饼，营养美味，仅供早餐',0,5,'1207491516@qq.com','13365393611',5,9,'罗一路北20米','/uploads/logo/20140728/53d5b763eec54.jpg',1406515044) [ RunTime:0.020029s ]
INFO: [ view_parse ] --START--
INFO: ParseTemplate Behavior ::run [ RunTime:0.080115s ]
INFO: [ view_parse ] --END-- [ RunTime:0.080115s ]
INFO: [ view_filter ] --START--
INFO: ContentReplace Behavior ::run [ RunTime:0.010014s ]
INFO: TokenBuild Behavior ::run [ RunTime:0.000000s ]
INFO: WriteHtmlCache Behavior ::run [ RunTime:0.010015s ]
INFO: ShowRuntime Behavior ::run [ RunTime:0.000000s ]
INFO: [ view_filter ] --END-- [ RunTime:0.030043s ]
INFO: [ view_end ] --START--
INFO: ShowPageTrace Behavior ::run [ RunTime:0.010014s ]
INFO: [ view_end ] --END-- [ RunTime:0.010014s ]

[ 2014-07-28T10:37:26+08:00 ] 127.0.0.1 /admin.php?m=Shop&a=add
INFO: [ app_begin ] --START--
INFO: ReadHtmlCache Behavior ::run [ RunTime:0.000000s ]
INFO: [ app_begin ] --END-- [ RunTime:0.010014s ]
SQL: SHOW COLUMNS FROM `wm_article_cat` [ RunTime:0.010014s ]
SQL: SELECT * FROM `wm_article_cat` ORDER BY acid desc LIMIT 4   [ RunTime:0.000000s ]
SQL: SHOW COLUMNS FROM `wm_pages` [ RunTime:0.040058s ]
SQL: SELECT * FROM `wm_pages` ORDER BY pagid desc LIMIT 7   [ RunTime:0.000000s ]
SQL: SHOW COLUMNS FROM `wm_config` [ RunTime:0.010014s ]
SQL: SHOW COLUMNS FROM `wm_foodcat` [ RunTime:0.000000s ]
SQL: SELECT * FROM `wm_foodcat`  [ RunTime:0.000000s ]
SQL: SHOW COLUMNS FROM `wm_area` [ RunTime:0.010015s ]
SQL: SELECT * FROM `wm_area`  [ RunTime:0.000000s ]
INFO: [ view_parse ] --START--
NOTIC: [8] Use of undefined constant value - assumed 'value' C:\wamp\www\admin\Runtime\Cache\32b72e0df69ccea1073ec681442513c5.php 第 185 行.
NOTIC: [8] Undefined index: value C:\wamp\www\admin\Runtime\Cache\32b72e0df69ccea1073ec681442513c5.php 第 185 行.
NOTIC: [8] Use of undefined constant value - assumed 'value' C:\wamp\www\admin\Runtime\Cache\32b72e0df69ccea1073ec681442513c5.php 第 216 行.
NOTIC: [8] Undefined index: value C:\wamp\www\admin\Runtime\Cache\32b72e0df69ccea1073ec681442513c5.php 第 216 行.
INFO: ParseTemplate Behavior ::run [ RunTime:0.200288s ]
INFO: [ view_parse ] --END-- [ RunTime:0.200288s ]
INFO: [ view_filter ] --START--
INFO: ContentReplace Behavior ::run [ RunTime:0.000000s ]
INFO: TokenBuild Behavior ::run [ RunTime:0.010014s ]
INFO: WriteHtmlCache Behavior ::run [ RunTime:0.000000s ]
INFO: ShowRuntime Behavior ::run [ RunTime:0.020029s ]
INFO: [ view_filter ] --END-- [ RunTime:0.030043s ]
INFO: [ view_end ] --START--
INFO: ShowPageTrace Behavior ::run [ RunTime:0.000000s ]
INFO: [ view_end ] --END-- [ RunTime:0.000000s ]

