[ 2014-06-28T05:44:32+08:00 ] 176.123.9.13 /admin.php
INFO: [ app_begin ] --START--
INFO: ReadHtmlCache Behavior ::run [ RunTime:0.010773s ]
INFO: [ app_begin ] --END-- [ RunTime:0.010949s ]
NOTIC: [8] Undefined index: admin_key /home/kbbgiwvn/domains/wmwcom.com/public_html/admin/Lib/Action/CommonAction.class.php 第 9 行.

[ 2014-06-28T08:55:04+08:00 ] 14.17.29.85 /admin.php
INFO: [ app_begin ] --START--
INFO: ReadHtmlCache Behavior ::run [ RunTime:0.000565s ]
INFO: [ app_begin ] --END-- [ RunTime:0.000761s ]
NOTIC: [8] Undefined index: admin_key /home/kbbgiwvn/domains/wmwcom.com/public_html/admin/Lib/Action/CommonAction.class.php 第 9 行.

[ 2014-06-28T08:55:04+08:00 ] 14.17.29.85 /admin.php?m=Public&a=login
INFO: [ app_begin ] --START--
INFO: ReadHtmlCache Behavior ::run [ RunTime:0.000493s ]
INFO: [ app_begin ] --END-- [ RunTime:0.000683s ]
INFO: [ view_parse ] --START--
INFO: ParseTemplate Behavior ::run [ RunTime:0.049856s ]
INFO: [ view_parse ] --END-- [ RunTime:0.050031s ]
INFO: [ view_filter ] --START--
INFO: ContentReplace Behavior ::run [ RunTime:0.008488s ]
INFO: TokenBuild Behavior ::run [ RunTime:0.002897s ]
INFO: WriteHtmlCache Behavior ::run [ RunTime:0.000699s ]
INFO: ShowRuntime Behavior ::run [ RunTime:0.000805s ]
INFO: [ view_filter ] --END-- [ RunTime:0.013271s ]
INFO: [ view_end ] --START--
INFO: ShowPageTrace Behavior ::run [ RunTime:0.004748s ]
INFO: [ view_end ] --END-- [ RunTime:0.004849s ]

[ 2014-06-28T20:46:29+08:00 ] 122.6.164.39 /admin.php
INFO: [ app_begin ] --START--
INFO: ReadHtmlCache Behavior ::run [ RunTime:0.000537s ]
INFO: [ app_begin ] --END-- [ RunTime:0.000711s ]
NOTIC: [8] Undefined index: admin_key /home/kbbgiwvn/domains/wmwcom.com/public_html/admin/Lib/Action/CommonAction.class.php 第 9 行.

[ 2014-06-28T20:46:29+08:00 ] 122.6.164.39 /admin.php?m=Public&a=login
INFO: [ app_begin ] --START--
INFO: ReadHtmlCache Behavior ::run [ RunTime:0.000490s ]
INFO: [ app_begin ] --END-- [ RunTime:0.000673s ]
INFO: [ view_parse ] --START--
INFO: ParseTemplate Behavior ::run [ RunTime:0.038875s ]
INFO: [ view_parse ] --END-- [ RunTime:0.039015s ]
INFO: [ view_filter ] --START--
INFO: ContentReplace Behavior ::run [ RunTime:0.000347s ]
INFO: TokenBuild Behavior ::run [ RunTime:0.000343s ]
INFO: WriteHtmlCache Behavior ::run [ RunTime:0.000221s ]
INFO: ShowRuntime Behavior ::run [ RunTime:0.000385s ]
INFO: [ view_filter ] --END-- [ RunTime:0.001540s ]
INFO: [ view_end ] --START--
INFO: ShowPageTrace Behavior ::run [ RunTime:0.000618s ]
INFO: [ view_end ] --END-- [ RunTime:0.000711s ]

[ 2014-06-28T20:46:32+08:00 ] 122.6.164.39 /admin.php?m=Public&a=dologin
NOTIC: [2] htmlspecialchars() expects parameter 2 to be long, string given /home/kbbgiwvn/domains/wmwcom.com/public_html/inc/Lib/Core/App.class.php 第 56 行.
NOTIC: [2] htmlspecialchars() expects parameter 2 to be long, string given /home/kbbgiwvn/domains/wmwcom.com/public_html/inc/Lib/Core/App.class.php 第 56 行.
NOTIC: [2] stripslashes() expects exactly 1 parameter, 2 given /home/kbbgiwvn/domains/wmwcom.com/public_html/inc/Lib/Core/App.class.php 第 56 行.
NOTIC: [2] stripslashes() expects exactly 1 parameter, 2 given /home/kbbgiwvn/domains/wmwcom.com/public_html/inc/Lib/Core/App.class.php 第 56 行.
INFO: [ app_begin ] --START--
INFO: ReadHtmlCache Behavior ::run [ RunTime:0.000514s ]
INFO: [ app_begin ] --END-- [ RunTime:0.000649s ]
SQL: SHOW COLUMNS FROM `sn_members` [ RunTime:0.018177s ]
NOTIC: [8] Undefined index: verify /home/kbbgiwvn/domains/wmwcom.com/public_html/admin/Lib/Action/PublicAction.class.php 第 49 行.
SQL: SELECT `uid`,`userpass`,`nickname`,`username`,`create_time`,`usergroup` FROM `sn_members` WHERE ( `username` = 'admin888' ) AND ( `userlevel` = 99 ) LIMIT 1   [ RunTime:0.000606s ]
SQL: UPDATE `sn_members` SET `create_time`=1403959592,`last_login_time`=1403870599,`last_login_ip`='122.6.164.39' WHERE ( uid=2 ) [ RunTime:0.000310s ]
NOTIC: [8] Undefined variable: var /home/kbbgiwvn/domains/wmwcom.com/public_html/inc/Common/functions.php 第 247 行.
NOTIC: [2] array_reverse() expects parameter 1 to be array, null given /home/kbbgiwvn/domains/wmwcom.com/public_html/inc/Common/functions.php 第 247 行.
NOTIC: [2] http_build_query() [<a href='function.http-build-query'>function.http-build-query</a>]: Parameter 1 expected to be Array or Object.  Incorrect value given /home/kbbgiwvn/domains/wmwcom.com/public_html/inc/Common/functions.php 第 247 行.

[ 2014-06-28T20:46:36+08:00 ] 122.6.164.39 /admin.php?&m=Config&a=index
INFO: [ app_begin ] --START--
INFO: ReadHtmlCache Behavior ::run [ RunTime:0.000475s ]
INFO: [ app_begin ] --END-- [ RunTime:0.000640s ]
SQL: SHOW COLUMNS FROM `sn_article_cat` [ RunTime:0.000801s ]
SQL: SELECT * FROM `sn_article_cat` ORDER BY acid desc LIMIT 4   [ RunTime:0.000304s ]
SQL: SHOW COLUMNS FROM `sn_pages` [ RunTime:0.000864s ]
SQL: SELECT * FROM `sn_pages` ORDER BY pagid desc LIMIT 7   [ RunTime:0.000360s ]
SQL: SHOW COLUMNS FROM `sn_config` [ RunTime:0.000792s ]
SQL: SELECT * FROM `sn_config` WHERE ( name="appid" ) LIMIT 1   [ RunTime:0.000294s ]
SQL: SELECT * FROM `sn_config` WHERE ( name="appkey" ) LIMIT 1   [ RunTime:0.000264s ]
NOTIC: [2] file_get_contents(http://union.bijiadao.net/api.php?a=open&amp;appid=12525525852&amp;appkey=88888888855855&amp;url=www.wmwcom.com) [<a href='function.file-get-contents'>function.file-get-contents</a>]: failed to open stream: HTTP request failed! HTTP/1.1 404 Not Found
 /home/kbbgiwvn/domains/wmwcom.com/public_html/admin/Lib/Action/CommonAction.class.php 第 29 行.
NOTIC: [8] Undefined index: id /home/kbbgiwvn/domains/wmwcom.com/public_html/admin/Lib/Action/ConfigAction.class.php 第 13 行.
SQL: SELECT * FROM `sn_config` WHERE ( cate=0 )  [ RunTime:0.000334s ]
INFO: [ view_parse ] --START--
INFO: ParseTemplate Behavior ::run [ RunTime:0.036576s ]
INFO: [ view_parse ] --END-- [ RunTime:0.036705s ]
INFO: [ view_filter ] --START--
INFO: ContentReplace Behavior ::run [ RunTime:0.000364s ]
INFO: TokenBuild Behavior ::run [ RunTime:0.000333s ]
INFO: WriteHtmlCache Behavior ::run [ RunTime:0.000208s ]
INFO: ShowRuntime Behavior ::run [ RunTime:0.000380s ]
INFO: [ view_filter ] --END-- [ RunTime:0.001601s ]
INFO: [ view_end ] --START--
INFO: ShowPageTrace Behavior ::run [ RunTime:0.000597s ]
INFO: [ view_end ] --END-- [ RunTime:0.000691s ]

[ 2014-06-28T20:46:40+08:00 ] 122.6.164.39 /admin.php?m=Article&a=index
INFO: [ app_begin ] --START--
INFO: ReadHtmlCache Behavior ::run [ RunTime:0.000510s ]
INFO: [ app_begin ] --END-- [ RunTime:0.000678s ]
SQL: SHOW COLUMNS FROM `sn_article_cat` [ RunTime:0.000827s ]
SQL: SELECT * FROM `sn_article_cat` ORDER BY acid desc LIMIT 4   [ RunTime:0.000103s ]
SQL: SHOW COLUMNS FROM `sn_pages` [ RunTime:0.000884s ]
SQL: SELECT * FROM `sn_pages` ORDER BY pagid desc LIMIT 7   [ RunTime:0.000131s ]
SQL: SHOW COLUMNS FROM `sn_config` [ RunTime:0.000770s ]
SQL: SELECT * FROM `sn_config` WHERE ( name="appid" ) LIMIT 1   [ RunTime:0.000099s ]
SQL: SELECT * FROM `sn_config` WHERE ( name="appkey" ) LIMIT 1   [ RunTime:0.000078s ]
NOTIC: [2] file_get_contents(http://union.bijiadao.net/api.php?a=open&amp;appid=12525525852&amp;appkey=88888888855855&amp;url=www.wmwcom.com) [<a href='function.file-get-contents'>function.file-get-contents</a>]: failed to open stream: HTTP request failed! HTTP/1.1 404 Not Found
 /home/kbbgiwvn/domains/wmwcom.com/public_html/admin/Lib/Action/CommonAction.class.php 第 29 行.
SQL: SHOW COLUMNS FROM `sn_article` [ RunTime:0.000913s ]
SQL: SELECT COUNT(*) AS tp_count FROM `sn_article` LIMIT 1   [ RunTime:0.000220s ]
SQL: SELECT * FROM `sn_article` ORDER BY aid desc LIMIT 0,10   [ RunTime:0.000290s ]
INFO: [ view_parse ] --START--
NOTIC: [8] Undefined index: dcsort /home/kbbgiwvn/domains/wmwcom.com/public_html/admin/Runtime/Cache/6a0fa1355e20b485f823227ab394fc93.php 第 172 行.
NOTIC: [8] Undefined index: channlid /home/kbbgiwvn/domains/wmwcom.com/public_html/admin/Runtime/Cache/6a0fa1355e20b485f823227ab394fc93.php 第 179 行.
NOTIC: [8] Undefined index: dcsort /home/kbbgiwvn/domains/wmwcom.com/public_html/admin/Runtime/Cache/6a0fa1355e20b485f823227ab394fc93.php 第 172 行.
NOTIC: [8] Undefined index: channlid /home/kbbgiwvn/domains/wmwcom.com/public_html/admin/Runtime/Cache/6a0fa1355e20b485f823227ab394fc93.php 第 179 行.
INFO: ParseTemplate Behavior ::run [ RunTime:0.044214s ]
INFO: [ view_parse ] --END-- [ RunTime:0.044355s ]
INFO: [ view_filter ] --START--
INFO: ContentReplace Behavior ::run [ RunTime:0.000379s ]
INFO: TokenBuild Behavior ::run [ RunTime:0.000317s ]
INFO: WriteHtmlCache Behavior ::run [ RunTime:0.000366s ]
INFO: ShowRuntime Behavior ::run [ RunTime:0.000482s ]
INFO: [ view_filter ] --END-- [ RunTime:0.001772s ]
INFO: [ view_end ] --START--
INFO: ShowPageTrace Behavior ::run [ RunTime:0.000605s ]
INFO: [ view_end ] --END-- [ RunTime:0.000716s ]

[ 2014-06-28T20:46:44+08:00 ] 122.6.164.39 /admin.php?m=Article&a=alist&id=15
NOTIC: [2] htmlspecialchars() expects parameter 2 to be long, string given /home/kbbgiwvn/domains/wmwcom.com/public_html/inc/Lib/Core/App.class.php 第 57 行.
NOTIC: [2] stripslashes() expects exactly 1 parameter, 2 given /home/kbbgiwvn/domains/wmwcom.com/public_html/inc/Lib/Core/App.class.php 第 57 行.
INFO: [ app_begin ] --START--
INFO: ReadHtmlCache Behavior ::run [ RunTime:0.000488s ]
INFO: [ app_begin ] --END-- [ RunTime:0.000643s ]
SQL: SHOW COLUMNS FROM `sn_article_cat` [ RunTime:0.000841s ]
SQL: SELECT * FROM `sn_article_cat` ORDER BY acid desc LIMIT 4   [ RunTime:0.000105s ]
SQL: SHOW COLUMNS FROM `sn_pages` [ RunTime:0.000897s ]
SQL: SELECT * FROM `sn_pages` ORDER BY pagid desc LIMIT 7   [ RunTime:0.000135s ]
SQL: SHOW COLUMNS FROM `sn_config` [ RunTime:0.000798s ]
SQL: SELECT * FROM `sn_config` WHERE ( name="appid" ) LIMIT 1   [ RunTime:0.000102s ]
SQL: SELECT * FROM `sn_config` WHERE ( name="appkey" ) LIMIT 1   [ RunTime:0.000083s ]
NOTIC: [2] file_get_contents(http://union.bijiadao.net/api.php?a=open&amp;appid=12525525852&amp;appkey=88888888855855&amp;url=www.wmwcom.com) [<a href='function.file-get-contents'>function.file-get-contents</a>]: failed to open stream: HTTP request failed! HTTP/1.1 404 Not Found
 /home/kbbgiwvn/domains/wmwcom.com/public_html/admin/Lib/Action/CommonAction.class.php 第 29 行.
NOTIC: 建议使用I方法替代_get
SQL: SHOW COLUMNS FROM `sn_article` [ RunTime:0.000913s ]
SQL: SELECT COUNT(*) AS tp_count FROM `sn_article` WHERE ( `acid` = 15 ) LIMIT 1   [ RunTime:0.000104s ]
SQL: SELECT * FROM `sn_article` WHERE ( `acid` = 15 ) ORDER BY aid desc LIMIT 0,10   [ RunTime:0.000091s ]
INFO: [ view_parse ] --START--
NOTIC: [8] Undefined index: dcsort /home/kbbgiwvn/domains/wmwcom.com/public_html/admin/Runtime/Cache/acdd089013950ffe07092be92a4c1b52.php 第 172 行.
INFO: ParseTemplate Behavior ::run [ RunTime:0.034399s ]
INFO: [ view_parse ] --END-- [ RunTime:0.034508s ]
INFO: [ view_filter ] --START--
INFO: ContentReplace Behavior ::run [ RunTime:0.000388s ]
INFO: TokenBuild Behavior ::run [ RunTime:0.000315s ]
INFO: WriteHtmlCache Behavior ::run [ RunTime:0.000333s ]
INFO: ShowRuntime Behavior ::run [ RunTime:0.000387s ]
INFO: [ view_filter ] --END-- [ RunTime:0.001638s ]
INFO: [ view_end ] --START--
INFO: ShowPageTrace Behavior ::run [ RunTime:0.000625s ]
INFO: [ view_end ] --END-- [ RunTime:0.000710s ]

[ 2014-06-28T20:46:46+08:00 ] 122.6.164.39 /admin.php?m=Article&a=add
INFO: [ app_begin ] --START--
INFO: ReadHtmlCache Behavior ::run [ RunTime:0.000507s ]
INFO: [ app_begin ] --END-- [ RunTime:0.000672s ]
SQL: SHOW COLUMNS FROM `sn_article_cat` [ RunTime:0.000810s ]
SQL: SELECT * FROM `sn_article_cat` ORDER BY acid desc LIMIT 4   [ RunTime:0.000132s ]
SQL: SHOW COLUMNS FROM `sn_pages` [ RunTime:0.000899s ]
SQL: SELECT * FROM `sn_pages` ORDER BY pagid desc LIMIT 7   [ RunTime:0.000132s ]
SQL: SHOW COLUMNS FROM `sn_config` [ RunTime:0.000764s ]
SQL: SELECT * FROM `sn_config` WHERE ( name="appid" ) LIMIT 1   [ RunTime:0.000098s ]
SQL: SELECT * FROM `sn_config` WHERE ( name="appkey" ) LIMIT 1   [ RunTime:0.000077s ]
NOTIC: [2] file_get_contents(http://union.bijiadao.net/api.php?a=open&amp;appid=12525525852&amp;appkey=88888888855855&amp;url=www.wmwcom.com) [<a href='function.file-get-contents'>function.file-get-contents</a>]: failed to open stream: HTTP request failed! HTTP/1.1 404 Not Found
 /home/kbbgiwvn/domains/wmwcom.com/public_html/admin/Lib/Action/CommonAction.class.php 第 29 行.
SQL: SHOW COLUMNS FROM `sn_article_cat` [ RunTime:0.000850s ]
SQL: SELECT * FROM `sn_article_cat`  [ RunTime:0.000103s ]
INFO: [ view_parse ] --START--
INFO: ParseTemplate Behavior ::run [ RunTime:0.024484s ]
INFO: [ view_parse ] --END-- [ RunTime:0.024623s ]
INFO: [ view_filter ] --START--
INFO: ContentReplace Behavior ::run [ RunTime:0.000574s ]
INFO: TokenBuild Behavior ::run [ RunTime:0.000490s ]
INFO: WriteHtmlCache Behavior ::run [ RunTime:0.000495s ]
INFO: ShowRuntime Behavior ::run [ RunTime:0.000506s ]
INFO: [ view_filter ] --END-- [ RunTime:0.002388s ]
INFO: [ view_end ] --START--
INFO: ShowPageTrace Behavior ::run [ RunTime:0.000678s ]
INFO: [ view_end ] --END-- [ RunTime:0.000801s ]

[ 2014-06-28T20:48:37+08:00 ] 122.6.164.39 /admin.php?m=Article&a=addsave
NOTIC: [2] htmlspecialchars() expects parameter 2 to be long, string given /home/kbbgiwvn/domains/wmwcom.com/public_html/inc/Lib/Core/App.class.php 第 56 行.
NOTIC: [2] htmlspecialchars() expects parameter 2 to be long, string given /home/kbbgiwvn/domains/wmwcom.com/public_html/inc/Lib/Core/App.class.php 第 56 行.
NOTIC: [2] htmlspecialchars() expects parameter 2 to be long, string given /home/kbbgiwvn/domains/wmwcom.com/public_html/inc/Lib/Core/App.class.php 第 56 行.
NOTIC: [2] stripslashes() expects exactly 1 parameter, 2 given /home/kbbgiwvn/domains/wmwcom.com/public_html/inc/Lib/Core/App.class.php 第 56 行.
NOTIC: [2] stripslashes() expects exactly 1 parameter, 2 given /home/kbbgiwvn/domains/wmwcom.com/public_html/inc/Lib/Core/App.class.php 第 56 行.
NOTIC: [2] stripslashes() expects exactly 1 parameter, 2 given /home/kbbgiwvn/domains/wmwcom.com/public_html/inc/Lib/Core/App.class.php 第 56 行.
INFO: [ app_begin ] --START--
INFO: ReadHtmlCache Behavior ::run [ RunTime:0.000510s ]
INFO: [ app_begin ] --END-- [ RunTime:0.000648s ]
SQL: SHOW COLUMNS FROM `sn_article_cat` [ RunTime:0.000970s ]
SQL: SELECT * FROM `sn_article_cat` ORDER BY acid desc LIMIT 4   [ RunTime:0.000105s ]
SQL: SHOW COLUMNS FROM `sn_pages` [ RunTime:0.001051s ]
SQL: SELECT * FROM `sn_pages` ORDER BY pagid desc LIMIT 7   [ RunTime:0.000133s ]
SQL: SHOW COLUMNS FROM `sn_config` [ RunTime:0.000972s ]
SQL: SELECT * FROM `sn_config` WHERE ( name="appid" ) LIMIT 1   [ RunTime:0.000103s ]
SQL: SELECT * FROM `sn_config` WHERE ( name="appkey" ) LIMIT 1   [ RunTime:0.000079s ]
NOTIC: [2] file_get_contents(http://union.bijiadao.net/api.php?a=open&amp;appid=12525525852&amp;appkey=88888888855855&amp;url=www.wmwcom.com) [<a href='function.file-get-contents'>function.file-get-contents</a>]: failed to open stream: HTTP request failed! HTTP/1.1 404 Not Found
 /home/kbbgiwvn/domains/wmwcom.com/public_html/admin/Lib/Action/CommonAction.class.php 第 29 行.
NOTIC: [8] Use of undefined constant 　　　　 - assumed '　　　　' /home/kbbgiwvn/domains/wmwcom.com/public_html/inc/Common/common.php 第 406 行.
SQL: SHOW COLUMNS FROM `sn_article` [ RunTime:0.001071s ]
NOTIC: [2] htmlspecialchars() expects parameter 2 to be long, string given /home/kbbgiwvn/domains/wmwcom.com/public_html/inc/Common/common.php 第 110 行.
NOTIC: [2] htmlspecialchars() expects parameter 2 to be long, string given /home/kbbgiwvn/domains/wmwcom.com/public_html/inc/Common/common.php 第 110 行.
NOTIC: [2] htmlspecialchars() expects parameter 2 to be long, string given /home/kbbgiwvn/domains/wmwcom.com/public_html/inc/Common/common.php 第 110 行.
NOTIC: [2] stripslashes() expects exactly 1 parameter, 2 given /home/kbbgiwvn/domains/wmwcom.com/public_html/inc/Common/common.php 第 110 行.
NOTIC: [2] stripslashes() expects exactly 1 parameter, 2 given /home/kbbgiwvn/domains/wmwcom.com/public_html/inc/Common/common.php 第 110 行.
NOTIC: [2] stripslashes() expects exactly 1 parameter, 2 given /home/kbbgiwvn/domains/wmwcom.com/public_html/inc/Common/common.php 第 110 行.
NOTIC: [2] htmlspecialchars() expects parameter 2 to be long, string given /home/kbbgiwvn/domains/wmwcom.com/public_html/inc/Common/common.php 第 110 行.
NOTIC: [2] htmlspecialchars() expects parameter 2 to be long, string given /home/kbbgiwvn/domains/wmwcom.com/public_html/inc/Common/common.php 第 110 行.
NOTIC: [2] htmlspecialchars() expects parameter 2 to be long, string given /home/kbbgiwvn/domains/wmwcom.com/public_html/inc/Common/common.php 第 110 行.
NOTIC: [2] stripslashes() expects exactly 1 parameter, 2 given /home/kbbgiwvn/domains/wmwcom.com/public_html/inc/Common/common.php 第 110 行.
NOTIC: [2] stripslashes() expects exactly 1 parameter, 2 given /home/kbbgiwvn/domains/wmwcom.com/public_html/inc/Common/common.php 第 110 行.
NOTIC: [2] stripslashes() expects exactly 1 parameter, 2 given /home/kbbgiwvn/domains/wmwcom.com/public_html/inc/Common/common.php 第 110 行.
NOTIC: [2] htmlspecialchars() expects parameter 2 to be long, string given /home/kbbgiwvn/domains/wmwcom.com/public_html/inc/Common/common.php 第 110 行.
NOTIC: [2] htmlspecialchars() expects parameter 2 to be long, string given /home/kbbgiwvn/domains/wmwcom.com/public_html/inc/Common/common.php 第 110 行.
NOTIC: [2] htmlspecialchars() expects parameter 2 to be long, string given /home/kbbgiwvn/domains/wmwcom.com/public_html/inc/Common/common.php 第 110 行.
NOTIC: [2] stripslashes() expects exactly 1 parameter, 2 given /home/kbbgiwvn/domains/wmwcom.com/public_html/inc/Common/common.php 第 110 行.
NOTIC: [2] stripslashes() expects exactly 1 parameter, 2 given /home/kbbgiwvn/domains/wmwcom.com/public_html/inc/Common/common.php 第 110 行.
NOTIC: [2] stripslashes() expects exactly 1 parameter, 2 given /home/kbbgiwvn/domains/wmwcom.com/public_html/inc/Common/common.php 第 110 行.
SQL: INSERT INTO `sn_article` (`acid`,`atitle`,`create_time`,`alink`,`content`) VALUES (15,'订餐系统开发版',1403959717,'','&lt;p&gt;本次更新版本为β0.02版&lt;/p&gt;&lt;p&gt;更新内容如下：&lt;/p&gt;&lt;p&gt;------------------------------------------------&lt;/p&gt;&lt;p&gt;&lt;br/&gt;&lt;/p&gt;&lt;p&gt;2014-6-20 20:06:06&lt;/p&gt;&lt;p&gt;-----------------------------------&lt;/p&gt;&lt;p&gt;更新美食地点，可以根据不同地区分类浏览美食&lt;/p&gt;&lt;p&gt;数据库更新信息：&lt;/p&gt;&lt;p&gt;新加一个地区表：sn_area&lt;/p&gt;&lt;p&gt;&lt;br/&gt;&lt;/p&gt;&lt;p&gt;--&lt;/p&gt;&lt;p&gt;-- 表的结构 `sn_area`&lt;/p&gt;&lt;p&gt;--&lt;/p&gt;&lt;p&gt;&lt;br/&gt;&lt;/p&gt;&lt;p&gt;CREATE TABLE `sn_area` (&lt;/p&gt;&lt;p&gt;&amp;nbsp; `a_id` int(11) NOT NULL auto_increment,&lt;/p&gt;&lt;p&gt;&amp;nbsp; `a_name` varchar(50) NOT NULL,&lt;/p&gt;&lt;p&gt;&amp;nbsp; PRIMARY KEY &amp;nbsp;(`a_id`)&lt;/p&gt;&lt;p&gt;) ENGINE=MyISAM &amp;nbsp;DEFAULT CHARSET=utf8 AUTO_INCREMENT=4 ;&lt;/p&gt;&lt;p&gt;&lt;br/&gt;&lt;/p&gt;&lt;p&gt;--&lt;/p&gt;&lt;p&gt;-- 导出表中的数据 `sn_area`&lt;/p&gt;&lt;p&gt;--&lt;/p&gt;&lt;p&gt;&lt;br/&gt;&lt;/p&gt;&lt;p&gt;INSERT INTO `sn_area` (`a_id`, `a_name`) VALUES&lt;/p&gt;&lt;p&gt;(1, &amp;#39;罗六路&amp;#39;),&lt;/p&gt;&lt;p&gt;(2, &amp;#39;龙潭路&amp;#39;),&lt;/p&gt;&lt;p&gt;(3, &amp;#39;双月路&amp;#39;);&lt;/p&gt;&lt;p&gt;&lt;br/&gt;&lt;/p&gt;&lt;p&gt;更新美食表：添加新字段，美食位置&lt;/p&gt;&lt;p&gt;&lt;br/&gt;&lt;/p&gt;&lt;p&gt;`farea` int(10) NOT NULL default &amp;#39;0&amp;#39;,&lt;/p&gt;&lt;p&gt;&lt;br/&gt;&lt;/p&gt;&lt;p&gt;------------------------------------&lt;/p&gt;&lt;p&gt;增加上传图片类型的支持：&lt;/p&gt;&lt;p&gt;&lt;br/&gt;&lt;/p&gt;&lt;p&gt;$upload-&amp;gt;allowExts=array(&amp;#39;jpg&amp;#39;,&amp;#39;jpeg&amp;#39;,&amp;#39;png&amp;#39;,&amp;#39;gif&amp;#39;);//准许上传的文件类型&lt;/p&gt;&lt;p&gt;&lt;br/&gt;&lt;/p&gt;&lt;p&gt;------------------------------------&lt;/p&gt;&lt;p&gt;增加地区修改和添加，主要地区还是需要通过数据库手动添加&lt;/p&gt;&lt;p&gt;&lt;br/&gt;&lt;/p&gt;&lt;p&gt;------------------------------------&lt;/p&gt;&lt;p&gt;添加地区后台操作，方便管理地区列表&lt;/p&gt;&lt;p&gt;&lt;br/&gt;&lt;/p&gt;&lt;p&gt;--------------------------------------------------------&lt;/p&gt;&lt;p&gt;2014-6-21 13:48:06&lt;/p&gt;&lt;p&gt;---------------------------------------------------------&lt;/p&gt;&lt;p&gt;新增后台管理商家功能（增删改查），前台商家正在设计中...&lt;/p&gt;&lt;p&gt;&lt;br/&gt;&lt;/p&gt;&lt;p&gt;新增商品所属商家字段，把商品和商家关联起来，方便在商家中心显示商家商品&lt;/p&gt;&lt;p&gt;&lt;br/&gt;&lt;/p&gt;&lt;p&gt;----------------------------------------------------------&lt;/p&gt;&lt;p&gt;2014-06-28 13:28:46&lt;/p&gt;&lt;p&gt;----------------------------------------------------------&lt;/p&gt;&lt;p&gt;更新首页模板样式&lt;/p&gt;&lt;p&gt;&lt;br/&gt;&lt;/p&gt;') [ RunTime:0.000429s ]
INFO: [ view_parse ] --START--
INFO: ParseTemplate Behavior ::run [ RunTime:0.039558s ]
INFO: [ view_parse ] --END-- [ RunTime:0.039668s ]
INFO: [ view_filter ] --START--
INFO: ContentReplace Behavior ::run [ RunTime:0.000354s ]
INFO: TokenBuild Behavior ::run [ RunTime:0.000335s ]
INFO: WriteHtmlCache Behavior ::run [ RunTime:0.000218s ]
INFO: ShowRuntime Behavior ::run [ RunTime:0.000374s ]
INFO: [ view_filter ] --END-- [ RunTime:0.001490s ]
INFO: [ view_end ] --START--
INFO: ShowPageTrace Behavior ::run [ RunTime:0.000636s ]
INFO: [ view_end ] --END-- [ RunTime:0.000731s ]

[ 2014-06-28T20:48:39+08:00 ] 122.6.164.39 /admin.php?m=Article&a=add
INFO: [ app_begin ] --START--
INFO: ReadHtmlCache Behavior ::run [ RunTime:0.000507s ]
INFO: [ app_begin ] --END-- [ RunTime:0.000670s ]
SQL: SHOW COLUMNS FROM `sn_article_cat` [ RunTime:0.000818s ]
SQL: SELECT * FROM `sn_article_cat` ORDER BY acid desc LIMIT 4   [ RunTime:0.000107s ]
SQL: SHOW COLUMNS FROM `sn_pages` [ RunTime:0.000874s ]
SQL: SELECT * FROM `sn_pages` ORDER BY pagid desc LIMIT 7   [ RunTime:0.000134s ]
SQL: SHOW COLUMNS FROM `sn_config` [ RunTime:0.000797s ]
SQL: SELECT * FROM `sn_config` WHERE ( name="appid" ) LIMIT 1   [ RunTime:0.000120s ]
SQL: SELECT * FROM `sn_config` WHERE ( name="appkey" ) LIMIT 1   [ RunTime:0.000085s ]
NOTIC: [2] file_get_contents(http://union.bijiadao.net/api.php?a=open&amp;appid=12525525852&amp;appkey=88888888855855&amp;url=www.wmwcom.com) [<a href='function.file-get-contents'>function.file-get-contents</a>]: failed to open stream: HTTP request failed! HTTP/1.1 404 Not Found
 /home/kbbgiwvn/domains/wmwcom.com/public_html/admin/Lib/Action/CommonAction.class.php 第 29 行.
SQL: SHOW COLUMNS FROM `sn_article_cat` [ RunTime:0.000848s ]
SQL: SELECT * FROM `sn_article_cat`  [ RunTime:0.000119s ]
INFO: [ view_parse ] --START--
INFO: ParseTemplate Behavior ::run [ RunTime:0.015421s ]
INFO: [ view_parse ] --END-- [ RunTime:0.015533s ]
INFO: [ view_filter ] --START--
INFO: ContentReplace Behavior ::run [ RunTime:0.000366s ]
INFO: TokenBuild Behavior ::run [ RunTime:0.000324s ]
INFO: WriteHtmlCache Behavior ::run [ RunTime:0.000331s ]
INFO: ShowRuntime Behavior ::run [ RunTime:0.000396s ]
INFO: [ view_filter ] --END-- [ RunTime:0.001678s ]
INFO: [ view_end ] --START--
INFO: ShowPageTrace Behavior ::run [ RunTime:0.000706s ]
INFO: [ view_end ] --END-- [ RunTime:0.000799s ]

[ 2014-06-28T20:49:23+08:00 ] 122.6.164.39 /admin.php
INFO: [ app_begin ] --START--
INFO: ReadHtmlCache Behavior ::run [ RunTime:0.000487s ]
INFO: [ app_begin ] --END-- [ RunTime:0.000649s ]
SQL: SHOW COLUMNS FROM `sn_article_cat` [ RunTime:0.000804s ]
SQL: SELECT * FROM `sn_article_cat` ORDER BY acid desc LIMIT 4   [ RunTime:0.000104s ]
SQL: SHOW COLUMNS FROM `sn_pages` [ RunTime:0.000894s ]
SQL: SELECT * FROM `sn_pages` ORDER BY pagid desc LIMIT 7   [ RunTime:0.000142s ]
SQL: SHOW COLUMNS FROM `sn_config` [ RunTime:0.000807s ]
SQL: SELECT * FROM `sn_config` WHERE ( name="appid" ) LIMIT 1   [ RunTime:0.000103s ]
SQL: SELECT * FROM `sn_config` WHERE ( name="appkey" ) LIMIT 1   [ RunTime:0.000086s ]
NOTIC: [2] file_get_contents(http://union.bijiadao.net/api.php?a=open&amp;appid=12525525852&amp;appkey=88888888855855&amp;url=www.wmwcom.com) [<a href='function.file-get-contents'>function.file-get-contents</a>]: failed to open stream: HTTP request failed! HTTP/1.1 404 Not Found
 /home/kbbgiwvn/domains/wmwcom.com/public_html/admin/Lib/Action/CommonAction.class.php 第 29 行.
INFO: [ view_parse ] --START--
INFO: ParseTemplate Behavior ::run [ RunTime:0.017048s ]
INFO: [ view_parse ] --END-- [ RunTime:0.017189s ]
INFO: [ view_filter ] --START--
INFO: ContentReplace Behavior ::run [ RunTime:0.000353s ]
INFO: TokenBuild Behavior ::run [ RunTime:0.000330s ]
INFO: WriteHtmlCache Behavior ::run [ RunTime:0.000225s ]
INFO: ShowRuntime Behavior ::run [ RunTime:0.000369s ]
INFO: [ view_filter ] --END-- [ RunTime:0.001506s ]
INFO: [ view_end ] --START--
INFO: ShowPageTrace Behavior ::run [ RunTime:0.000724s ]
INFO: [ view_end ] --END-- [ RunTime:0.000817s ]

[ 2014-06-28T20:49:30+08:00 ] 122.6.164.39 /admin.php?m=Article&a=index
INFO: [ app_begin ] --START--
INFO: ReadHtmlCache Behavior ::run [ RunTime:0.000485s ]
INFO: [ app_begin ] --END-- [ RunTime:0.000647s ]
SQL: SHOW COLUMNS FROM `sn_article_cat` [ RunTime:0.000838s ]
SQL: SELECT * FROM `sn_article_cat` ORDER BY acid desc LIMIT 4   [ RunTime:0.000102s ]
SQL: SHOW COLUMNS FROM `sn_pages` [ RunTime:0.000878s ]
SQL: SELECT * FROM `sn_pages` ORDER BY pagid desc LIMIT 7   [ RunTime:0.000130s ]
SQL: SHOW COLUMNS FROM `sn_config` [ RunTime:0.000791s ]
SQL: SELECT * FROM `sn_config` WHERE ( name="appid" ) LIMIT 1   [ RunTime:0.000101s ]
SQL: SELECT * FROM `sn_config` WHERE ( name="appkey" ) LIMIT 1   [ RunTime:0.000078s ]
NOTIC: [2] file_get_contents(http://union.bijiadao.net/api.php?a=open&amp;appid=12525525852&amp;appkey=88888888855855&amp;url=www.wmwcom.com) [<a href='function.file-get-contents'>function.file-get-contents</a>]: failed to open stream: HTTP request failed! HTTP/1.1 404 Not Found
 /home/kbbgiwvn/domains/wmwcom.com/public_html/admin/Lib/Action/CommonAction.class.php 第 29 行.
SQL: SHOW COLUMNS FROM `sn_article` [ RunTime:0.000924s ]
SQL: SELECT COUNT(*) AS tp_count FROM `sn_article` LIMIT 1   [ RunTime:0.000213s ]
SQL: SELECT * FROM `sn_article` ORDER BY aid desc LIMIT 0,10   [ RunTime:0.000297s ]
INFO: [ view_parse ] --START--
NOTIC: [8] Undefined index: dcsort /home/kbbgiwvn/domains/wmwcom.com/public_html/admin/Runtime/Cache/6a0fa1355e20b485f823227ab394fc93.php 第 172 行.
NOTIC: [8] Undefined index: channlid /home/kbbgiwvn/domains/wmwcom.com/public_html/admin/Runtime/Cache/6a0fa1355e20b485f823227ab394fc93.php 第 179 行.
NOTIC: [8] Undefined index: dcsort /home/kbbgiwvn/domains/wmwcom.com/public_html/admin/Runtime/Cache/6a0fa1355e20b485f823227ab394fc93.php 第 172 行.
NOTIC: [8] Undefined index: channlid /home/kbbgiwvn/domains/wmwcom.com/public_html/admin/Runtime/Cache/6a0fa1355e20b485f823227ab394fc93.php 第 179 行.
NOTIC: [8] Undefined index: dcsort /home/kbbgiwvn/domains/wmwcom.com/public_html/admin/Runtime/Cache/6a0fa1355e20b485f823227ab394fc93.php 第 172 行.
NOTIC: [8] Undefined index: channlid /home/kbbgiwvn/domains/wmwcom.com/public_html/admin/Runtime/Cache/6a0fa1355e20b485f823227ab394fc93.php 第 179 行.
INFO: ParseTemplate Behavior ::run [ RunTime:0.018377s ]
INFO: [ view_parse ] --END-- [ RunTime:0.018484s ]
INFO: [ view_filter ] --START--
INFO: ContentReplace Behavior ::run [ RunTime:0.000560s ]
INFO: TokenBuild Behavior ::run [ RunTime:0.000349s ]
INFO: WriteHtmlCache Behavior ::run [ RunTime:0.000215s ]
INFO: ShowRuntime Behavior ::run [ RunTime:0.000370s ]
INFO: [ view_filter ] --END-- [ RunTime:0.001726s ]
INFO: [ view_end ] --START--
INFO: ShowPageTrace Behavior ::run [ RunTime:0.000635s ]
INFO: [ view_end ] --END-- [ RunTime:0.000722s ]

[ 2014-06-28T20:49:33+08:00 ] 122.6.164.39 /admin.php?m=Article&a=add
INFO: [ app_begin ] --START--
INFO: ReadHtmlCache Behavior ::run [ RunTime:0.000505s ]
INFO: [ app_begin ] --END-- [ RunTime:0.000672s ]
SQL: SHOW COLUMNS FROM `sn_article_cat` [ RunTime:0.000799s ]
SQL: SELECT * FROM `sn_article_cat` ORDER BY acid desc LIMIT 4   [ RunTime:0.000104s ]
SQL: SHOW COLUMNS FROM `sn_pages` [ RunTime:0.000894s ]
SQL: SELECT * FROM `sn_pages` ORDER BY pagid desc LIMIT 7   [ RunTime:0.000143s ]
SQL: SHOW COLUMNS FROM `sn_config` [ RunTime:0.000815s ]
SQL: SELECT * FROM `sn_config` WHERE ( name="appid" ) LIMIT 1   [ RunTime:0.000103s ]
SQL: SELECT * FROM `sn_config` WHERE ( name="appkey" ) LIMIT 1   [ RunTime:0.000087s ]
NOTIC: [2] file_get_contents(http://union.bijiadao.net/api.php?a=open&amp;appid=12525525852&amp;appkey=88888888855855&amp;url=www.wmwcom.com) [<a href='function.file-get-contents'>function.file-get-contents</a>]: failed to open stream: HTTP request failed! HTTP/1.1 404 Not Found
 /home/kbbgiwvn/domains/wmwcom.com/public_html/admin/Lib/Action/CommonAction.class.php 第 29 行.
SQL: SHOW COLUMNS FROM `sn_article_cat` [ RunTime:0.001077s ]
SQL: SELECT * FROM `sn_article_cat`  [ RunTime:0.000129s ]
INFO: [ view_parse ] --START--
INFO: ParseTemplate Behavior ::run [ RunTime:0.018366s ]
INFO: [ view_parse ] --END-- [ RunTime:0.018491s ]
INFO: [ view_filter ] --START--
INFO: ContentReplace Behavior ::run [ RunTime:0.000518s ]
INFO: TokenBuild Behavior ::run [ RunTime:0.000489s ]
INFO: WriteHtmlCache Behavior ::run [ RunTime:0.000364s ]
INFO: ShowRuntime Behavior ::run [ RunTime:0.000587s ]
INFO: [ view_filter ] --END-- [ RunTime:0.002347s ]
INFO: [ view_end ] --START--
INFO: ShowPageTrace Behavior ::run [ RunTime:0.000736s ]
INFO: [ view_end ] --END-- [ RunTime:0.000856s ]

[ 2014-06-28T20:52:23+08:00 ] 122.6.164.39 /admin.php?m=Article&a=addsave
NOTIC: [2] htmlspecialchars() expects parameter 2 to be long, string given /home/kbbgiwvn/domains/wmwcom.com/public_html/inc/Lib/Core/App.class.php 第 56 行.
NOTIC: [2] htmlspecialchars() expects parameter 2 to be long, string given /home/kbbgiwvn/domains/wmwcom.com/public_html/inc/Lib/Core/App.class.php 第 56 行.
NOTIC: [2] htmlspecialchars() expects parameter 2 to be long, string given /home/kbbgiwvn/domains/wmwcom.com/public_html/inc/Lib/Core/App.class.php 第 56 行.
NOTIC: [2] stripslashes() expects exactly 1 parameter, 2 given /home/kbbgiwvn/domains/wmwcom.com/public_html/inc/Lib/Core/App.class.php 第 56 行.
NOTIC: [2] stripslashes() expects exactly 1 parameter, 2 given /home/kbbgiwvn/domains/wmwcom.com/public_html/inc/Lib/Core/App.class.php 第 56 行.
NOTIC: [2] stripslashes() expects exactly 1 parameter, 2 given /home/kbbgiwvn/domains/wmwcom.com/public_html/inc/Lib/Core/App.class.php 第 56 行.
INFO: [ app_begin ] --START--
INFO: ReadHtmlCache Behavior ::run [ RunTime:0.000528s ]
INFO: [ app_begin ] --END-- [ RunTime:0.000695s ]
SQL: SHOW COLUMNS FROM `sn_article_cat` [ RunTime:0.001346s ]
SQL: SELECT * FROM `sn_article_cat` ORDER BY acid desc LIMIT 4   [ RunTime:0.000153s ]
SQL: SHOW COLUMNS FROM `sn_pages` [ RunTime:0.001492s ]
SQL: SELECT * FROM `sn_pages` ORDER BY pagid desc LIMIT 7   [ RunTime:0.000189s ]
SQL: SHOW COLUMNS FROM `sn_config` [ RunTime:0.001404s ]
SQL: SELECT * FROM `sn_config` WHERE ( name="appid" ) LIMIT 1   [ RunTime:0.000143s ]
SQL: SELECT * FROM `sn_config` WHERE ( name="appkey" ) LIMIT 1   [ RunTime:0.000117s ]
NOTIC: [2] file_get_contents(http://union.bijiadao.net/api.php?a=open&amp;appid=12525525852&amp;appkey=88888888855855&amp;url=www.wmwcom.com) [<a href='function.file-get-contents'>function.file-get-contents</a>]: failed to open stream: HTTP request failed! HTTP/1.1 404 Not Found
 /home/kbbgiwvn/domains/wmwcom.com/public_html/admin/Lib/Action/CommonAction.class.php 第 29 行.
NOTIC: [8] Use of undefined constant 　　　　 - assumed '　　　　' /home/kbbgiwvn/domains/wmwcom.com/public_html/inc/Common/common.php 第 406 行.
SQL: SHOW COLUMNS FROM `sn_article` [ RunTime:0.001077s ]
NOTIC: [2] htmlspecialchars() expects parameter 2 to be long, string given /home/kbbgiwvn/domains/wmwcom.com/public_html/inc/Common/common.php 第 110 行.
NOTIC: [2] htmlspecialchars() expects parameter 2 to be long, string given /home/kbbgiwvn/domains/wmwcom.com/public_html/inc/Common/common.php 第 110 行.
NOTIC: [2] htmlspecialchars() expects parameter 2 to be long, string given /home/kbbgiwvn/domains/wmwcom.com/public_html/inc/Common/common.php 第 110 行.
NOTIC: [2] stripslashes() expects exactly 1 parameter, 2 given /home/kbbgiwvn/domains/wmwcom.com/public_html/inc/Common/common.php 第 110 行.
NOTIC: [2] stripslashes() expects exactly 1 parameter, 2 given /home/kbbgiwvn/domains/wmwcom.com/public_html/inc/Common/common.php 第 110 行.
NOTIC: [2] stripslashes() expects exactly 1 parameter, 2 given /home/kbbgiwvn/domains/wmwcom.com/public_html/inc/Common/common.php 第 110 行.
NOTIC: [2] htmlspecialchars() expects parameter 2 to be long, string given /home/kbbgiwvn/domains/wmwcom.com/public_html/inc/Common/common.php 第 110 行.
NOTIC: [2] htmlspecialchars() expects parameter 2 to be long, string given /home/kbbgiwvn/domains/wmwcom.com/public_html/inc/Common/common.php 第 110 行.
NOTIC: [2] htmlspecialchars() expects parameter 2 to be long, string given /home/kbbgiwvn/domains/wmwcom.com/public_html/inc/Common/common.php 第 110 行.
NOTIC: [2] stripslashes() expects exactly 1 parameter, 2 given /home/kbbgiwvn/domains/wmwcom.com/public_html/inc/Common/common.php 第 110 行.
NOTIC: [2] stripslashes() expects exactly 1 parameter, 2 given /home/kbbgiwvn/domains/wmwcom.com/public_html/inc/Common/common.php 第 110 行.
NOTIC: [2] stripslashes() expects exactly 1 parameter, 2 given /home/kbbgiwvn/domains/wmwcom.com/public_html/inc/Common/common.php 第 110 行.
NOTIC: [2] htmlspecialchars() expects parameter 2 to be long, string given /home/kbbgiwvn/domains/wmwcom.com/public_html/inc/Common/common.php 第 110 行.
NOTIC: [2] htmlspecialchars() expects parameter 2 to be long, string given /home/kbbgiwvn/domains/wmwcom.com/public_html/inc/Common/common.php 第 110 行.
NOTIC: [2] htmlspecialchars() expects parameter 2 to be long, string given /home/kbbgiwvn/domains/wmwcom.com/public_html/inc/Common/common.php 第 110 行.
NOTIC: [2] stripslashes() expects exactly 1 parameter, 2 given /home/kbbgiwvn/domains/wmwcom.com/public_html/inc/Common/common.php 第 110 行.
NOTIC: [2] stripslashes() expects exactly 1 parameter, 2 given /home/kbbgiwvn/domains/wmwcom.com/public_html/inc/Common/common.php 第 110 行.
NOTIC: [2] stripslashes() expects exactly 1 parameter, 2 given /home/kbbgiwvn/domains/wmwcom.com/public_html/inc/Common/common.php 第 110 行.
SQL: INSERT INTO `sn_article` (`acid`,`atitle`,`create_time`,`alink`,`content`) VALUES (15,'存在的一些未解决的问题',1403959943,'','&lt;p&gt;1，目前未实现下单发邮件功能，此项功能正在测试中&lt;/p&gt;&lt;p&gt;2，商品搜索功能未实现&lt;/p&gt;&lt;p&gt;3，商家打烊和营业判断未实现&lt;/p&gt;&lt;p&gt;4，评论和评分功能未实现&lt;/p&gt;&lt;p&gt;5，手机版界面未优化&amp;nbsp;&amp;nbsp;&lt;/p&gt;') [ RunTime:0.000306s ]
INFO: [ view_parse ] --START--
INFO: ParseTemplate Behavior ::run [ RunTime:0.010248s ]
INFO: [ view_parse ] --END-- [ RunTime:0.010357s ]
INFO: [ view_filter ] --START--
INFO: ContentReplace Behavior ::run [ RunTime:0.000366s ]
INFO: TokenBuild Behavior ::run [ RunTime:0.000342s ]
INFO: WriteHtmlCache Behavior ::run [ RunTime:0.000213s ]
INFO: ShowRuntime Behavior ::run [ RunTime:0.000372s ]
INFO: [ view_filter ] --END-- [ RunTime:0.001506s ]
INFO: [ view_end ] --START--
INFO: ShowPageTrace Behavior ::run [ RunTime:0.000651s ]
INFO: [ view_end ] --END-- [ RunTime:0.000746s ]

[ 2014-06-28T20:52:25+08:00 ] 122.6.164.39 /admin.php?m=Article&a=add
INFO: [ app_begin ] --START--
INFO: ReadHtmlCache Behavior ::run [ RunTime:0.000492s ]
INFO: [ app_begin ] --END-- [ RunTime:0.000754s ]
SQL: SHOW COLUMNS FROM `sn_article_cat` [ RunTime:0.000819s ]
SQL: SELECT * FROM `sn_article_cat` ORDER BY acid desc LIMIT 4   [ RunTime:0.000105s ]
SQL: SHOW COLUMNS FROM `sn_pages` [ RunTime:0.000881s ]
SQL: SELECT * FROM `sn_pages` ORDER BY pagid desc LIMIT 7   [ RunTime:0.000136s ]
SQL: SHOW COLUMNS FROM `sn_config` [ RunTime:0.000774s ]
SQL: SELECT * FROM `sn_config` WHERE ( name="appid" ) LIMIT 1   [ RunTime:0.000102s ]
SQL: SELECT * FROM `sn_config` WHERE ( name="appkey" ) LIMIT 1   [ RunTime:0.000080s ]
NOTIC: [2] file_get_contents(http://union.bijiadao.net/api.php?a=open&amp;appid=12525525852&amp;appkey=88888888855855&amp;url=www.wmwcom.com) [<a href='function.file-get-contents'>function.file-get-contents</a>]: failed to open stream: HTTP request failed! HTTP/1.1 404 Not Found
 /home/kbbgiwvn/domains/wmwcom.com/public_html/admin/Lib/Action/CommonAction.class.php 第 29 行.
SQL: SHOW COLUMNS FROM `sn_article_cat` [ RunTime:0.000847s ]
SQL: SELECT * FROM `sn_article_cat`  [ RunTime:0.000106s ]
INFO: [ view_parse ] --START--
INFO: ParseTemplate Behavior ::run [ RunTime:0.015232s ]
INFO: [ view_parse ] --END-- [ RunTime:0.015339s ]
INFO: [ view_filter ] --START--
INFO: ContentReplace Behavior ::run [ RunTime:0.000383s ]
INFO: TokenBuild Behavior ::run [ RunTime:0.000322s ]
INFO: WriteHtmlCache Behavior ::run [ RunTime:0.000216s ]
INFO: ShowRuntime Behavior ::run [ RunTime:0.000513s ]
INFO: [ view_filter ] --END-- [ RunTime:0.001642s ]
INFO: [ view_end ] --START--
INFO: ShowPageTrace Behavior ::run [ RunTime:0.000665s ]
INFO: [ view_end ] --END-- [ RunTime:0.000749s ]

