[ 2014-06-27T20:03:10+08:00 ] 122.6.164.39 /admin.php
INFO: [ app_begin ] --START--
INFO: ReadHtmlCache Behavior ::run [ RunTime:0.000555s ]
INFO: [ app_begin ] --END-- [ RunTime:0.000752s ]
NOTIC: [8] Undefined index: admin_key /home/kbbgiwvn/domains/wmwcom.com/public_html/admin/Lib/Action/CommonAction.class.php 第 9 行.

[ 2014-06-27T20:03:10+08:00 ] 122.6.164.39 /admin.php?m=Public&a=login
INFO: [ app_begin ] --START--
INFO: ReadHtmlCache Behavior ::run [ RunTime:0.000501s ]
INFO: [ app_begin ] --END-- [ RunTime:0.000665s ]
INFO: [ view_parse ] --START--
INFO: ParseTemplate Behavior ::run [ RunTime:0.025536s ]
INFO: [ view_parse ] --END-- [ RunTime:0.025695s ]
INFO: [ view_filter ] --START--
INFO: ContentReplace Behavior ::run [ RunTime:0.000436s ]
INFO: TokenBuild Behavior ::run [ RunTime:0.000428s ]
INFO: WriteHtmlCache Behavior ::run [ RunTime:0.000319s ]
INFO: ShowRuntime Behavior ::run [ RunTime:0.000515s ]
INFO: [ view_filter ] --END-- [ RunTime:0.002141s ]
INFO: [ view_end ] --START--
INFO: ShowPageTrace Behavior ::run [ RunTime:0.000809s ]
INFO: [ view_end ] --END-- [ RunTime:0.000964s ]

[ 2014-06-27T20:03:19+08:00 ] 122.6.164.39 /admin.php?m=Public&a=dologin
NOTIC: [2] htmlspecialchars() expects parameter 2 to be long, string given /home/kbbgiwvn/domains/wmwcom.com/public_html/inc/Lib/Core/App.class.php 第 56 行.
NOTIC: [2] htmlspecialchars() expects parameter 2 to be long, string given /home/kbbgiwvn/domains/wmwcom.com/public_html/inc/Lib/Core/App.class.php 第 56 行.
NOTIC: [2] stripslashes() expects exactly 1 parameter, 2 given /home/kbbgiwvn/domains/wmwcom.com/public_html/inc/Lib/Core/App.class.php 第 56 行.
NOTIC: [2] stripslashes() expects exactly 1 parameter, 2 given /home/kbbgiwvn/domains/wmwcom.com/public_html/inc/Lib/Core/App.class.php 第 56 行.
INFO: [ app_begin ] --START--
INFO: ReadHtmlCache Behavior ::run [ RunTime:0.000497s ]
INFO: [ app_begin ] --END-- [ RunTime:0.000631s ]
SQL: SHOW COLUMNS FROM `sn_members` [ RunTime:0.001092s ]
NOTIC: [8] Undefined index: verify /home/kbbgiwvn/domains/wmwcom.com/public_html/admin/Lib/Action/PublicAction.class.php 第 49 行.
SQL: SELECT `uid`,`userpass`,`nickname`,`username`,`create_time`,`usergroup` FROM `sn_members` WHERE ( `username` = 'admin888' ) AND ( `userlevel` = 99 ) LIMIT 1   [ RunTime:0.000346s ]
SQL: UPDATE `sn_members` SET `create_time`=1403870599,`last_login_time`=1403678414,`last_login_ip`='122.6.164.39' WHERE ( uid=2 ) [ RunTime:0.000274s ]
NOTIC: [8] Undefined variable: var /home/kbbgiwvn/domains/wmwcom.com/public_html/inc/Common/functions.php 第 247 行.
NOTIC: [2] array_reverse() expects parameter 1 to be array, null given /home/kbbgiwvn/domains/wmwcom.com/public_html/inc/Common/functions.php 第 247 行.
NOTIC: [2] http_build_query() [<a href='function.http-build-query'>function.http-build-query</a>]: Parameter 1 expected to be Array or Object.  Incorrect value given /home/kbbgiwvn/domains/wmwcom.com/public_html/inc/Common/functions.php 第 247 行.

[ 2014-06-27T20:03:22+08:00 ] 122.6.164.39 /admin.php?&m=Config&a=index
INFO: [ app_begin ] --START--
INFO: ReadHtmlCache Behavior ::run [ RunTime:0.000486s ]
INFO: [ app_begin ] --END-- [ RunTime:0.000651s ]
SQL: SHOW COLUMNS FROM `sn_article_cat` [ RunTime:0.000972s ]
SQL: SELECT * FROM `sn_article_cat` ORDER BY acid desc LIMIT 4   [ RunTime:0.000308s ]
SQL: SHOW COLUMNS FROM `sn_pages` [ RunTime:0.001044s ]
SQL: SELECT * FROM `sn_pages` ORDER BY pagid desc LIMIT 7   [ RunTime:0.000361s ]
SQL: SHOW COLUMNS FROM `sn_config` [ RunTime:0.000955s ]
SQL: SELECT * FROM `sn_config` WHERE ( name="appid" ) LIMIT 1   [ RunTime:0.000300s ]
SQL: SELECT * FROM `sn_config` WHERE ( name="appkey" ) LIMIT 1   [ RunTime:0.000288s ]
NOTIC: [2] file_get_contents(http://union.bijiadao.net/api.php?a=open&amp;appid=12525525852&amp;appkey=88888888855855&amp;url=www.wmwcom.com) [<a href='function.file-get-contents'>function.file-get-contents</a>]: failed to open stream: HTTP request failed! HTTP/1.1 404 Not Found
 /home/kbbgiwvn/domains/wmwcom.com/public_html/admin/Lib/Action/CommonAction.class.php 第 29 行.
NOTIC: [8] Undefined index: id /home/kbbgiwvn/domains/wmwcom.com/public_html/admin/Lib/Action/ConfigAction.class.php 第 13 行.
SQL: SELECT * FROM `sn_config` WHERE ( cate=0 )  [ RunTime:0.000374s ]
INFO: [ view_parse ] --START--
INFO: ParseTemplate Behavior ::run [ RunTime:0.036060s ]
INFO: [ view_parse ] --END-- [ RunTime:0.036196s ]
INFO: [ view_filter ] --START--
INFO: ContentReplace Behavior ::run [ RunTime:0.000370s ]
INFO: TokenBuild Behavior ::run [ RunTime:0.000352s ]
INFO: WriteHtmlCache Behavior ::run [ RunTime:0.000219s ]
INFO: ShowRuntime Behavior ::run [ RunTime:0.000383s ]
INFO: [ view_filter ] --END-- [ RunTime:0.001543s ]
INFO: [ view_end ] --START--
INFO: ShowPageTrace Behavior ::run [ RunTime:0.000703s ]
INFO: [ view_end ] --END-- [ RunTime:0.000800s ]

[ 2014-06-27T20:03:33+08:00 ] 122.6.164.39 /admin.php?m=Config&a=index&id=3
NOTIC: [2] htmlspecialchars() expects parameter 2 to be long, string given /home/kbbgiwvn/domains/wmwcom.com/public_html/inc/Lib/Core/App.class.php 第 57 行.
NOTIC: [2] stripslashes() expects exactly 1 parameter, 2 given /home/kbbgiwvn/domains/wmwcom.com/public_html/inc/Lib/Core/App.class.php 第 57 行.
INFO: [ app_begin ] --START--
INFO: ReadHtmlCache Behavior ::run [ RunTime:0.000492s ]
INFO: [ app_begin ] --END-- [ RunTime:0.000632s ]
SQL: SHOW COLUMNS FROM `sn_article_cat` [ RunTime:0.000841s ]
SQL: SELECT * FROM `sn_article_cat` ORDER BY acid desc LIMIT 4   [ RunTime:0.000103s ]
SQL: SHOW COLUMNS FROM `sn_pages` [ RunTime:0.000899s ]
SQL: SELECT * FROM `sn_pages` ORDER BY pagid desc LIMIT 7   [ RunTime:0.000128s ]
SQL: SHOW COLUMNS FROM `sn_config` [ RunTime:0.000779s ]
SQL: SELECT * FROM `sn_config` WHERE ( name="appid" ) LIMIT 1   [ RunTime:0.000099s ]
SQL: SELECT * FROM `sn_config` WHERE ( name="appkey" ) LIMIT 1   [ RunTime:0.000076s ]
NOTIC: [2] file_get_contents(http://union.bijiadao.net/api.php?a=open&amp;appid=12525525852&amp;appkey=88888888855855&amp;url=www.wmwcom.com) [<a href='function.file-get-contents'>function.file-get-contents</a>]: failed to open stream: HTTP request failed! HTTP/1.1 404 Not Found
 /home/kbbgiwvn/domains/wmwcom.com/public_html/admin/Lib/Action/CommonAction.class.php 第 29 行.
SQL: SELECT * FROM `sn_config` WHERE ( cate=3 )  [ RunTime:0.000335s ]
INFO: [ view_parse ] --START--
NOTIC: [8] Use of undefined constant value - assumed 'value' /home/kbbgiwvn/domains/wmwcom.com/public_html/admin/Runtime/Cache/bc51960d58ec9ab0352753c996dc2d36.php 第 212 行.
NOTIC: [8] Use of undefined constant value - assumed 'value' /home/kbbgiwvn/domains/wmwcom.com/public_html/admin/Runtime/Cache/bc51960d58ec9ab0352753c996dc2d36.php 第 212 行.
NOTIC: [8] Use of undefined constant value - assumed 'value' /home/kbbgiwvn/domains/wmwcom.com/public_html/admin/Runtime/Cache/bc51960d58ec9ab0352753c996dc2d36.php 第 244 行.
NOTIC: [8] Use of undefined constant value - assumed 'value' /home/kbbgiwvn/domains/wmwcom.com/public_html/admin/Runtime/Cache/bc51960d58ec9ab0352753c996dc2d36.php 第 244 行.
INFO: ParseTemplate Behavior ::run [ RunTime:0.040228s ]
INFO: [ view_parse ] --END-- [ RunTime:0.040326s ]
INFO: [ view_filter ] --START--
INFO: ContentReplace Behavior ::run [ RunTime:0.000401s ]
INFO: TokenBuild Behavior ::run [ RunTime:0.000330s ]
INFO: WriteHtmlCache Behavior ::run [ RunTime:0.000334s ]
INFO: ShowRuntime Behavior ::run [ RunTime:0.000394s ]
INFO: [ view_filter ] --END-- [ RunTime:0.001679s ]
INFO: [ view_end ] --START--
INFO: ShowPageTrace Behavior ::run [ RunTime:0.000622s ]
INFO: [ view_end ] --END-- [ RunTime:0.000709s ]

[ 2014-06-27T20:03:35+08:00 ] 122.6.164.39 /admin.php?m=Config&a=index&id=0
NOTIC: [2] htmlspecialchars() expects parameter 2 to be long, string given /home/kbbgiwvn/domains/wmwcom.com/public_html/inc/Lib/Core/App.class.php 第 57 行.
NOTIC: [2] stripslashes() expects exactly 1 parameter, 2 given /home/kbbgiwvn/domains/wmwcom.com/public_html/inc/Lib/Core/App.class.php 第 57 行.
INFO: [ app_begin ] --START--
INFO: ReadHtmlCache Behavior ::run [ RunTime:0.000501s ]
INFO: [ app_begin ] --END-- [ RunTime:0.000640s ]
SQL: SHOW COLUMNS FROM `sn_article_cat` [ RunTime:0.000844s ]
SQL: SELECT * FROM `sn_article_cat` ORDER BY acid desc LIMIT 4   [ RunTime:0.000105s ]
SQL: SHOW COLUMNS FROM `sn_pages` [ RunTime:0.000885s ]
SQL: SELECT * FROM `sn_pages` ORDER BY pagid desc LIMIT 7   [ RunTime:0.000129s ]
SQL: SHOW COLUMNS FROM `sn_config` [ RunTime:0.000811s ]
SQL: SELECT * FROM `sn_config` WHERE ( name="appid" ) LIMIT 1   [ RunTime:0.000099s ]
SQL: SELECT * FROM `sn_config` WHERE ( name="appkey" ) LIMIT 1   [ RunTime:0.000078s ]
NOTIC: [2] file_get_contents(http://union.bijiadao.net/api.php?a=open&amp;appid=12525525852&amp;appkey=88888888855855&amp;url=www.wmwcom.com) [<a href='function.file-get-contents'>function.file-get-contents</a>]: failed to open stream: HTTP request failed! HTTP/1.1 404 Not Found
 /home/kbbgiwvn/domains/wmwcom.com/public_html/admin/Lib/Action/CommonAction.class.php 第 29 行.
SQL: SELECT * FROM `sn_config` WHERE ( cate=0 )  [ RunTime:0.000127s ]
INFO: [ view_parse ] --START--
INFO: ParseTemplate Behavior ::run [ RunTime:0.018407s ]
INFO: [ view_parse ] --END-- [ RunTime:0.018536s ]
INFO: [ view_filter ] --START--
INFO: ContentReplace Behavior ::run [ RunTime:0.000386s ]
INFO: TokenBuild Behavior ::run [ RunTime:0.000322s ]
INFO: WriteHtmlCache Behavior ::run [ RunTime:0.000333s ]
INFO: ShowRuntime Behavior ::run [ RunTime:0.000379s ]
INFO: [ view_filter ] --END-- [ RunTime:0.001643s ]
INFO: [ view_end ] --START--
INFO: ShowPageTrace Behavior ::run [ RunTime:0.000634s ]
INFO: [ view_end ] --END-- [ RunTime:0.000733s ]

[ 2014-06-27T20:03:36+08:00 ] 122.6.164.39 /admin.php?m=Config&a=index
INFO: [ app_begin ] --START--
INFO: ReadHtmlCache Behavior ::run [ RunTime:0.000486s ]
INFO: [ app_begin ] --END-- [ RunTime:0.000651s ]
SQL: SHOW COLUMNS FROM `sn_article_cat` [ RunTime:0.000824s ]
SQL: SELECT * FROM `sn_article_cat` ORDER BY acid desc LIMIT 4   [ RunTime:0.000103s ]
SQL: SHOW COLUMNS FROM `sn_pages` [ RunTime:0.000900s ]
SQL: SELECT * FROM `sn_pages` ORDER BY pagid desc LIMIT 7   [ RunTime:0.000126s ]
SQL: SHOW COLUMNS FROM `sn_config` [ RunTime:0.000782s ]
SQL: SELECT * FROM `sn_config` WHERE ( name="appid" ) LIMIT 1   [ RunTime:0.000099s ]
SQL: SELECT * FROM `sn_config` WHERE ( name="appkey" ) LIMIT 1   [ RunTime:0.000075s ]
NOTIC: [2] file_get_contents(http://union.bijiadao.net/api.php?a=open&amp;appid=12525525852&amp;appkey=88888888855855&amp;url=www.wmwcom.com) [<a href='function.file-get-contents'>function.file-get-contents</a>]: failed to open stream: HTTP request failed! HTTP/1.1 404 Not Found
 /home/kbbgiwvn/domains/wmwcom.com/public_html/admin/Lib/Action/CommonAction.class.php 第 29 行.
NOTIC: [8] Undefined index: id /home/kbbgiwvn/domains/wmwcom.com/public_html/admin/Lib/Action/ConfigAction.class.php 第 13 行.
SQL: SELECT * FROM `sn_config` WHERE ( cate=0 )  [ RunTime:0.000137s ]
INFO: [ view_parse ] --START--
INFO: ParseTemplate Behavior ::run [ RunTime:0.018454s ]
INFO: [ view_parse ] --END-- [ RunTime:0.018559s ]
INFO: [ view_filter ] --START--
INFO: ContentReplace Behavior ::run [ RunTime:0.000381s ]
INFO: TokenBuild Behavior ::run [ RunTime:0.000321s ]
INFO: WriteHtmlCache Behavior ::run [ RunTime:0.000212s ]
INFO: ShowRuntime Behavior ::run [ RunTime:0.000422s ]
INFO: [ view_filter ] --END-- [ RunTime:0.001647s ]
INFO: [ view_end ] --START--
INFO: ShowPageTrace Behavior ::run [ RunTime:0.000617s ]
INFO: [ view_end ] --END-- [ RunTime:0.000706s ]

[ 2014-06-27T20:03:38+08:00 ] 122.6.164.39 /admin.php?m=Foodcat&a=index
INFO: [ app_begin ] --START--
INFO: ReadHtmlCache Behavior ::run [ RunTime:0.000488s ]
INFO: [ app_begin ] --END-- [ RunTime:0.000652s ]
SQL: SHOW COLUMNS FROM `sn_article_cat` [ RunTime:0.000792s ]
SQL: SELECT * FROM `sn_article_cat` ORDER BY acid desc LIMIT 4   [ RunTime:0.000105s ]
SQL: SHOW COLUMNS FROM `sn_pages` [ RunTime:0.000879s ]
SQL: SELECT * FROM `sn_pages` ORDER BY pagid desc LIMIT 7   [ RunTime:0.000153s ]
SQL: SHOW COLUMNS FROM `sn_config` [ RunTime:0.000940s ]
SQL: SELECT * FROM `sn_config` WHERE ( name="appid" ) LIMIT 1   [ RunTime:0.000099s ]
SQL: SELECT * FROM `sn_config` WHERE ( name="appkey" ) LIMIT 1   [ RunTime:0.000087s ]
NOTIC: [2] file_get_contents(http://union.bijiadao.net/api.php?a=open&amp;appid=12525525852&amp;appkey=88888888855855&amp;url=www.wmwcom.com) [<a href='function.file-get-contents'>function.file-get-contents</a>]: failed to open stream: HTTP request failed! HTTP/1.1 404 Not Found
 /home/kbbgiwvn/domains/wmwcom.com/public_html/admin/Lib/Action/CommonAction.class.php 第 29 行.
SQL: SHOW COLUMNS FROM `sn_foodcat` [ RunTime:0.001259s ]
SQL: SELECT * FROM `sn_foodcat`  [ RunTime:0.000137s ]
INFO: [ view_parse ] --START--
INFO: ParseTemplate Behavior ::run [ RunTime:0.019645s ]
INFO: [ view_parse ] --END-- [ RunTime:0.019789s ]
INFO: [ view_filter ] --START--
INFO: ContentReplace Behavior ::run [ RunTime:0.000445s ]
INFO: TokenBuild Behavior ::run [ RunTime:0.000521s ]
INFO: WriteHtmlCache Behavior ::run [ RunTime:0.000299s ]
INFO: ShowRuntime Behavior ::run [ RunTime:0.000502s ]
INFO: [ view_filter ] --END-- [ RunTime:0.002034s ]
INFO: [ view_end ] --START--
INFO: ShowPageTrace Behavior ::run [ RunTime:0.000620s ]
INFO: [ view_end ] --END-- [ RunTime:0.000717s ]

[ 2014-06-27T20:03:40+08:00 ] 122.6.164.39 /admin.php?m=Shop&a=index
INFO: [ app_begin ] --START--
INFO: ReadHtmlCache Behavior ::run [ RunTime:0.000556s ]
INFO: [ app_begin ] --END-- [ RunTime:0.000734s ]
SQL: SHOW COLUMNS FROM `sn_article_cat` [ RunTime:0.001072s ]
SQL: SELECT * FROM `sn_article_cat` ORDER BY acid desc LIMIT 4   [ RunTime:0.000142s ]
SQL: SHOW COLUMNS FROM `sn_pages` [ RunTime:0.001269s ]
SQL: SELECT * FROM `sn_pages` ORDER BY pagid desc LIMIT 7   [ RunTime:0.000182s ]
SQL: SHOW COLUMNS FROM `sn_config` [ RunTime:0.001142s ]
SQL: SELECT * FROM `sn_config` WHERE ( name="appid" ) LIMIT 1   [ RunTime:0.000150s ]
SQL: SELECT * FROM `sn_config` WHERE ( name="appkey" ) LIMIT 1   [ RunTime:0.000161s ]
NOTIC: [2] file_get_contents(http://union.bijiadao.net/api.php?a=open&amp;appid=12525525852&amp;appkey=88888888855855&amp;url=www.wmwcom.com) [<a href='function.file-get-contents'>function.file-get-contents</a>]: failed to open stream: HTTP request failed! HTTP/1.1 404 Not Found
 /home/kbbgiwvn/domains/wmwcom.com/public_html/admin/Lib/Action/CommonAction.class.php 第 29 行.
SQL: SHOW COLUMNS FROM `sn_shop` [ RunTime:0.001058s ]
SQL: SELECT COUNT(*) AS tp_count FROM `sn_shop` LIMIT 1   [ RunTime:0.000255s ]
SQL: SELECT * FROM `sn_shop` ORDER BY sid desc LIMIT 0,10   [ RunTime:0.000296s ]
INFO: [ view_parse ] --START--
INFO: ParseTemplate Behavior ::run [ RunTime:0.016422s ]
INFO: [ view_parse ] --END-- [ RunTime:0.016560s ]
INFO: [ view_filter ] --START--
INFO: ContentReplace Behavior ::run [ RunTime:0.000373s ]
INFO: TokenBuild Behavior ::run [ RunTime:0.000329s ]
INFO: WriteHtmlCache Behavior ::run [ RunTime:0.000252s ]
INFO: ShowRuntime Behavior ::run [ RunTime:0.000374s ]
INFO: [ view_filter ] --END-- [ RunTime:0.001546s ]
INFO: [ view_end ] --START--
INFO: ShowPageTrace Behavior ::run [ RunTime:0.000644s ]
INFO: [ view_end ] --END-- [ RunTime:0.000736s ]

[ 2014-06-27T20:03:43+08:00 ] 122.6.164.39 /admin.php?m=Member&a=shoporder
INFO: [ app_begin ] --START--
INFO: ReadHtmlCache Behavior ::run [ RunTime:0.000574s ]
INFO: [ app_begin ] --END-- [ RunTime:0.000756s ]
SQL: SHOW COLUMNS FROM `sn_article_cat` [ RunTime:0.001100s ]
SQL: SELECT * FROM `sn_article_cat` ORDER BY acid desc LIMIT 4   [ RunTime:0.000173s ]
SQL: SHOW COLUMNS FROM `sn_pages` [ RunTime:0.001242s ]
SQL: SELECT * FROM `sn_pages` ORDER BY pagid desc LIMIT 7   [ RunTime:0.000181s ]
SQL: SHOW COLUMNS FROM `sn_config` [ RunTime:0.001138s ]
SQL: SELECT * FROM `sn_config` WHERE ( name="appid" ) LIMIT 1   [ RunTime:0.000133s ]
SQL: SELECT * FROM `sn_config` WHERE ( name="appkey" ) LIMIT 1   [ RunTime:0.000105s ]
NOTIC: [2] file_get_contents(http://union.bijiadao.net/api.php?a=open&amp;appid=12525525852&amp;appkey=88888888855855&amp;url=www.wmwcom.com) [<a href='function.file-get-contents'>function.file-get-contents</a>]: failed to open stream: HTTP request failed! HTTP/1.1 404 Not Found
 /home/kbbgiwvn/domains/wmwcom.com/public_html/admin/Lib/Action/CommonAction.class.php 第 29 行.
SQL: SHOW COLUMNS FROM `sn_foodorder` [ RunTime:0.001293s ]
SQL: SELECT COUNT(*) AS tp_count FROM `sn_foodorder` LIMIT 1   [ RunTime:0.000220s ]
SQL: SELECT * FROM `sn_foodorder` LIMIT 0,10   [ RunTime:0.000309s ]
INFO: [ view_parse ] --START--
INFO: ParseTemplate Behavior ::run [ RunTime:0.018690s ]
INFO: [ view_parse ] --END-- [ RunTime:0.018826s ]
INFO: [ view_filter ] --START--
INFO: ContentReplace Behavior ::run [ RunTime:0.000371s ]
INFO: TokenBuild Behavior ::run [ RunTime:0.000348s ]
INFO: WriteHtmlCache Behavior ::run [ RunTime:0.000208s ]
INFO: ShowRuntime Behavior ::run [ RunTime:0.000418s ]
INFO: [ view_filter ] --END-- [ RunTime:0.001558s ]
INFO: [ view_end ] --START--
INFO: ShowPageTrace Behavior ::run [ RunTime:0.000611s ]
INFO: [ view_end ] --END-- [ RunTime:0.000702s ]

[ 2014-06-27T20:03:56+08:00 ] 122.6.164.39 /admin.php?m=Article&a=index
INFO: [ app_begin ] --START--
INFO: ReadHtmlCache Behavior ::run [ RunTime:0.000504s ]
INFO: [ app_begin ] --END-- [ RunTime:0.000667s ]
SQL: SHOW COLUMNS FROM `sn_article_cat` [ RunTime:0.000817s ]
SQL: SELECT * FROM `sn_article_cat` ORDER BY acid desc LIMIT 4   [ RunTime:0.000103s ]
SQL: SHOW COLUMNS FROM `sn_pages` [ RunTime:0.000875s ]
SQL: SELECT * FROM `sn_pages` ORDER BY pagid desc LIMIT 7   [ RunTime:0.000132s ]
SQL: SHOW COLUMNS FROM `sn_config` [ RunTime:0.000796s ]
SQL: SELECT * FROM `sn_config` WHERE ( name="appid" ) LIMIT 1   [ RunTime:0.000096s ]
SQL: SELECT * FROM `sn_config` WHERE ( name="appkey" ) LIMIT 1   [ RunTime:0.000080s ]
NOTIC: [2] file_get_contents(http://union.bijiadao.net/api.php?a=open&amp;appid=12525525852&amp;appkey=88888888855855&amp;url=www.wmwcom.com) [<a href='function.file-get-contents'>function.file-get-contents</a>]: failed to open stream: HTTP request failed! HTTP/1.1 404 Not Found
 /home/kbbgiwvn/domains/wmwcom.com/public_html/admin/Lib/Action/CommonAction.class.php 第 29 行.
SQL: SHOW COLUMNS FROM `sn_article` [ RunTime:0.001057s ]
SQL: SELECT COUNT(*) AS tp_count FROM `sn_article` LIMIT 1   [ RunTime:0.000265s ]
SQL: SELECT * FROM `sn_article` ORDER BY aid desc LIMIT 0,10   [ RunTime:0.000314s ]
INFO: [ view_parse ] --START--
NOTIC: [8] Undefined index: dcsort /home/kbbgiwvn/domains/wmwcom.com/public_html/admin/Runtime/Cache/6a0fa1355e20b485f823227ab394fc93.php 第 172 行.
NOTIC: [8] Undefined index: channlid /home/kbbgiwvn/domains/wmwcom.com/public_html/admin/Runtime/Cache/6a0fa1355e20b485f823227ab394fc93.php 第 179 行.
NOTIC: [8] Undefined index: dcsort /home/kbbgiwvn/domains/wmwcom.com/public_html/admin/Runtime/Cache/6a0fa1355e20b485f823227ab394fc93.php 第 172 行.
NOTIC: [8] Undefined index: channlid /home/kbbgiwvn/domains/wmwcom.com/public_html/admin/Runtime/Cache/6a0fa1355e20b485f823227ab394fc93.php 第 179 行.
INFO: ParseTemplate Behavior ::run [ RunTime:0.035932s ]
INFO: [ view_parse ] --END-- [ RunTime:0.036055s ]
INFO: [ view_filter ] --START--
INFO: ContentReplace Behavior ::run [ RunTime:0.000509s ]
INFO: TokenBuild Behavior ::run [ RunTime:0.000337s ]
INFO: WriteHtmlCache Behavior ::run [ RunTime:0.000231s ]
INFO: ShowRuntime Behavior ::run [ RunTime:0.000385s ]
INFO: [ view_filter ] --END-- [ RunTime:0.001681s ]
INFO: [ view_end ] --START--
INFO: ShowPageTrace Behavior ::run [ RunTime:0.000619s ]
INFO: [ view_end ] --END-- [ RunTime:0.000707s ]

[ 2014-06-27T20:05:02+08:00 ] 14.17.34.191 /admin.php
INFO: [ app_begin ] --START--
INFO: ReadHtmlCache Behavior ::run [ RunTime:0.000498s ]
INFO: [ app_begin ] --END-- [ RunTime:0.000662s ]
NOTIC: [8] Undefined index: admin_key /home/kbbgiwvn/domains/wmwcom.com/public_html/admin/Lib/Action/CommonAction.class.php 第 9 行.

[ 2014-06-27T20:05:02+08:00 ] 14.17.34.191 /admin.php?m=Public&a=login
INFO: [ app_begin ] --START--
INFO: ReadHtmlCache Behavior ::run [ RunTime:0.000598s ]
INFO: [ app_begin ] --END-- [ RunTime:0.000808s ]
INFO: [ view_parse ] --START--
INFO: ParseTemplate Behavior ::run [ RunTime:0.008184s ]
INFO: [ view_parse ] --END-- [ RunTime:0.008319s ]
INFO: [ view_filter ] --START--
INFO: ContentReplace Behavior ::run [ RunTime:0.000382s ]
INFO: TokenBuild Behavior ::run [ RunTime:0.000370s ]
INFO: WriteHtmlCache Behavior ::run [ RunTime:0.000251s ]
INFO: ShowRuntime Behavior ::run [ RunTime:0.000412s ]
INFO: [ view_filter ] --END-- [ RunTime:0.001759s ]
INFO: [ view_end ] --START--
INFO: ShowPageTrace Behavior ::run [ RunTime:0.000665s ]
INFO: [ view_end ] --END-- [ RunTime:0.000762s ]

[ 2014-06-27T20:05:32+08:00 ] 122.6.164.39 /admin.php?m=Page&a=edit&id=16
NOTIC: [2] htmlspecialchars() expects parameter 2 to be long, string given /home/kbbgiwvn/domains/wmwcom.com/public_html/inc/Lib/Core/App.class.php 第 57 行.
NOTIC: [2] stripslashes() expects exactly 1 parameter, 2 given /home/kbbgiwvn/domains/wmwcom.com/public_html/inc/Lib/Core/App.class.php 第 57 行.
INFO: [ app_begin ] --START--
INFO: ReadHtmlCache Behavior ::run [ RunTime:0.000490s ]
INFO: [ app_begin ] --END-- [ RunTime:0.000645s ]
SQL: SHOW COLUMNS FROM `sn_article_cat` [ RunTime:0.000820s ]
SQL: SELECT * FROM `sn_article_cat` ORDER BY acid desc LIMIT 4   [ RunTime:0.000106s ]
SQL: SHOW COLUMNS FROM `sn_pages` [ RunTime:0.000871s ]
SQL: SELECT * FROM `sn_pages` ORDER BY pagid desc LIMIT 7   [ RunTime:0.000130s ]
SQL: SHOW COLUMNS FROM `sn_config` [ RunTime:0.000788s ]
SQL: SELECT * FROM `sn_config` WHERE ( name="appid" ) LIMIT 1   [ RunTime:0.000099s ]
SQL: SELECT * FROM `sn_config` WHERE ( name="appkey" ) LIMIT 1   [ RunTime:0.000077s ]
NOTIC: [2] file_get_contents(http://union.bijiadao.net/api.php?a=open&amp;appid=12525525852&amp;appkey=88888888855855&amp;url=www.wmwcom.com) [<a href='function.file-get-contents'>function.file-get-contents</a>]: failed to open stream: HTTP request failed! HTTP/1.1 404 Not Found
 /home/kbbgiwvn/domains/wmwcom.com/public_html/admin/Lib/Action/CommonAction.class.php 第 29 行.
NOTIC: 建议使用I方法替代_get
SQL: SELECT * FROM `sn_pages` WHERE ( `pagid` = 16 ) LIMIT 1   [ RunTime:0.000357s ]
INFO: [ view_parse ] --START--
NOTIC: [8] Undefined variable: clist /home/kbbgiwvn/domains/wmwcom.com/public_html/admin/Runtime/Cache/5f187ae262bbad6932cf89934dc0d266.php 第 186 行.
INFO: ParseTemplate Behavior ::run [ RunTime:0.023105s ]
INFO: [ view_parse ] --END-- [ RunTime:0.023218s ]
INFO: [ view_filter ] --START--
INFO: ContentReplace Behavior ::run [ RunTime:0.000411s ]
INFO: TokenBuild Behavior ::run [ RunTime:0.000500s ]
INFO: WriteHtmlCache Behavior ::run [ RunTime:0.000233s ]
INFO: ShowRuntime Behavior ::run [ RunTime:0.000427s ]
INFO: [ view_filter ] --END-- [ RunTime:0.001788s ]
INFO: [ view_end ] --START--
INFO: ShowPageTrace Behavior ::run [ RunTime:0.000626s ]
INFO: [ view_end ] --END-- [ RunTime:0.000710s ]

