[ 2014-07-16T11:58:04+08:00 ] 122.6.164.39 /admin.php
INFO: [ app_begin ] --START--
INFO: ReadHtmlCache Behavior ::run [ RunTime:0.000721s ]
INFO: [ app_begin ] --END-- [ RunTime:0.000944s ]
NOTIC: [8] Undefined index: admin_key /home/kbbgiwvn/domains/wmwcom.com/public_html/admin/Lib/Action/CommonAction.class.php 第 9 行.

[ 2014-07-16T11:58:04+08:00 ] 180.153.214.192 /admin.php
INFO: [ app_begin ] --START--
INFO: ReadHtmlCache Behavior ::run [ RunTime:0.000705s ]
INFO: [ app_begin ] --END-- [ RunTime:0.000954s ]
NOTIC: [8] Undefined index: admin_key /home/kbbgiwvn/domains/wmwcom.com/public_html/admin/Lib/Action/CommonAction.class.php 第 9 行.

[ 2014-07-16T11:58:04+08:00 ] 180.153.214.192 /admin.php?m=Public&a=login
INFO: [ app_begin ] --START--
INFO: ReadHtmlCache Behavior ::run [ RunTime:0.000480s ]
INFO: [ app_begin ] --END-- [ RunTime:0.000640s ]
INFO: [ view_parse ] --START--
INFO: ParseTemplate Behavior ::run [ RunTime:0.055489s ]
INFO: [ view_parse ] --END-- [ RunTime:0.055672s ]
INFO: [ view_filter ] --START--
INFO: ContentReplace Behavior ::run [ RunTime:0.000487s ]
INFO: TokenBuild Behavior ::run [ RunTime:0.000350s ]
INFO: WriteHtmlCache Behavior ::run [ RunTime:0.000241s ]
INFO: ShowRuntime Behavior ::run [ RunTime:0.000392s ]
INFO: [ view_filter ] --END-- [ RunTime:0.001738s ]
INFO: [ view_end ] --START--
INFO: ShowPageTrace Behavior ::run [ RunTime:0.000696s ]
INFO: [ view_end ] --END-- [ RunTime:0.000801s ]

[ 2014-07-16T11:58:04+08:00 ] 122.6.164.39 /admin.php?m=Public&a=login
INFO: [ app_begin ] --START--
INFO: ReadHtmlCache Behavior ::run [ RunTime:0.000496s ]
INFO: [ app_begin ] --END-- [ RunTime:0.000659s ]
INFO: [ view_parse ] --START--
INFO: ParseTemplate Behavior ::run [ RunTime:0.007622s ]
INFO: [ view_parse ] --END-- [ RunTime:0.007736s ]
INFO: [ view_filter ] --START--
INFO: ContentReplace Behavior ::run [ RunTime:0.000342s ]
INFO: TokenBuild Behavior ::run [ RunTime:0.000337s ]
INFO: WriteHtmlCache Behavior ::run [ RunTime:0.000220s ]
INFO: ShowRuntime Behavior ::run [ RunTime:0.000369s ]
INFO: [ view_filter ] --END-- [ RunTime:0.001472s ]
INFO: [ view_end ] --START--
INFO: ShowPageTrace Behavior ::run [ RunTime:0.000730s ]
INFO: [ view_end ] --END-- [ RunTime:0.000820s ]

[ 2014-07-16T11:58:08+08:00 ] 112.64.235.90 /admin.php?m=Public&a=login
INFO: [ app_begin ] --START--
INFO: ReadHtmlCache Behavior ::run [ RunTime:0.000618s ]
INFO: [ app_begin ] --END-- [ RunTime:0.000853s ]
INFO: [ view_parse ] --START--
INFO: ParseTemplate Behavior ::run [ RunTime:0.008832s ]
INFO: [ view_parse ] --END-- [ RunTime:0.008982s ]
INFO: [ view_filter ] --START--
INFO: ContentReplace Behavior ::run [ RunTime:0.000428s ]
INFO: TokenBuild Behavior ::run [ RunTime:0.000422s ]
INFO: WriteHtmlCache Behavior ::run [ RunTime:0.000282s ]
INFO: ShowRuntime Behavior ::run [ RunTime:0.000582s ]
INFO: [ view_filter ] --END-- [ RunTime:0.002021s ]
INFO: [ view_end ] --START--
INFO: ShowPageTrace Behavior ::run [ RunTime:0.000747s ]
INFO: [ view_end ] --END-- [ RunTime:0.000861s ]

[ 2014-07-16T11:58:16+08:00 ] 122.6.164.39 /admin.php?m=Public&a=dologin
NOTIC: [2] htmlspecialchars() expects parameter 2 to be long, string given /home/kbbgiwvn/domains/wmwcom.com/public_html/inc/Lib/Core/App.class.php 第 56 行.
NOTIC: [2] htmlspecialchars() expects parameter 2 to be long, string given /home/kbbgiwvn/domains/wmwcom.com/public_html/inc/Lib/Core/App.class.php 第 56 行.
NOTIC: [2] stripslashes() expects exactly 1 parameter, 2 given /home/kbbgiwvn/domains/wmwcom.com/public_html/inc/Lib/Core/App.class.php 第 56 行.
NOTIC: [2] stripslashes() expects exactly 1 parameter, 2 given /home/kbbgiwvn/domains/wmwcom.com/public_html/inc/Lib/Core/App.class.php 第 56 行.
INFO: [ app_begin ] --START--
INFO: ReadHtmlCache Behavior ::run [ RunTime:0.000507s ]
INFO: [ app_begin ] --END-- [ RunTime:0.000642s ]
SQL: SHOW COLUMNS FROM `sn_members` [ RunTime:0.020881s ]
NOTIC: [8] Undefined index: verify /home/kbbgiwvn/domains/wmwcom.com/public_html/admin/Lib/Action/PublicAction.class.php 第 49 行.
SQL: SELECT `uid`,`userpass`,`nickname`,`username`,`create_time`,`usergroup` FROM `sn_members` WHERE ( `username` = 'admin888' ) AND ( `userlevel` = 99 ) LIMIT 1   [ RunTime:0.000546s ]
SQL: UPDATE `sn_members` SET `create_time`=1405483096,`last_login_time`=1404013144,`last_login_ip`='122.6.164.39' WHERE ( uid=2 ) [ RunTime:0.000315s ]
NOTIC: [8] Undefined variable: var /home/kbbgiwvn/domains/wmwcom.com/public_html/inc/Common/functions.php 第 247 行.
NOTIC: [2] array_reverse() expects parameter 1 to be array, null given /home/kbbgiwvn/domains/wmwcom.com/public_html/inc/Common/functions.php 第 247 行.
NOTIC: [2] http_build_query() [<a href='function.http-build-query'>function.http-build-query</a>]: Parameter 1 expected to be Array or Object.  Incorrect value given /home/kbbgiwvn/domains/wmwcom.com/public_html/inc/Common/functions.php 第 247 行.

[ 2014-07-16T11:58:16+08:00 ] 101.226.51.230 /admin.php?&m=Config&a=index
INFO: [ app_begin ] --START--
INFO: ReadHtmlCache Behavior ::run [ RunTime:0.000500s ]
INFO: [ app_begin ] --END-- [ RunTime:0.000658s ]
NOTIC: [8] Undefined index: admin_key /home/kbbgiwvn/domains/wmwcom.com/public_html/admin/Lib/Action/CommonAction.class.php 第 9 行.

[ 2014-07-16T11:58:17+08:00 ] 101.226.51.230 /admin.php?m=Public&a=login
INFO: [ app_begin ] --START--
INFO: ReadHtmlCache Behavior ::run [ RunTime:0.000491s ]
INFO: [ app_begin ] --END-- [ RunTime:0.000650s ]
INFO: [ view_parse ] --START--
INFO: ParseTemplate Behavior ::run [ RunTime:0.007643s ]
INFO: [ view_parse ] --END-- [ RunTime:0.007758s ]
INFO: [ view_filter ] --START--
INFO: ContentReplace Behavior ::run [ RunTime:0.000362s ]
INFO: TokenBuild Behavior ::run [ RunTime:0.000312s ]
INFO: WriteHtmlCache Behavior ::run [ RunTime:0.000212s ]
INFO: ShowRuntime Behavior ::run [ RunTime:0.000399s ]
INFO: [ view_filter ] --END-- [ RunTime:0.001493s ]
INFO: [ view_end ] --START--
INFO: ShowPageTrace Behavior ::run [ RunTime:0.000709s ]
INFO: [ view_end ] --END-- [ RunTime:0.000808s ]

[ 2014-07-16T11:58:17+08:00 ] 122.6.164.39 /admin.php?&m=Config&a=index
INFO: [ app_begin ] --START--
INFO: ReadHtmlCache Behavior ::run [ RunTime:0.000490s ]
INFO: [ app_begin ] --END-- [ RunTime:0.000652s ]
SQL: SHOW COLUMNS FROM `sn_article_cat` [ RunTime:0.001153s ]
SQL: SELECT * FROM `sn_article_cat` ORDER BY acid desc LIMIT 4   [ RunTime:0.000456s ]
SQL: SHOW COLUMNS FROM `sn_pages` [ RunTime:0.001303s ]
SQL: SELECT * FROM `sn_pages` ORDER BY pagid desc LIMIT 7   [ RunTime:0.000487s ]
SQL: SHOW COLUMNS FROM `sn_config` [ RunTime:0.001166s ]
SQL: SELECT * FROM `sn_config` WHERE ( name="appid" ) LIMIT 1   [ RunTime:0.000479s ]
SQL: SELECT * FROM `sn_config` WHERE ( name="appkey" ) LIMIT 1   [ RunTime:0.000429s ]
NOTIC: [2] file_get_contents(http://union.bijiadao.net/api.php?a=open&amp;appid=12525525852&amp;appkey=88888888855855&amp;url=www.wmwcom.com) [<a href='function.file-get-contents'>function.file-get-contents</a>]: failed to open stream: HTTP request failed! HTTP/1.1 404 Not Found
 /home/kbbgiwvn/domains/wmwcom.com/public_html/admin/Lib/Action/CommonAction.class.php 第 29 行.
NOTIC: [8] Undefined index: id /home/kbbgiwvn/domains/wmwcom.com/public_html/admin/Lib/Action/ConfigAction.class.php 第 13 行.
SQL: SELECT * FROM `sn_config` WHERE ( cate=0 )  [ RunTime:0.000428s ]
INFO: [ view_parse ] --START--
INFO: ParseTemplate Behavior ::run [ RunTime:0.049746s ]
INFO: [ view_parse ] --END-- [ RunTime:0.049883s ]
INFO: [ view_filter ] --START--
INFO: ContentReplace Behavior ::run [ RunTime:0.000389s ]
INFO: TokenBuild Behavior ::run [ RunTime:0.000336s ]
INFO: WriteHtmlCache Behavior ::run [ RunTime:0.000215s ]
INFO: ShowRuntime Behavior ::run [ RunTime:0.000387s ]
INFO: [ view_filter ] --END-- [ RunTime:0.001537s ]
INFO: [ view_end ] --START--
INFO: ShowPageTrace Behavior ::run [ RunTime:0.000623s ]
INFO: [ view_end ] --END-- [ RunTime:0.000715s ]

[ 2014-07-16T11:58:58+08:00 ] 122.6.164.39 /admin.php?m=Config&a=add
NOTIC: [2] htmlspecialchars() expects parameter 2 to be long, string given /home/kbbgiwvn/domains/wmwcom.com/public_html/inc/Lib/Core/App.class.php 第 56 行.
NOTIC: [2] htmlspecialchars() expects parameter 2 to be long, string given /home/kbbgiwvn/domains/wmwcom.com/public_html/inc/Lib/Core/App.class.php 第 56 行.
NOTIC: [2] htmlspecialchars() expects parameter 2 to be long, string given /home/kbbgiwvn/domains/wmwcom.com/public_html/inc/Lib/Core/App.class.php 第 56 行.
NOTIC: [2] htmlspecialchars() expects parameter 2 to be long, string given /home/kbbgiwvn/domains/wmwcom.com/public_html/inc/Lib/Core/App.class.php 第 56 行.
NOTIC: [2] htmlspecialchars() expects parameter 2 to be long, string given /home/kbbgiwvn/domains/wmwcom.com/public_html/inc/Lib/Core/App.class.php 第 56 行.
NOTIC: [2] htmlspecialchars() expects parameter 2 to be long, string given /home/kbbgiwvn/domains/wmwcom.com/public_html/inc/Lib/Core/App.class.php 第 56 行.
NOTIC: [2] htmlspecialchars() expects parameter 2 to be long, string given /home/kbbgiwvn/domains/wmwcom.com/public_html/inc/Lib/Core/App.class.php 第 56 行.
NOTIC: [2] htmlspecialchars() expects parameter 2 to be long, string given /home/kbbgiwvn/domains/wmwcom.com/public_html/inc/Lib/Core/App.class.php 第 56 行.
NOTIC: [2] htmlspecialchars() expects parameter 2 to be long, string given /home/kbbgiwvn/domains/wmwcom.com/public_html/inc/Lib/Core/App.class.php 第 56 行.
NOTIC: [2] stripslashes() expects exactly 1 parameter, 2 given /home/kbbgiwvn/domains/wmwcom.com/public_html/inc/Lib/Core/App.class.php 第 56 行.
NOTIC: [2] stripslashes() expects exactly 1 parameter, 2 given /home/kbbgiwvn/domains/wmwcom.com/public_html/inc/Lib/Core/App.class.php 第 56 行.
NOTIC: [2] stripslashes() expects exactly 1 parameter, 2 given /home/kbbgiwvn/domains/wmwcom.com/public_html/inc/Lib/Core/App.class.php 第 56 行.
NOTIC: [2] stripslashes() expects exactly 1 parameter, 2 given /home/kbbgiwvn/domains/wmwcom.com/public_html/inc/Lib/Core/App.class.php 第 56 行.
NOTIC: [2] stripslashes() expects exactly 1 parameter, 2 given /home/kbbgiwvn/domains/wmwcom.com/public_html/inc/Lib/Core/App.class.php 第 56 行.
NOTIC: [2] stripslashes() expects exactly 1 parameter, 2 given /home/kbbgiwvn/domains/wmwcom.com/public_html/inc/Lib/Core/App.class.php 第 56 行.
NOTIC: [2] stripslashes() expects exactly 1 parameter, 2 given /home/kbbgiwvn/domains/wmwcom.com/public_html/inc/Lib/Core/App.class.php 第 56 行.
NOTIC: [2] stripslashes() expects exactly 1 parameter, 2 given /home/kbbgiwvn/domains/wmwcom.com/public_html/inc/Lib/Core/App.class.php 第 56 行.
NOTIC: [2] stripslashes() expects exactly 1 parameter, 2 given /home/kbbgiwvn/domains/wmwcom.com/public_html/inc/Lib/Core/App.class.php 第 56 行.
INFO: [ app_begin ] --START--
INFO: ReadHtmlCache Behavior ::run [ RunTime:0.000510s ]
INFO: [ app_begin ] --END-- [ RunTime:0.000645s ]
SQL: SHOW COLUMNS FROM `sn_article_cat` [ RunTime:0.000963s ]
SQL: SELECT * FROM `sn_article_cat` ORDER BY acid desc LIMIT 4   [ RunTime:0.000113s ]
SQL: SHOW COLUMNS FROM `sn_pages` [ RunTime:0.001030s ]
SQL: SELECT * FROM `sn_pages` ORDER BY pagid desc LIMIT 7   [ RunTime:0.000133s ]
SQL: SHOW COLUMNS FROM `sn_config` [ RunTime:0.000947s ]
SQL: SELECT * FROM `sn_config` WHERE ( name="appid" ) LIMIT 1   [ RunTime:0.000105s ]
SQL: SELECT * FROM `sn_config` WHERE ( name="appkey" ) LIMIT 1   [ RunTime:0.000077s ]
NOTIC: [2] file_get_contents(http://union.bijiadao.net/api.php?a=open&amp;appid=12525525852&amp;appkey=88888888855855&amp;url=www.wmwcom.com) [<a href='function.file-get-contents'>function.file-get-contents</a>]: failed to open stream: HTTP request failed! HTTP/1.1 404 Not Found
 /home/kbbgiwvn/domains/wmwcom.com/public_html/admin/Lib/Action/CommonAction.class.php 第 29 行.
NOTIC: [2] htmlspecialchars() expects parameter 2 to be long, string given /home/kbbgiwvn/domains/wmwcom.com/public_html/inc/Common/common.php 第 110 行.
NOTIC: [2] htmlspecialchars() expects parameter 2 to be long, string given /home/kbbgiwvn/domains/wmwcom.com/public_html/inc/Common/common.php 第 110 行.
NOTIC: [2] htmlspecialchars() expects parameter 2 to be long, string given /home/kbbgiwvn/domains/wmwcom.com/public_html/inc/Common/common.php 第 110 行.
NOTIC: [2] htmlspecialchars() expects parameter 2 to be long, string given /home/kbbgiwvn/domains/wmwcom.com/public_html/inc/Common/common.php 第 110 行.
NOTIC: [2] htmlspecialchars() expects parameter 2 to be long, string given /home/kbbgiwvn/domains/wmwcom.com/public_html/inc/Common/common.php 第 110 行.
NOTIC: [2] htmlspecialchars() expects parameter 2 to be long, string given /home/kbbgiwvn/domains/wmwcom.com/public_html/inc/Common/common.php 第 110 行.
NOTIC: [2] htmlspecialchars() expects parameter 2 to be long, string given /home/kbbgiwvn/domains/wmwcom.com/public_html/inc/Common/common.php 第 110 行.
NOTIC: [2] htmlspecialchars() expects parameter 2 to be long, string given /home/kbbgiwvn/domains/wmwcom.com/public_html/inc/Common/common.php 第 110 行.
NOTIC: [2] htmlspecialchars() expects parameter 2 to be long, string given /home/kbbgiwvn/domains/wmwcom.com/public_html/inc/Common/common.php 第 110 行.
NOTIC: [2] stripslashes() expects exactly 1 parameter, 2 given /home/kbbgiwvn/domains/wmwcom.com/public_html/inc/Common/common.php 第 110 行.
NOTIC: [2] stripslashes() expects exactly 1 parameter, 2 given /home/kbbgiwvn/domains/wmwcom.com/public_html/inc/Common/common.php 第 110 行.
NOTIC: [2] stripslashes() expects exactly 1 parameter, 2 given /home/kbbgiwvn/domains/wmwcom.com/public_html/inc/Common/common.php 第 110 行.
NOTIC: [2] stripslashes() expects exactly 1 parameter, 2 given /home/kbbgiwvn/domains/wmwcom.com/public_html/inc/Common/common.php 第 110 行.
NOTIC: [2] stripslashes() expects exactly 1 parameter, 2 given /home/kbbgiwvn/domains/wmwcom.com/public_html/inc/Common/common.php 第 110 行.
NOTIC: [2] stripslashes() expects exactly 1 parameter, 2 given /home/kbbgiwvn/domains/wmwcom.com/public_html/inc/Common/common.php 第 110 行.
NOTIC: [2] stripslashes() expects exactly 1 parameter, 2 given /home/kbbgiwvn/domains/wmwcom.com/public_html/inc/Common/common.php 第 110 行.
NOTIC: [2] stripslashes() expects exactly 1 parameter, 2 given /home/kbbgiwvn/domains/wmwcom.com/public_html/inc/Common/common.php 第 110 行.
NOTIC: [2] stripslashes() expects exactly 1 parameter, 2 given /home/kbbgiwvn/domains/wmwcom.com/public_html/inc/Common/common.php 第 110 行.
NOTIC: 建议使用I方法替代_post
NOTIC: 建议使用I方法替代_post
NOTIC: 建议使用I方法替代_post
NOTIC: [2] htmlspecialchars() expects parameter 2 to be long, string given /home/kbbgiwvn/domains/wmwcom.com/public_html/inc/Common/common.php 第 110 行.
NOTIC: [2] htmlspecialchars() expects parameter 2 to be long, string given /home/kbbgiwvn/domains/wmwcom.com/public_html/inc/Common/common.php 第 110 行.
NOTIC: [2] htmlspecialchars() expects parameter 2 to be long, string given /home/kbbgiwvn/domains/wmwcom.com/public_html/inc/Common/common.php 第 110 行.
NOTIC: [2] htmlspecialchars() expects parameter 2 to be long, string given /home/kbbgiwvn/domains/wmwcom.com/public_html/inc/Common/common.php 第 110 行.
NOTIC: [2] htmlspecialchars() expects parameter 2 to be long, string given /home/kbbgiwvn/domains/wmwcom.com/public_html/inc/Common/common.php 第 110 行.
NOTIC: [2] htmlspecialchars() expects parameter 2 to be long, string given /home/kbbgiwvn/domains/wmwcom.com/public_html/inc/Common/common.php 第 110 行.
NOTIC: [2] htmlspecialchars() expects parameter 2 to be long, string given /home/kbbgiwvn/domains/wmwcom.com/public_html/inc/Common/common.php 第 110 行.
NOTIC: [2] htmlspecialchars() expects parameter 2 to be long, string given /home/kbbgiwvn/domains/wmwcom.com/public_html/inc/Common/common.php 第 110 行.
NOTIC: [2] htmlspecialchars() expects parameter 2 to be long, string given /home/kbbgiwvn/domains/wmwcom.com/public_html/inc/Common/common.php 第 110 行.
NOTIC: [2] stripslashes() expects exactly 1 parameter, 2 given /home/kbbgiwvn/domains/wmwcom.com/public_html/inc/Common/common.php 第 110 行.
NOTIC: [2] stripslashes() expects exactly 1 parameter, 2 given /home/kbbgiwvn/domains/wmwcom.com/public_html/inc/Common/common.php 第 110 行.
NOTIC: [2] stripslashes() expects exactly 1 parameter, 2 given /home/kbbgiwvn/domains/wmwcom.com/public_html/inc/Common/common.php 第 110 行.
NOTIC: [2] stripslashes() expects exactly 1 parameter, 2 given /home/kbbgiwvn/domains/wmwcom.com/public_html/inc/Common/common.php 第 110 行.
NOTIC: [2] stripslashes() expects exactly 1 parameter, 2 given /home/kbbgiwvn/domains/wmwcom.com/public_html/inc/Common/common.php 第 110 行.
NOTIC: [2] stripslashes() expects exactly 1 parameter, 2 given /home/kbbgiwvn/domains/wmwcom.com/public_html/inc/Common/common.php 第 110 行.
NOTIC: [2] stripslashes() expects exactly 1 parameter, 2 given /home/kbbgiwvn/domains/wmwcom.com/public_html/inc/Common/common.php 第 110 行.
NOTIC: [2] stripslashes() expects exactly 1 parameter, 2 given /home/kbbgiwvn/domains/wmwcom.com/public_html/inc/Common/common.php 第 110 行.
NOTIC: [2] stripslashes() expects exactly 1 parameter, 2 given /home/kbbgiwvn/domains/wmwcom.com/public_html/inc/Common/common.php 第 110 行.
NOTIC: 建议使用I方法替代_post
NOTIC: 建议使用I方法替代_post
NOTIC: 建议使用I方法替代_post
NOTIC: 建议使用I方法替代_post
NOTIC: 建议使用I方法替代_post
SQL: UPDATE `sn_config` SET `value`='订餐系统' WHERE ( `name` = 'title' ) [ RunTime:0.000403s ]
SQL: UPDATE `sn_config` SET `value`='罗庄在线订餐系统' WHERE ( `name` = 'name' ) [ RunTime:0.000242s ]
SQL: UPDATE `sn_config` SET `value`='' WHERE ( `name` = 'key' ) [ RunTime:0.000177s ]
SQL: UPDATE `sn_config` SET `value`='临沂订餐，罗庄订餐' WHERE ( `name` = 'des' ) [ RunTime:0.000209s ]
SQL: UPDATE `sn_config` SET `value`='http://www.wmwcom.com' WHERE ( `name` = 'url' ) [ RunTime:0.000174s ]
SQL: UPDATE `sn_config` SET `value`='fsdf75765666' WHERE ( `name` = 'tj' ) [ RunTime:0.000210s ]
SQL: UPDATE `sn_config` SET `value`=null WHERE ( `name` = 'beian' ) [ RunTime:0.000157s ]
SQL: UPDATE `sn_config` SET `value`='0' WHERE ( `name` = 'isorder' ) [ RunTime:0.000169s ]
SQL: UPDATE `sn_config` SET `value`=null WHERE ( `name` = 'islogin' ) [ RunTime:0.000155s ]
INFO: [ view_parse ] --START--
INFO: ParseTemplate Behavior ::run [ RunTime:0.039251s ]
INFO: [ view_parse ] --END-- [ RunTime:0.039364s ]
INFO: [ view_filter ] --START--
INFO: ContentReplace Behavior ::run [ RunTime:0.000376s ]
INFO: TokenBuild Behavior ::run [ RunTime:0.000328s ]
INFO: WriteHtmlCache Behavior ::run [ RunTime:0.000216s ]
INFO: ShowRuntime Behavior ::run [ RunTime:0.000422s ]
INFO: [ view_filter ] --END-- [ RunTime:0.001553s ]
INFO: [ view_end ] --START--
INFO: ShowPageTrace Behavior ::run [ RunTime:0.000657s ]
INFO: [ view_end ] --END-- [ RunTime:0.000749s ]

[ 2014-07-16T11:59:01+08:00 ] 122.6.164.39 /admin.php?&m=Config&a=index
INFO: [ app_begin ] --START--
INFO: ReadHtmlCache Behavior ::run [ RunTime:0.000513s ]
INFO: [ app_begin ] --END-- [ RunTime:0.000675s ]
SQL: SHOW COLUMNS FROM `sn_article_cat` [ RunTime:0.000820s ]
SQL: SELECT * FROM `sn_article_cat` ORDER BY acid desc LIMIT 4   [ RunTime:0.000106s ]
SQL: SHOW COLUMNS FROM `sn_pages` [ RunTime:0.000863s ]
SQL: SELECT * FROM `sn_pages` ORDER BY pagid desc LIMIT 7   [ RunTime:0.000132s ]
SQL: SHOW COLUMNS FROM `sn_config` [ RunTime:0.000789s ]
SQL: SELECT * FROM `sn_config` WHERE ( name="appid" ) LIMIT 1   [ RunTime:0.000299s ]
SQL: SELECT * FROM `sn_config` WHERE ( name="appkey" ) LIMIT 1   [ RunTime:0.000261s ]
NOTIC: [2] file_get_contents(http://union.bijiadao.net/api.php?a=open&amp;appid=12525525852&amp;appkey=88888888855855&amp;url=www.wmwcom.com) [<a href='function.file-get-contents'>function.file-get-contents</a>]: failed to open stream: HTTP request failed! HTTP/1.1 404 Not Found
 /home/kbbgiwvn/domains/wmwcom.com/public_html/admin/Lib/Action/CommonAction.class.php 第 29 行.
NOTIC: [8] Undefined index: id /home/kbbgiwvn/domains/wmwcom.com/public_html/admin/Lib/Action/ConfigAction.class.php 第 13 行.
SQL: SELECT * FROM `sn_config` WHERE ( cate=0 )  [ RunTime:0.000579s ]
INFO: [ view_parse ] --START--
INFO: ParseTemplate Behavior ::run [ RunTime:0.018953s ]
INFO: [ view_parse ] --END-- [ RunTime:0.019084s ]
INFO: [ view_filter ] --START--
INFO: ContentReplace Behavior ::run [ RunTime:0.000379s ]
INFO: TokenBuild Behavior ::run [ RunTime:0.000314s ]
INFO: WriteHtmlCache Behavior ::run [ RunTime:0.000306s ]
INFO: ShowRuntime Behavior ::run [ RunTime:0.000398s ]
INFO: [ view_filter ] --END-- [ RunTime:0.001627s ]
INFO: [ view_end ] --START--
INFO: ShowPageTrace Behavior ::run [ RunTime:0.000607s ]
INFO: [ view_end ] --END-- [ RunTime:0.000700s ]

[ 2014-07-16T11:59:08+08:00 ] 101.226.51.226 /admin.php?m=Shop&a=index
INFO: [ app_begin ] --START--
INFO: ReadHtmlCache Behavior ::run [ RunTime:0.000532s ]
INFO: [ app_begin ] --END-- [ RunTime:0.000712s ]
NOTIC: [8] Undefined index: admin_key /home/kbbgiwvn/domains/wmwcom.com/public_html/admin/Lib/Action/CommonAction.class.php 第 9 行.

[ 2014-07-16T11:59:08+08:00 ] 101.226.51.226 /admin.php?m=Public&a=login
INFO: [ app_begin ] --START--
INFO: ReadHtmlCache Behavior ::run [ RunTime:0.000554s ]
INFO: [ app_begin ] --END-- [ RunTime:0.000726s ]
INFO: [ view_parse ] --START--
INFO: ParseTemplate Behavior ::run [ RunTime:0.008378s ]
INFO: [ view_parse ] --END-- [ RunTime:0.008503s ]
INFO: [ view_filter ] --START--
INFO: ContentReplace Behavior ::run [ RunTime:0.000419s ]
INFO: TokenBuild Behavior ::run [ RunTime:0.000363s ]
INFO: WriteHtmlCache Behavior ::run [ RunTime:0.000280s ]
INFO: ShowRuntime Behavior ::run [ RunTime:0.000485s ]
INFO: [ view_filter ] --END-- [ RunTime:0.001799s ]
INFO: [ view_end ] --START--
INFO: ShowPageTrace Behavior ::run [ RunTime:0.000639s ]
INFO: [ view_end ] --END-- [ RunTime:0.000745s ]

[ 2014-07-16T11:59:08+08:00 ] 122.6.164.39 /admin.php?m=Shop&a=index
INFO: [ app_begin ] --START--
INFO: ReadHtmlCache Behavior ::run [ RunTime:0.000502s ]
INFO: [ app_begin ] --END-- [ RunTime:0.000665s ]
SQL: SHOW COLUMNS FROM `sn_article_cat` [ RunTime:0.001097s ]
SQL: SELECT * FROM `sn_article_cat` ORDER BY acid desc LIMIT 4   [ RunTime:0.000164s ]
SQL: SHOW COLUMNS FROM `sn_pages` [ RunTime:0.001256s ]
SQL: SELECT * FROM `sn_pages` ORDER BY pagid desc LIMIT 7   [ RunTime:0.000167s ]
SQL: SHOW COLUMNS FROM `sn_config` [ RunTime:0.002932s ]
SQL: SELECT * FROM `sn_config` WHERE ( name="appid" ) LIMIT 1   [ RunTime:0.000168s ]
SQL: SELECT * FROM `sn_config` WHERE ( name="appkey" ) LIMIT 1   [ RunTime:0.000115s ]
NOTIC: [2] file_get_contents(http://union.bijiadao.net/api.php?a=open&amp;appid=12525525852&amp;appkey=88888888855855&amp;url=www.wmwcom.com) [<a href='function.file-get-contents'>function.file-get-contents</a>]: failed to open stream: HTTP request failed! HTTP/1.1 404 Not Found
 /home/kbbgiwvn/domains/wmwcom.com/public_html/admin/Lib/Action/CommonAction.class.php 第 29 行.
SQL: SHOW COLUMNS FROM `sn_shop` [ RunTime:0.001570s ]
SQL: SELECT COUNT(*) AS tp_count FROM `sn_shop` LIMIT 1   [ RunTime:0.000986s ]
SQL: SELECT * FROM `sn_shop` ORDER BY sid desc LIMIT 0,10   [ RunTime:0.000628s ]
INFO: [ view_parse ] --START--
INFO: ParseTemplate Behavior ::run [ RunTime:0.034749s ]
INFO: [ view_parse ] --END-- [ RunTime:0.034923s ]
INFO: [ view_filter ] --START--
INFO: ContentReplace Behavior ::run [ RunTime:0.000539s ]
INFO: TokenBuild Behavior ::run [ RunTime:0.000392s ]
INFO: WriteHtmlCache Behavior ::run [ RunTime:0.000284s ]
INFO: ShowRuntime Behavior ::run [ RunTime:0.000412s ]
INFO: [ view_filter ] --END-- [ RunTime:0.001909s ]
INFO: [ view_end ] --START--
INFO: ShowPageTrace Behavior ::run [ RunTime:0.000645s ]
INFO: [ view_end ] --END-- [ RunTime:0.000743s ]

[ 2014-07-16T11:59:12+08:00 ] 180.153.206.31 /admin.php?m=Shop&a=edit&id=8
NOTIC: [2] htmlspecialchars() expects parameter 2 to be long, string given /home/kbbgiwvn/domains/wmwcom.com/public_html/inc/Lib/Core/App.class.php 第 57 行.
NOTIC: [2] stripslashes() expects exactly 1 parameter, 2 given /home/kbbgiwvn/domains/wmwcom.com/public_html/inc/Lib/Core/App.class.php 第 57 行.
INFO: [ app_begin ] --START--
INFO: ReadHtmlCache Behavior ::run [ RunTime:0.000510s ]
INFO: [ app_begin ] --END-- [ RunTime:0.000646s ]
NOTIC: [8] Undefined index: admin_key /home/kbbgiwvn/domains/wmwcom.com/public_html/admin/Lib/Action/CommonAction.class.php 第 9 行.

[ 2014-07-16T11:59:12+08:00 ] 180.153.206.31 /admin.php?m=Public&a=login
INFO: [ app_begin ] --START--
INFO: ReadHtmlCache Behavior ::run [ RunTime:0.000517s ]
INFO: [ app_begin ] --END-- [ RunTime:0.000713s ]
INFO: [ view_parse ] --START--
INFO: ParseTemplate Behavior ::run [ RunTime:0.008331s ]
INFO: [ view_parse ] --END-- [ RunTime:0.008459s ]
INFO: [ view_filter ] --START--
INFO: ContentReplace Behavior ::run [ RunTime:0.000390s ]
INFO: TokenBuild Behavior ::run [ RunTime:0.000346s ]
INFO: WriteHtmlCache Behavior ::run [ RunTime:0.000235s ]
INFO: ShowRuntime Behavior ::run [ RunTime:0.000420s ]
INFO: [ view_filter ] --END-- [ RunTime:0.001645s ]
INFO: [ view_end ] --START--
INFO: ShowPageTrace Behavior ::run [ RunTime:0.000753s ]
INFO: [ view_end ] --END-- [ RunTime:0.000915s ]

[ 2014-07-16T11:59:12+08:00 ] 122.6.164.39 /admin.php?m=Shop&a=edit&id=8
NOTIC: [2] htmlspecialchars() expects parameter 2 to be long, string given /home/kbbgiwvn/domains/wmwcom.com/public_html/inc/Lib/Core/App.class.php 第 57 行.
NOTIC: [2] stripslashes() expects exactly 1 parameter, 2 given /home/kbbgiwvn/domains/wmwcom.com/public_html/inc/Lib/Core/App.class.php 第 57 行.
INFO: [ app_begin ] --START--
INFO: ReadHtmlCache Behavior ::run [ RunTime:0.000681s ]
INFO: [ app_begin ] --END-- [ RunTime:0.000892s ]
SQL: SHOW COLUMNS FROM `sn_article_cat` [ RunTime:0.001081s ]
SQL: SELECT * FROM `sn_article_cat` ORDER BY acid desc LIMIT 4   [ RunTime:0.000164s ]
SQL: SHOW COLUMNS FROM `sn_pages` [ RunTime:0.001356s ]
SQL: SELECT * FROM `sn_pages` ORDER BY pagid desc LIMIT 7   [ RunTime:0.000176s ]
SQL: SHOW COLUMNS FROM `sn_config` [ RunTime:0.001123s ]
SQL: SELECT * FROM `sn_config` WHERE ( name="appid" ) LIMIT 1   [ RunTime:0.000122s ]
SQL: SELECT * FROM `sn_config` WHERE ( name="appkey" ) LIMIT 1   [ RunTime:0.000102s ]
NOTIC: [2] file_get_contents(http://union.bijiadao.net/api.php?a=open&amp;appid=12525525852&amp;appkey=88888888855855&amp;url=www.wmwcom.com) [<a href='function.file-get-contents'>function.file-get-contents</a>]: failed to open stream: HTTP request failed! HTTP/1.1 404 Not Found
 /home/kbbgiwvn/domains/wmwcom.com/public_html/admin/Lib/Action/CommonAction.class.php 第 29 行.
SQL: SHOW COLUMNS FROM `sn_shop` [ RunTime:0.000919s ]
SQL: SELECT * FROM `sn_shop` WHERE ( `sid` = 8 ) LIMIT 1   [ RunTime:0.000439s ]
SQL: SHOW COLUMNS FROM `sn_foodcat` [ RunTime:0.000875s ]
SQL: SELECT * FROM `sn_foodcat`  [ RunTime:0.000099s ]
SQL: SHOW COLUMNS FROM `sn_area` [ RunTime:0.000836s ]
SQL: SELECT * FROM `sn_area`  [ RunTime:0.000108s ]
INFO: [ view_parse ] --START--
NOTIC: [8] Undefined index: fcid /home/kbbgiwvn/domains/wmwcom.com/public_html/admin/Runtime/Cache/404e7360daef60d6de720f89e4a30d0d.php 第 152 行.
NOTIC: [8] Undefined index: fcid /home/kbbgiwvn/domains/wmwcom.com/public_html/admin/Runtime/Cache/404e7360daef60d6de720f89e4a30d0d.php 第 152 行.
NOTIC: [8] Undefined index: fcid /home/kbbgiwvn/domains/wmwcom.com/public_html/admin/Runtime/Cache/404e7360daef60d6de720f89e4a30d0d.php 第 152 行.
NOTIC: [8] Undefined index: fcid /home/kbbgiwvn/domains/wmwcom.com/public_html/admin/Runtime/Cache/404e7360daef60d6de720f89e4a30d0d.php 第 152 行.
NOTIC: [8] Undefined index: fcid /home/kbbgiwvn/domains/wmwcom.com/public_html/admin/Runtime/Cache/404e7360daef60d6de720f89e4a30d0d.php 第 152 行.
NOTIC: [8] Undefined index: fcid /home/kbbgiwvn/domains/wmwcom.com/public_html/admin/Runtime/Cache/404e7360daef60d6de720f89e4a30d0d.php 第 152 行.
NOTIC: [8] Undefined index: fcid /home/kbbgiwvn/domains/wmwcom.com/public_html/admin/Runtime/Cache/404e7360daef60d6de720f89e4a30d0d.php 第 152 行.
INFO: ParseTemplate Behavior ::run [ RunTime:0.056207s ]
INFO: [ view_parse ] --END-- [ RunTime:0.056301s ]
INFO: [ view_filter ] --START--
INFO: ContentReplace Behavior ::run [ RunTime:0.000451s ]
INFO: TokenBuild Behavior ::run [ RunTime:0.000361s ]
INFO: WriteHtmlCache Behavior ::run [ RunTime:0.000244s ]
INFO: ShowRuntime Behavior ::run [ RunTime:0.000599s ]
INFO: [ view_filter ] --END-- [ RunTime:0.001907s ]
INFO: [ view_end ] --START--
INFO: ShowPageTrace Behavior ::run [ RunTime:0.000679s ]
INFO: [ view_end ] --END-- [ RunTime:0.000791s ]

[ 2014-07-16T11:59:20+08:00 ] 122.6.164.39 /admin.php?m=Shop&a=editsave
NOTIC: [2] htmlspecialchars() expects parameter 2 to be long, string given /home/kbbgiwvn/domains/wmwcom.com/public_html/inc/Lib/Core/App.class.php 第 56 行.
NOTIC: [2] htmlspecialchars() expects parameter 2 to be long, string given /home/kbbgiwvn/domains/wmwcom.com/public_html/inc/Lib/Core/App.class.php 第 56 行.
NOTIC: [2] htmlspecialchars() expects parameter 2 to be long, string given /home/kbbgiwvn/domains/wmwcom.com/public_html/inc/Lib/Core/App.class.php 第 56 行.
NOTIC: [2] htmlspecialchars() expects parameter 2 to be long, string given /home/kbbgiwvn/domains/wmwcom.com/public_html/inc/Lib/Core/App.class.php 第 56 行.
NOTIC: [2] htmlspecialchars() expects parameter 2 to be long, string given /home/kbbgiwvn/domains/wmwcom.com/public_html/inc/Lib/Core/App.class.php 第 56 行.
NOTIC: [2] htmlspecialchars() expects parameter 2 to be long, string given /home/kbbgiwvn/domains/wmwcom.com/public_html/inc/Lib/Core/App.class.php 第 56 行.
NOTIC: [2] htmlspecialchars() expects parameter 2 to be long, string given /home/kbbgiwvn/domains/wmwcom.com/public_html/inc/Lib/Core/App.class.php 第 56 行.
NOTIC: [2] htmlspecialchars() expects parameter 2 to be long, string given /home/kbbgiwvn/domains/wmwcom.com/public_html/inc/Lib/Core/App.class.php 第 56 行.
NOTIC: [2] htmlspecialchars() expects parameter 2 to be long, string given /home/kbbgiwvn/domains/wmwcom.com/public_html/inc/Lib/Core/App.class.php 第 56 行.
NOTIC: [2] stripslashes() expects exactly 1 parameter, 2 given /home/kbbgiwvn/domains/wmwcom.com/public_html/inc/Lib/Core/App.class.php 第 56 行.
NOTIC: [2] stripslashes() expects exactly 1 parameter, 2 given /home/kbbgiwvn/domains/wmwcom.com/public_html/inc/Lib/Core/App.class.php 第 56 行.
NOTIC: [2] stripslashes() expects exactly 1 parameter, 2 given /home/kbbgiwvn/domains/wmwcom.com/public_html/inc/Lib/Core/App.class.php 第 56 行.
NOTIC: [2] stripslashes() expects exactly 1 parameter, 2 given /home/kbbgiwvn/domains/wmwcom.com/public_html/inc/Lib/Core/App.class.php 第 56 行.
NOTIC: [2] stripslashes() expects exactly 1 parameter, 2 given /home/kbbgiwvn/domains/wmwcom.com/public_html/inc/Lib/Core/App.class.php 第 56 行.
NOTIC: [2] stripslashes() expects exactly 1 parameter, 2 given /home/kbbgiwvn/domains/wmwcom.com/public_html/inc/Lib/Core/App.class.php 第 56 行.
NOTIC: [2] stripslashes() expects exactly 1 parameter, 2 given /home/kbbgiwvn/domains/wmwcom.com/public_html/inc/Lib/Core/App.class.php 第 56 行.
NOTIC: [2] stripslashes() expects exactly 1 parameter, 2 given /home/kbbgiwvn/domains/wmwcom.com/public_html/inc/Lib/Core/App.class.php 第 56 行.
NOTIC: [2] stripslashes() expects exactly 1 parameter, 2 given /home/kbbgiwvn/domains/wmwcom.com/public_html/inc/Lib/Core/App.class.php 第 56 行.
INFO: [ app_begin ] --START--
INFO: ReadHtmlCache Behavior ::run [ RunTime:0.000575s ]
INFO: [ app_begin ] --END-- [ RunTime:0.000760s ]
SQL: SHOW COLUMNS FROM `sn_article_cat` [ RunTime:0.001063s ]
SQL: SELECT * FROM `sn_article_cat` ORDER BY acid desc LIMIT 4   [ RunTime:0.000182s ]
SQL: SHOW COLUMNS FROM `sn_pages` [ RunTime:0.001202s ]
SQL: SELECT * FROM `sn_pages` ORDER BY pagid desc LIMIT 7   [ RunTime:0.000194s ]
SQL: SHOW COLUMNS FROM `sn_config` [ RunTime:0.001111s ]
SQL: SELECT * FROM `sn_config` WHERE ( name="appid" ) LIMIT 1   [ RunTime:0.000183s ]
SQL: SELECT * FROM `sn_config` WHERE ( name="appkey" ) LIMIT 1   [ RunTime:0.000151s ]
NOTIC: [2] file_get_contents(http://union.bijiadao.net/api.php?a=open&amp;appid=12525525852&amp;appkey=88888888855855&amp;url=www.wmwcom.com) [<a href='function.file-get-contents'>function.file-get-contents</a>]: failed to open stream: HTTP request failed! HTTP/1.1 404 Not Found
 /home/kbbgiwvn/domains/wmwcom.com/public_html/admin/Lib/Action/CommonAction.class.php 第 29 行.
NOTIC: 建议使用I方法替代_post
NOTIC: [8] Undefined index: pic /home/kbbgiwvn/domains/wmwcom.com/public_html/admin/Lib/Action/ShopAction.class.php 第 163 行.
SQL: SHOW COLUMNS FROM `sn_shop` [ RunTime:0.000937s ]
NOTIC: [8] Undefined index: opentime /home/kbbgiwvn/domains/wmwcom.com/public_html/admin/Lib/Action/ShopAction.class.php 第 176 行.
NOTIC: [8] Undefined index: closetime /home/kbbgiwvn/domains/wmwcom.com/public_html/admin/Lib/Action/ShopAction.class.php 第 177 行.
SQL: UPDATE `sn_shop` SET `sname`='必胜客',`scid`=19,`sarea`=1,`scontent`='哈哈哈哈h',`ssort`=99,`sprice`=25,`semail`='1207491516@qq.com',`sphone`=6788315,`opentime`=null,`closetime`=null,`stime`=1405483160 WHERE ( `sid` = 8 ) [ RunTime:0.000394s ]
INFO: [ view_parse ] --START--
INFO: ParseTemplate Behavior ::run [ RunTime:0.027279s ]
INFO: [ view_parse ] --END-- [ RunTime:0.027393s ]
INFO: [ view_filter ] --START--
INFO: ContentReplace Behavior ::run [ RunTime:0.000364s ]
INFO: TokenBuild Behavior ::run [ RunTime:0.000319s ]
INFO: WriteHtmlCache Behavior ::run [ RunTime:0.000219s ]
INFO: ShowRuntime Behavior ::run [ RunTime:0.000374s ]
INFO: [ view_filter ] --END-- [ RunTime:0.001514s ]
INFO: [ view_end ] --START--
INFO: ShowPageTrace Behavior ::run [ RunTime:0.000665s ]
INFO: [ view_end ] --END-- [ RunTime:0.000758s ]

[ 2014-07-16T11:59:22+08:00 ] 122.6.164.39 /admin.php?m=Shop&a=index
INFO: [ app_begin ] --START--
INFO: ReadHtmlCache Behavior ::run [ RunTime:0.000484s ]
INFO: [ app_begin ] --END-- [ RunTime:0.000642s ]
SQL: SHOW COLUMNS FROM `sn_article_cat` [ RunTime:0.001246s ]
SQL: SELECT * FROM `sn_article_cat` ORDER BY acid desc LIMIT 4   [ RunTime:0.004707s ]
SQL: SHOW COLUMNS FROM `sn_pages` [ RunTime:0.000885s ]
SQL: SELECT * FROM `sn_pages` ORDER BY pagid desc LIMIT 7   [ RunTime:0.000129s ]
SQL: SHOW COLUMNS FROM `sn_config` [ RunTime:0.000916s ]
SQL: SELECT * FROM `sn_config` WHERE ( name="appid" ) LIMIT 1   [ RunTime:0.000113s ]
SQL: SELECT * FROM `sn_config` WHERE ( name="appkey" ) LIMIT 1   [ RunTime:0.000082s ]
NOTIC: [2] file_get_contents(http://union.bijiadao.net/api.php?a=open&amp;appid=12525525852&amp;appkey=88888888855855&amp;url=www.wmwcom.com) [<a href='function.file-get-contents'>function.file-get-contents</a>]: failed to open stream: HTTP request failed! HTTP/1.1 404 Not Found
 /home/kbbgiwvn/domains/wmwcom.com/public_html/admin/Lib/Action/CommonAction.class.php 第 29 行.
SQL: SHOW COLUMNS FROM `sn_shop` [ RunTime:0.000937s ]
SQL: SELECT COUNT(*) AS tp_count FROM `sn_shop` LIMIT 1   [ RunTime:0.000221s ]
SQL: SELECT * FROM `sn_shop` ORDER BY sid desc LIMIT 0,10   [ RunTime:0.000325s ]
INFO: [ view_parse ] --START--
INFO: ParseTemplate Behavior ::run [ RunTime:0.012643s ]
INFO: [ view_parse ] --END-- [ RunTime:0.012753s ]
INFO: [ view_filter ] --START--
INFO: ContentReplace Behavior ::run [ RunTime:0.000371s ]
INFO: TokenBuild Behavior ::run [ RunTime:0.000353s ]
INFO: WriteHtmlCache Behavior ::run [ RunTime:0.000206s ]
INFO: ShowRuntime Behavior ::run [ RunTime:0.000368s ]
INFO: [ view_filter ] --END-- [ RunTime:0.001511s ]
INFO: [ view_end ] --START--
INFO: ShowPageTrace Behavior ::run [ RunTime:0.000616s ]
INFO: [ view_end ] --END-- [ RunTime:0.000710s ]

[ 2014-07-16T11:59:25+08:00 ] 180.153.163.187 /admin.php?m=Shop&a=edit&id=6
NOTIC: [2] htmlspecialchars() expects parameter 2 to be long, string given /home/kbbgiwvn/domains/wmwcom.com/public_html/inc/Lib/Core/App.class.php 第 57 行.
NOTIC: [2] stripslashes() expects exactly 1 parameter, 2 given /home/kbbgiwvn/domains/wmwcom.com/public_html/inc/Lib/Core/App.class.php 第 57 行.
INFO: [ app_begin ] --START--
INFO: ReadHtmlCache Behavior ::run [ RunTime:0.000727s ]
INFO: [ app_begin ] --END-- [ RunTime:0.000931s ]
NOTIC: [8] Undefined index: admin_key /home/kbbgiwvn/domains/wmwcom.com/public_html/admin/Lib/Action/CommonAction.class.php 第 9 行.

[ 2014-07-16T11:59:25+08:00 ] 180.153.163.187 /admin.php?m=Public&a=login
INFO: [ app_begin ] --START--
INFO: ReadHtmlCache Behavior ::run [ RunTime:0.000519s ]
INFO: [ app_begin ] --END-- [ RunTime:0.001525s ]
INFO: [ view_parse ] --START--
INFO: ParseTemplate Behavior ::run [ RunTime:0.008581s ]
INFO: [ view_parse ] --END-- [ RunTime:0.008712s ]
INFO: [ view_filter ] --START--
INFO: ContentReplace Behavior ::run [ RunTime:0.000409s ]
INFO: TokenBuild Behavior ::run [ RunTime:0.000346s ]
INFO: WriteHtmlCache Behavior ::run [ RunTime:0.000336s ]
INFO: ShowRuntime Behavior ::run [ RunTime:0.000435s ]
INFO: [ view_filter ] --END-- [ RunTime:0.001771s ]
INFO: [ view_end ] --START--
INFO: ShowPageTrace Behavior ::run [ RunTime:0.000675s ]
INFO: [ view_end ] --END-- [ RunTime:0.000871s ]

[ 2014-07-16T11:59:25+08:00 ] 122.6.164.39 /admin.php?m=Shop&a=edit&id=6
NOTIC: [2] htmlspecialchars() expects parameter 2 to be long, string given /home/kbbgiwvn/domains/wmwcom.com/public_html/inc/Lib/Core/App.class.php 第 57 行.
NOTIC: [2] stripslashes() expects exactly 1 parameter, 2 given /home/kbbgiwvn/domains/wmwcom.com/public_html/inc/Lib/Core/App.class.php 第 57 行.
INFO: [ app_begin ] --START--
INFO: ReadHtmlCache Behavior ::run [ RunTime:0.000626s ]
INFO: [ app_begin ] --END-- [ RunTime:0.000788s ]
SQL: SHOW COLUMNS FROM `sn_article_cat` [ RunTime:0.001051s ]
SQL: SELECT * FROM `sn_article_cat` ORDER BY acid desc LIMIT 4   [ RunTime:0.000166s ]
SQL: SHOW COLUMNS FROM `sn_pages` [ RunTime:0.001269s ]
SQL: SELECT * FROM `sn_pages` ORDER BY pagid desc LIMIT 7   [ RunTime:0.000143s ]
SQL: SHOW COLUMNS FROM `sn_config` [ RunTime:0.001183s ]
SQL: SELECT * FROM `sn_config` WHERE ( name="appid" ) LIMIT 1   [ RunTime:0.000140s ]
SQL: SELECT * FROM `sn_config` WHERE ( name="appkey" ) LIMIT 1   [ RunTime:0.000132s ]
NOTIC: [2] file_get_contents(http://union.bijiadao.net/api.php?a=open&amp;appid=12525525852&amp;appkey=88888888855855&amp;url=www.wmwcom.com) [<a href='function.file-get-contents'>function.file-get-contents</a>]: failed to open stream: HTTP request failed! HTTP/1.1 404 Not Found
 /home/kbbgiwvn/domains/wmwcom.com/public_html/admin/Lib/Action/CommonAction.class.php 第 29 行.
SQL: SHOW COLUMNS FROM `sn_shop` [ RunTime:0.000923s ]
SQL: SELECT * FROM `sn_shop` WHERE ( `sid` = 6 ) LIMIT 1   [ RunTime:0.000331s ]
SQL: SHOW COLUMNS FROM `sn_foodcat` [ RunTime:0.000681s ]
SQL: SELECT * FROM `sn_foodcat`  [ RunTime:0.000101s ]
SQL: SHOW COLUMNS FROM `sn_area` [ RunTime:0.000571s ]
SQL: SELECT * FROM `sn_area`  [ RunTime:0.000088s ]
INFO: [ view_parse ] --START--
NOTIC: [8] Undefined index: fcid /home/kbbgiwvn/domains/wmwcom.com/public_html/admin/Runtime/Cache/404e7360daef60d6de720f89e4a30d0d.php 第 152 行.
NOTIC: [8] Undefined index: fcid /home/kbbgiwvn/domains/wmwcom.com/public_html/admin/Runtime/Cache/404e7360daef60d6de720f89e4a30d0d.php 第 152 行.
NOTIC: [8] Undefined index: fcid /home/kbbgiwvn/domains/wmwcom.com/public_html/admin/Runtime/Cache/404e7360daef60d6de720f89e4a30d0d.php 第 152 行.
NOTIC: [8] Undefined index: fcid /home/kbbgiwvn/domains/wmwcom.com/public_html/admin/Runtime/Cache/404e7360daef60d6de720f89e4a30d0d.php 第 152 行.
NOTIC: [8] Undefined index: fcid /home/kbbgiwvn/domains/wmwcom.com/public_html/admin/Runtime/Cache/404e7360daef60d6de720f89e4a30d0d.php 第 152 行.
NOTIC: [8] Undefined index: fcid /home/kbbgiwvn/domains/wmwcom.com/public_html/admin/Runtime/Cache/404e7360daef60d6de720f89e4a30d0d.php 第 152 行.
NOTIC: [8] Undefined index: fcid /home/kbbgiwvn/domains/wmwcom.com/public_html/admin/Runtime/Cache/404e7360daef60d6de720f89e4a30d0d.php 第 152 行.
INFO: ParseTemplate Behavior ::run [ RunTime:0.014964s ]
INFO: [ view_parse ] --END-- [ RunTime:0.015051s ]
INFO: [ view_filter ] --START--
INFO: ContentReplace Behavior ::run [ RunTime:0.000398s ]
INFO: TokenBuild Behavior ::run [ RunTime:0.000321s ]
INFO: WriteHtmlCache Behavior ::run [ RunTime:0.000209s ]
INFO: ShowRuntime Behavior ::run [ RunTime:0.000402s ]
INFO: [ view_filter ] --END-- [ RunTime:0.001640s ]
INFO: [ view_end ] --START--
INFO: ShowPageTrace Behavior ::run [ RunTime:0.000617s ]
INFO: [ view_end ] --END-- [ RunTime:0.001536s ]

[ 2014-07-16T11:59:31+08:00 ] 122.6.164.39 /admin.php?m=Shop&a=editsave
NOTIC: [2] htmlspecialchars() expects parameter 2 to be long, string given /home/kbbgiwvn/domains/wmwcom.com/public_html/inc/Lib/Core/App.class.php 第 56 行.
NOTIC: [2] htmlspecialchars() expects parameter 2 to be long, string given /home/kbbgiwvn/domains/wmwcom.com/public_html/inc/Lib/Core/App.class.php 第 56 行.
NOTIC: [2] htmlspecialchars() expects parameter 2 to be long, string given /home/kbbgiwvn/domains/wmwcom.com/public_html/inc/Lib/Core/App.class.php 第 56 行.
NOTIC: [2] htmlspecialchars() expects parameter 2 to be long, string given /home/kbbgiwvn/domains/wmwcom.com/public_html/inc/Lib/Core/App.class.php 第 56 行.
NOTIC: [2] htmlspecialchars() expects parameter 2 to be long, string given /home/kbbgiwvn/domains/wmwcom.com/public_html/inc/Lib/Core/App.class.php 第 56 行.
NOTIC: [2] htmlspecialchars() expects parameter 2 to be long, string given /home/kbbgiwvn/domains/wmwcom.com/public_html/inc/Lib/Core/App.class.php 第 56 行.
NOTIC: [2] htmlspecialchars() expects parameter 2 to be long, string given /home/kbbgiwvn/domains/wmwcom.com/public_html/inc/Lib/Core/App.class.php 第 56 行.
NOTIC: [2] htmlspecialchars() expects parameter 2 to be long, string given /home/kbbgiwvn/domains/wmwcom.com/public_html/inc/Lib/Core/App.class.php 第 56 行.
NOTIC: [2] htmlspecialchars() expects parameter 2 to be long, string given /home/kbbgiwvn/domains/wmwcom.com/public_html/inc/Lib/Core/App.class.php 第 56 行.
NOTIC: [2] stripslashes() expects exactly 1 parameter, 2 given /home/kbbgiwvn/domains/wmwcom.com/public_html/inc/Lib/Core/App.class.php 第 56 行.
NOTIC: [2] stripslashes() expects exactly 1 parameter, 2 given /home/kbbgiwvn/domains/wmwcom.com/public_html/inc/Lib/Core/App.class.php 第 56 行.
NOTIC: [2] stripslashes() expects exactly 1 parameter, 2 given /home/kbbgiwvn/domains/wmwcom.com/public_html/inc/Lib/Core/App.class.php 第 56 行.
NOTIC: [2] stripslashes() expects exactly 1 parameter, 2 given /home/kbbgiwvn/domains/wmwcom.com/public_html/inc/Lib/Core/App.class.php 第 56 行.
NOTIC: [2] stripslashes() expects exactly 1 parameter, 2 given /home/kbbgiwvn/domains/wmwcom.com/public_html/inc/Lib/Core/App.class.php 第 56 行.
NOTIC: [2] stripslashes() expects exactly 1 parameter, 2 given /home/kbbgiwvn/domains/wmwcom.com/public_html/inc/Lib/Core/App.class.php 第 56 行.
NOTIC: [2] stripslashes() expects exactly 1 parameter, 2 given /home/kbbgiwvn/domains/wmwcom.com/public_html/inc/Lib/Core/App.class.php 第 56 行.
NOTIC: [2] stripslashes() expects exactly 1 parameter, 2 given /home/kbbgiwvn/domains/wmwcom.com/public_html/inc/Lib/Core/App.class.php 第 56 行.
NOTIC: [2] stripslashes() expects exactly 1 parameter, 2 given /home/kbbgiwvn/domains/wmwcom.com/public_html/inc/Lib/Core/App.class.php 第 56 行.
INFO: [ app_begin ] --START--
INFO: ReadHtmlCache Behavior ::run [ RunTime:0.000620s ]
INFO: [ app_begin ] --END-- [ RunTime:0.000790s ]
SQL: SHOW COLUMNS FROM `sn_article_cat` [ RunTime:0.001072s ]
SQL: SELECT * FROM `sn_article_cat` ORDER BY acid desc LIMIT 4   [ RunTime:0.000135s ]
SQL: SHOW COLUMNS FROM `sn_pages` [ RunTime:0.001208s ]
SQL: SELECT * FROM `sn_pages` ORDER BY pagid desc LIMIT 7   [ RunTime:0.000181s ]
SQL: SHOW COLUMNS FROM `sn_config` [ RunTime:0.001772s ]
SQL: SELECT * FROM `sn_config` WHERE ( name="appid" ) LIMIT 1   [ RunTime:0.000140s ]
SQL: SELECT * FROM `sn_config` WHERE ( name="appkey" ) LIMIT 1   [ RunTime:0.000140s ]
NOTIC: [2] file_get_contents(http://union.bijiadao.net/api.php?a=open&amp;appid=12525525852&amp;appkey=88888888855855&amp;url=www.wmwcom.com) [<a href='function.file-get-contents'>function.file-get-contents</a>]: failed to open stream: HTTP request failed! HTTP/1.1 404 Not Found
 /home/kbbgiwvn/domains/wmwcom.com/public_html/admin/Lib/Action/CommonAction.class.php 第 29 行.
NOTIC: 建议使用I方法替代_post
NOTIC: [8] Undefined index: pic /home/kbbgiwvn/domains/wmwcom.com/public_html/admin/Lib/Action/ShopAction.class.php 第 163 行.
SQL: SHOW COLUMNS FROM `sn_shop` [ RunTime:0.000925s ]
NOTIC: [8] Undefined index: opentime /home/kbbgiwvn/domains/wmwcom.com/public_html/admin/Lib/Action/ShopAction.class.php 第 176 行.
NOTIC: [8] Undefined index: closetime /home/kbbgiwvn/domains/wmwcom.com/public_html/admin/Lib/Action/ShopAction.class.php 第 177 行.
SQL: UPDATE `sn_shop` SET `sname`='麦当劳',`scid`=19,`sarea`=1,`scontent`='麦当劳，我就喜欢',`ssort`=99,`sprice`=15,`semail`='270207325@qq.com',`sphone`=2147483647,`opentime`=null,`closetime`=null,`stime`=1405483171 WHERE ( `sid` = 6 ) [ RunTime:0.000362s ]
INFO: [ view_parse ] --START--
INFO: ParseTemplate Behavior ::run [ RunTime:0.010358s ]
INFO: [ view_parse ] --END-- [ RunTime:0.010469s ]
INFO: [ view_filter ] --START--
INFO: ContentReplace Behavior ::run [ RunTime:0.000363s ]
INFO: TokenBuild Behavior ::run [ RunTime:0.000316s ]
INFO: WriteHtmlCache Behavior ::run [ RunTime:0.000234s ]
INFO: ShowRuntime Behavior ::run [ RunTime:0.000372s ]
INFO: [ view_filter ] --END-- [ RunTime:0.001494s ]
INFO: [ view_end ] --START--
INFO: ShowPageTrace Behavior ::run [ RunTime:0.000755s ]
INFO: [ view_end ] --END-- [ RunTime:0.000848s ]

[ 2014-07-16T11:59:33+08:00 ] 122.6.164.39 /admin.php?m=Shop&a=index
INFO: [ app_begin ] --START--
INFO: ReadHtmlCache Behavior ::run [ RunTime:0.000504s ]
INFO: [ app_begin ] --END-- [ RunTime:0.000667s ]
SQL: SHOW COLUMNS FROM `sn_article_cat` [ RunTime:0.000795s ]
SQL: SELECT * FROM `sn_article_cat` ORDER BY acid desc LIMIT 4   [ RunTime:0.000110s ]
SQL: SHOW COLUMNS FROM `sn_pages` [ RunTime:0.000877s ]
SQL: SELECT * FROM `sn_pages` ORDER BY pagid desc LIMIT 7   [ RunTime:0.000131s ]
SQL: SHOW COLUMNS FROM `sn_config` [ RunTime:0.000777s ]
SQL: SELECT * FROM `sn_config` WHERE ( name="appid" ) LIMIT 1   [ RunTime:0.000099s ]
SQL: SELECT * FROM `sn_config` WHERE ( name="appkey" ) LIMIT 1   [ RunTime:0.000079s ]
NOTIC: [2] file_get_contents(http://union.bijiadao.net/api.php?a=open&amp;appid=12525525852&amp;appkey=88888888855855&amp;url=www.wmwcom.com) [<a href='function.file-get-contents'>function.file-get-contents</a>]: failed to open stream: HTTP request failed! HTTP/1.1 404 Not Found
 /home/kbbgiwvn/domains/wmwcom.com/public_html/admin/Lib/Action/CommonAction.class.php 第 29 行.
SQL: SHOW COLUMNS FROM `sn_shop` [ RunTime:0.000906s ]
SQL: SELECT COUNT(*) AS tp_count FROM `sn_shop` LIMIT 1   [ RunTime:0.000287s ]
SQL: SELECT * FROM `sn_shop` ORDER BY sid desc LIMIT 0,10   [ RunTime:0.000367s ]
INFO: [ view_parse ] --START--
INFO: ParseTemplate Behavior ::run [ RunTime:0.012536s ]
INFO: [ view_parse ] --END-- [ RunTime:0.012645s ]
INFO: [ view_filter ] --START--
INFO: ContentReplace Behavior ::run [ RunTime:0.000393s ]
INFO: TokenBuild Behavior ::run [ RunTime:0.000342s ]
INFO: WriteHtmlCache Behavior ::run [ RunTime:0.000208s ]
INFO: ShowRuntime Behavior ::run [ RunTime:0.000491s ]
INFO: [ view_filter ] --END-- [ RunTime:0.001650s ]
INFO: [ view_end ] --START--
INFO: ShowPageTrace Behavior ::run [ RunTime:0.000655s ]
INFO: [ view_end ] --END-- [ RunTime:0.000746s ]

[ 2014-07-16T12:00:32+08:00 ] 112.64.235.89 /admin.php?m=Link&a=index
INFO: [ app_begin ] --START--
INFO: ReadHtmlCache Behavior ::run [ RunTime:0.000508s ]
INFO: [ app_begin ] --END-- [ RunTime:0.000666s ]
NOTIC: [8] Undefined index: admin_key /home/kbbgiwvn/domains/wmwcom.com/public_html/admin/Lib/Action/CommonAction.class.php 第 9 行.

[ 2014-07-16T12:00:32+08:00 ] 112.64.235.89 /admin.php?m=Public&a=login
INFO: [ app_begin ] --START--
INFO: ReadHtmlCache Behavior ::run [ RunTime:0.000502s ]
INFO: [ app_begin ] --END-- [ RunTime:0.000660s ]
INFO: [ view_parse ] --START--
INFO: ParseTemplate Behavior ::run [ RunTime:0.007664s ]
INFO: [ view_parse ] --END-- [ RunTime:0.007779s ]
INFO: [ view_filter ] --START--
INFO: ContentReplace Behavior ::run [ RunTime:0.000346s ]
INFO: TokenBuild Behavior ::run [ RunTime:0.000314s ]
INFO: WriteHtmlCache Behavior ::run [ RunTime:0.000230s ]
INFO: ShowRuntime Behavior ::run [ RunTime:0.000377s ]
INFO: [ view_filter ] --END-- [ RunTime:0.001475s ]
INFO: [ view_end ] --START--
INFO: ShowPageTrace Behavior ::run [ RunTime:0.000731s ]
INFO: [ view_end ] --END-- [ RunTime:0.000822s ]

[ 2014-07-16T12:00:38+08:00 ] 122.6.164.39 /admin.php?m=Link&a=index
INFO: [ app_begin ] --START--
INFO: ReadHtmlCache Behavior ::run [ RunTime:0.000488s ]
INFO: [ app_begin ] --END-- [ RunTime:0.000653s ]
SQL: SHOW COLUMNS FROM `sn_article_cat` [ RunTime:0.001697s ]
SQL: SELECT * FROM `sn_article_cat` ORDER BY acid desc LIMIT 4   [ RunTime:0.000179s ]
SQL: SHOW COLUMNS FROM `sn_pages` [ RunTime:0.003821s ]
SQL: SELECT * FROM `sn_pages` ORDER BY pagid desc LIMIT 7   [ RunTime:0.000205s ]
SQL: SHOW COLUMNS FROM `sn_config` [ RunTime:0.001166s ]
SQL: SELECT * FROM `sn_config` WHERE ( name="appid" ) LIMIT 1   [ RunTime:0.000175s ]
SQL: SELECT * FROM `sn_config` WHERE ( name="appkey" ) LIMIT 1   [ RunTime:0.000124s ]
NOTIC: [2] file_get_contents(http://union.bijiadao.net/api.php?a=open&amp;appid=12525525852&amp;appkey=88888888855855&amp;url=www.wmwcom.com) [<a href='function.file-get-contents'>function.file-get-contents</a>]: failed to open stream: HTTP request failed! HTTP/1.1 404 Not Found
 /home/kbbgiwvn/domains/wmwcom.com/public_html/admin/Lib/Action/CommonAction.class.php 第 29 行.
SQL: SHOW COLUMNS FROM `sn_link` [ RunTime:0.001227s ]
SQL: SELECT * FROM `sn_link` WHERE ( type=0 )  [ RunTime:0.000443s ]
INFO: [ view_parse ] --START--
NOTIC: [8] Undefined index: dcsort /home/kbbgiwvn/domains/wmwcom.com/public_html/admin/Runtime/Cache/f8203af2637b9c0c2fb2388483e06af6.php 第 167 行.
NOTIC: [8] Undefined index: dcsort /home/kbbgiwvn/domains/wmwcom.com/public_html/admin/Runtime/Cache/f8203af2637b9c0c2fb2388483e06af6.php 第 167 行.
NOTIC: [8] Undefined index: dcsort /home/kbbgiwvn/domains/wmwcom.com/public_html/admin/Runtime/Cache/f8203af2637b9c0c2fb2388483e06af6.php 第 167 行.
NOTIC: [8] Undefined index: dcsort /home/kbbgiwvn/domains/wmwcom.com/public_html/admin/Runtime/Cache/f8203af2637b9c0c2fb2388483e06af6.php 第 167 行.
NOTIC: [8] Undefined index: dcsort /home/kbbgiwvn/domains/wmwcom.com/public_html/admin/Runtime/Cache/f8203af2637b9c0c2fb2388483e06af6.php 第 167 行.
NOTIC: [8] Undefined index: dcsort /home/kbbgiwvn/domains/wmwcom.com/public_html/admin/Runtime/Cache/f8203af2637b9c0c2fb2388483e06af6.php 第 167 行.
NOTIC: [8] Undefined variable: page /home/kbbgiwvn/domains/wmwcom.com/public_html/admin/Runtime/Cache/f8203af2637b9c0c2fb2388483e06af6.php 第 186 行.
INFO: ParseTemplate Behavior ::run [ RunTime:0.055882s ]
INFO: [ view_parse ] --END-- [ RunTime:0.056015s ]
INFO: [ view_filter ] --START--
INFO: ContentReplace Behavior ::run [ RunTime:0.000509s ]
INFO: TokenBuild Behavior ::run [ RunTime:0.000533s ]
INFO: WriteHtmlCache Behavior ::run [ RunTime:0.000346s ]
INFO: ShowRuntime Behavior ::run [ RunTime:0.000593s ]
INFO: [ view_filter ] --END-- [ RunTime:0.002306s ]
INFO: [ view_end ] --START--
INFO: ShowPageTrace Behavior ::run [ RunTime:0.000822s ]
INFO: [ view_end ] --END-- [ RunTime:0.000964s ]

[ 2014-07-16T12:00:44+08:00 ] 222.73.76.253 /admin.php?m=Link&a=delete&id=10
NOTIC: [2] htmlspecialchars() expects parameter 2 to be long, string given /home/kbbgiwvn/domains/wmwcom.com/public_html/inc/Lib/Core/App.class.php 第 57 行.
NOTIC: [2] stripslashes() expects exactly 1 parameter, 2 given /home/kbbgiwvn/domains/wmwcom.com/public_html/inc/Lib/Core/App.class.php 第 57 行.
INFO: [ app_begin ] --START--
INFO: ReadHtmlCache Behavior ::run [ RunTime:0.000627s ]
INFO: [ app_begin ] --END-- [ RunTime:0.000799s ]
NOTIC: [8] Undefined index: admin_key /home/kbbgiwvn/domains/wmwcom.com/public_html/admin/Lib/Action/CommonAction.class.php 第 9 行.

[ 2014-07-16T12:00:44+08:00 ] 222.73.76.253 /admin.php?m=Public&a=login
INFO: [ app_begin ] --START--
INFO: ReadHtmlCache Behavior ::run [ RunTime:0.000486s ]
INFO: [ app_begin ] --END-- [ RunTime:0.000645s ]
INFO: [ view_parse ] --START--
INFO: ParseTemplate Behavior ::run [ RunTime:0.007675s ]
INFO: [ view_parse ] --END-- [ RunTime:0.007790s ]
INFO: [ view_filter ] --START--
INFO: ContentReplace Behavior ::run [ RunTime:0.000372s ]
INFO: TokenBuild Behavior ::run [ RunTime:0.000320s ]
INFO: WriteHtmlCache Behavior ::run [ RunTime:0.000216s ]
INFO: ShowRuntime Behavior ::run [ RunTime:0.000390s ]
INFO: [ view_filter ] --END-- [ RunTime:0.001515s ]
INFO: [ view_end ] --START--
INFO: ShowPageTrace Behavior ::run [ RunTime:0.000623s ]
INFO: [ view_end ] --END-- [ RunTime:0.000814s ]

[ 2014-07-16T12:00:44+08:00 ] 122.6.164.39 /admin.php?m=Link&a=delete&id=10
NOTIC: [2] htmlspecialchars() expects parameter 2 to be long, string given /home/kbbgiwvn/domains/wmwcom.com/public_html/inc/Lib/Core/App.class.php 第 57 行.
NOTIC: [2] stripslashes() expects exactly 1 parameter, 2 given /home/kbbgiwvn/domains/wmwcom.com/public_html/inc/Lib/Core/App.class.php 第 57 行.
INFO: [ app_begin ] --START--
INFO: ReadHtmlCache Behavior ::run [ RunTime:0.000496s ]
INFO: [ app_begin ] --END-- [ RunTime:0.000633s ]
SQL: SHOW COLUMNS FROM `sn_article_cat` [ RunTime:0.000827s ]
SQL: SELECT * FROM `sn_article_cat` ORDER BY acid desc LIMIT 4   [ RunTime:0.000113s ]
SQL: SHOW COLUMNS FROM `sn_pages` [ RunTime:0.000868s ]
SQL: SELECT * FROM `sn_pages` ORDER BY pagid desc LIMIT 7   [ RunTime:0.000132s ]
SQL: SHOW COLUMNS FROM `sn_config` [ RunTime:0.000789s ]
SQL: SELECT * FROM `sn_config` WHERE ( name="appid" ) LIMIT 1   [ RunTime:0.000116s ]
SQL: SELECT * FROM `sn_config` WHERE ( name="appkey" ) LIMIT 1   [ RunTime:0.000078s ]
NOTIC: [2] file_get_contents(http://union.bijiadao.net/api.php?a=open&amp;appid=12525525852&amp;appkey=88888888855855&amp;url=www.wmwcom.com) [<a href='function.file-get-contents'>function.file-get-contents</a>]: failed to open stream: HTTP request failed! HTTP/1.1 404 Not Found
 /home/kbbgiwvn/domains/wmwcom.com/public_html/admin/Lib/Action/CommonAction.class.php 第 29 行.
SQL: SHOW COLUMNS FROM `sn_link` [ RunTime:0.000796s ]
SQL: DELETE FROM `sn_link` WHERE ( `lid` = 10 ) [ RunTime:0.000305s ]
INFO: [ view_parse ] --START--
INFO: ParseTemplate Behavior ::run [ RunTime:0.011497s ]
INFO: [ view_parse ] --END-- [ RunTime:0.011626s ]
INFO: [ view_filter ] --START--
INFO: ContentReplace Behavior ::run [ RunTime:0.000521s ]
INFO: TokenBuild Behavior ::run [ RunTime:0.000416s ]
INFO: WriteHtmlCache Behavior ::run [ RunTime:0.000475s ]
INFO: ShowRuntime Behavior ::run [ RunTime:0.000475s ]
INFO: [ view_filter ] --END-- [ RunTime:0.002189s ]
INFO: [ view_end ] --START--
INFO: ShowPageTrace Behavior ::run [ RunTime:0.000660s ]
INFO: [ view_end ] --END-- [ RunTime:0.000790s ]

[ 2014-07-16T12:00:46+08:00 ] 122.6.164.39 /admin.php?m=Link&a=index
INFO: [ app_begin ] --START--
INFO: ReadHtmlCache Behavior ::run [ RunTime:0.000534s ]
INFO: [ app_begin ] --END-- [ RunTime:0.000712s ]
SQL: SHOW COLUMNS FROM `sn_article_cat` [ RunTime:0.001059s ]
SQL: SELECT * FROM `sn_article_cat` ORDER BY acid desc LIMIT 4   [ RunTime:0.000144s ]
SQL: SHOW COLUMNS FROM `sn_pages` [ RunTime:0.001205s ]
SQL: SELECT * FROM `sn_pages` ORDER BY pagid desc LIMIT 7   [ RunTime:0.000158s ]
SQL: SHOW COLUMNS FROM `sn_config` [ RunTime:0.001094s ]
SQL: SELECT * FROM `sn_config` WHERE ( name="appid" ) LIMIT 1   [ RunTime:0.000131s ]
SQL: SELECT * FROM `sn_config` WHERE ( name="appkey" ) LIMIT 1   [ RunTime:0.000116s ]
NOTIC: [2] file_get_contents(http://union.bijiadao.net/api.php?a=open&amp;appid=12525525852&amp;appkey=88888888855855&amp;url=www.wmwcom.com) [<a href='function.file-get-contents'>function.file-get-contents</a>]: failed to open stream: HTTP request failed! HTTP/1.1 404 Not Found
 /home/kbbgiwvn/domains/wmwcom.com/public_html/admin/Lib/Action/CommonAction.class.php 第 29 行.
SQL: SHOW COLUMNS FROM `sn_link` [ RunTime:0.000789s ]
SQL: SELECT * FROM `sn_link` WHERE ( type=0 )  [ RunTime:0.000292s ]
INFO: [ view_parse ] --START--
NOTIC: [8] Undefined index: dcsort /home/kbbgiwvn/domains/wmwcom.com/public_html/admin/Runtime/Cache/f8203af2637b9c0c2fb2388483e06af6.php 第 167 行.
NOTIC: [8] Undefined index: dcsort /home/kbbgiwvn/domains/wmwcom.com/public_html/admin/Runtime/Cache/f8203af2637b9c0c2fb2388483e06af6.php 第 167 行.
NOTIC: [8] Undefined index: dcsort /home/kbbgiwvn/domains/wmwcom.com/public_html/admin/Runtime/Cache/f8203af2637b9c0c2fb2388483e06af6.php 第 167 行.
NOTIC: [8] Undefined index: dcsort /home/kbbgiwvn/domains/wmwcom.com/public_html/admin/Runtime/Cache/f8203af2637b9c0c2fb2388483e06af6.php 第 167 行.
NOTIC: [8] Undefined index: dcsort /home/kbbgiwvn/domains/wmwcom.com/public_html/admin/Runtime/Cache/f8203af2637b9c0c2fb2388483e06af6.php 第 167 行.
NOTIC: [8] Undefined variable: page /home/kbbgiwvn/domains/wmwcom.com/public_html/admin/Runtime/Cache/f8203af2637b9c0c2fb2388483e06af6.php 第 186 行.
INFO: ParseTemplate Behavior ::run [ RunTime:0.014882s ]
INFO: [ view_parse ] --END-- [ RunTime:0.014969s ]
INFO: [ view_filter ] --START--
INFO: ContentReplace Behavior ::run [ RunTime:0.000379s ]
INFO: TokenBuild Behavior ::run [ RunTime:0.000316s ]
INFO: WriteHtmlCache Behavior ::run [ RunTime:0.000316s ]
INFO: ShowRuntime Behavior ::run [ RunTime:0.000387s ]
INFO: [ view_filter ] --END-- [ RunTime:0.001663s ]
INFO: [ view_end ] --START--
INFO: ShowPageTrace Behavior ::run [ RunTime:0.000673s ]
INFO: [ view_end ] --END-- [ RunTime:0.000763s ]

[ 2014-07-16T12:00:50+08:00 ] 101.226.33.203 /admin.php?m=Link&a=delete&id=11
NOTIC: [2] htmlspecialchars() expects parameter 2 to be long, string given /home/kbbgiwvn/domains/wmwcom.com/public_html/inc/Lib/Core/App.class.php 第 57 行.
NOTIC: [2] stripslashes() expects exactly 1 parameter, 2 given /home/kbbgiwvn/domains/wmwcom.com/public_html/inc/Lib/Core/App.class.php 第 57 行.
INFO: [ app_begin ] --START--
INFO: ReadHtmlCache Behavior ::run [ RunTime:0.000540s ]
INFO: [ app_begin ] --END-- [ RunTime:0.000707s ]
NOTIC: [8] Undefined index: admin_key /home/kbbgiwvn/domains/wmwcom.com/public_html/admin/Lib/Action/CommonAction.class.php 第 9 行.

[ 2014-07-16T12:00:50+08:00 ] 101.226.33.203 /admin.php?m=Public&a=login
INFO: [ app_begin ] --START--
INFO: ReadHtmlCache Behavior ::run [ RunTime:0.000589s ]
INFO: [ app_begin ] --END-- [ RunTime:0.000777s ]
INFO: [ view_parse ] --START--
INFO: ParseTemplate Behavior ::run [ RunTime:0.009046s ]
INFO: [ view_parse ] --END-- [ RunTime:0.009185s ]
INFO: [ view_filter ] --START--
INFO: ContentReplace Behavior ::run [ RunTime:0.000418s ]
INFO: TokenBuild Behavior ::run [ RunTime:0.000367s ]
INFO: WriteHtmlCache Behavior ::run [ RunTime:0.000230s ]
INFO: ShowRuntime Behavior ::run [ RunTime:0.000433s ]
INFO: [ view_filter ] --END-- [ RunTime:0.001739s ]
INFO: [ view_end ] --START--
INFO: ShowPageTrace Behavior ::run [ RunTime:0.000797s ]
INFO: [ view_end ] --END-- [ RunTime:0.000921s ]

[ 2014-07-16T12:00:50+08:00 ] 122.6.164.39 /admin.php?m=Link&a=delete&id=11
NOTIC: [2] htmlspecialchars() expects parameter 2 to be long, string given /home/kbbgiwvn/domains/wmwcom.com/public_html/inc/Lib/Core/App.class.php 第 57 行.
NOTIC: [2] stripslashes() expects exactly 1 parameter, 2 given /home/kbbgiwvn/domains/wmwcom.com/public_html/inc/Lib/Core/App.class.php 第 57 行.
INFO: [ app_begin ] --START--
INFO: ReadHtmlCache Behavior ::run [ RunTime:0.000516s ]
INFO: [ app_begin ] --END-- [ RunTime:0.000710s ]
SQL: SHOW COLUMNS FROM `sn_article_cat` [ RunTime:0.000913s ]
SQL: SELECT * FROM `sn_article_cat` ORDER BY acid desc LIMIT 4   [ RunTime:0.000179s ]
SQL: SHOW COLUMNS FROM `sn_pages` [ RunTime:0.001150s ]
SQL: SELECT * FROM `sn_pages` ORDER BY pagid desc LIMIT 7   [ RunTime:0.000190s ]
SQL: SHOW COLUMNS FROM `sn_config` [ RunTime:0.000998s ]
SQL: SELECT * FROM `sn_config` WHERE ( name="appid" ) LIMIT 1   [ RunTime:0.000141s ]
SQL: SELECT * FROM `sn_config` WHERE ( name="appkey" ) LIMIT 1   [ RunTime:0.000122s ]
NOTIC: [2] file_get_contents(http://union.bijiadao.net/api.php?a=open&amp;appid=12525525852&amp;appkey=88888888855855&amp;url=www.wmwcom.com) [<a href='function.file-get-contents'>function.file-get-contents</a>]: failed to open stream: HTTP request failed! HTTP/1.1 404 Not Found
 /home/kbbgiwvn/domains/wmwcom.com/public_html/admin/Lib/Action/CommonAction.class.php 第 29 行.
SQL: SHOW COLUMNS FROM `sn_link` [ RunTime:0.001191s ]
SQL: DELETE FROM `sn_link` WHERE ( `lid` = 11 ) [ RunTime:0.000454s ]
INFO: [ view_parse ] --START--
INFO: ParseTemplate Behavior ::run [ RunTime:0.012092s ]
INFO: [ view_parse ] --END-- [ RunTime:0.012267s ]
INFO: [ view_filter ] --START--
INFO: ContentReplace Behavior ::run [ RunTime:0.000521s ]
INFO: TokenBuild Behavior ::run [ RunTime:0.000480s ]
INFO: WriteHtmlCache Behavior ::run [ RunTime:0.000330s ]
INFO: ShowRuntime Behavior ::run [ RunTime:0.000740s ]
INFO: [ view_filter ] --END-- [ RunTime:0.002392s ]
INFO: [ view_end ] --START--
INFO: ShowPageTrace Behavior ::run [ RunTime:0.000691s ]
INFO: [ view_end ] --END-- [ RunTime:0.000807s ]

[ 2014-07-16T12:00:52+08:00 ] 122.6.164.39 /admin.php?m=Link&a=index
INFO: [ app_begin ] --START--
INFO: ReadHtmlCache Behavior ::run [ RunTime:0.000509s ]
INFO: [ app_begin ] --END-- [ RunTime:0.000670s ]
SQL: SHOW COLUMNS FROM `sn_article_cat` [ RunTime:0.000802s ]
SQL: SELECT * FROM `sn_article_cat` ORDER BY acid desc LIMIT 4   [ RunTime:0.000106s ]
SQL: SHOW COLUMNS FROM `sn_pages` [ RunTime:0.000890s ]
SQL: SELECT * FROM `sn_pages` ORDER BY pagid desc LIMIT 7   [ RunTime:0.000140s ]
SQL: SHOW COLUMNS FROM `sn_config` [ RunTime:0.000788s ]
SQL: SELECT * FROM `sn_config` WHERE ( name="appid" ) LIMIT 1   [ RunTime:0.000099s ]
SQL: SELECT * FROM `sn_config` WHERE ( name="appkey" ) LIMIT 1   [ RunTime:0.000088s ]
NOTIC: [2] file_get_contents(http://union.bijiadao.net/api.php?a=open&amp;appid=12525525852&amp;appkey=88888888855855&amp;url=www.wmwcom.com) [<a href='function.file-get-contents'>function.file-get-contents</a>]: failed to open stream: HTTP request failed! HTTP/1.1 404 Not Found
 /home/kbbgiwvn/domains/wmwcom.com/public_html/admin/Lib/Action/CommonAction.class.php 第 29 行.
SQL: SHOW COLUMNS FROM `sn_link` [ RunTime:0.000812s ]
SQL: SELECT * FROM `sn_link` WHERE ( type=0 )  [ RunTime:0.000301s ]
INFO: [ view_parse ] --START--
NOTIC: [8] Undefined index: dcsort /home/kbbgiwvn/domains/wmwcom.com/public_html/admin/Runtime/Cache/f8203af2637b9c0c2fb2388483e06af6.php 第 167 行.
NOTIC: [8] Undefined index: dcsort /home/kbbgiwvn/domains/wmwcom.com/public_html/admin/Runtime/Cache/f8203af2637b9c0c2fb2388483e06af6.php 第 167 行.
NOTIC: [8] Undefined index: dcsort /home/kbbgiwvn/domains/wmwcom.com/public_html/admin/Runtime/Cache/f8203af2637b9c0c2fb2388483e06af6.php 第 167 行.
NOTIC: [8] Undefined index: dcsort /home/kbbgiwvn/domains/wmwcom.com/public_html/admin/Runtime/Cache/f8203af2637b9c0c2fb2388483e06af6.php 第 167 行.
NOTIC: [8] Undefined variable: page /home/kbbgiwvn/domains/wmwcom.com/public_html/admin/Runtime/Cache/f8203af2637b9c0c2fb2388483e06af6.php 第 186 行.
INFO: ParseTemplate Behavior ::run [ RunTime:0.014825s ]
INFO: [ view_parse ] --END-- [ RunTime:0.014926s ]
INFO: [ view_filter ] --START--
INFO: ContentReplace Behavior ::run [ RunTime:0.000414s ]
INFO: TokenBuild Behavior ::run [ RunTime:0.000317s ]
INFO: WriteHtmlCache Behavior ::run [ RunTime:0.000327s ]
INFO: ShowRuntime Behavior ::run [ RunTime:0.000383s ]
INFO: [ view_filter ] --END-- [ RunTime:0.001664s ]
INFO: [ view_end ] --START--
INFO: ShowPageTrace Behavior ::run [ RunTime:0.000626s ]
INFO: [ view_end ] --END-- [ RunTime:0.001527s ]

[ 2014-07-16T12:00:57+08:00 ] 101.226.33.205 /admin.php?m=Link&a=delete&id=14
NOTIC: [2] htmlspecialchars() expects parameter 2 to be long, string given /home/kbbgiwvn/domains/wmwcom.com/public_html/inc/Lib/Core/App.class.php 第 57 行.
NOTIC: [2] stripslashes() expects exactly 1 parameter, 2 given /home/kbbgiwvn/domains/wmwcom.com/public_html/inc/Lib/Core/App.class.php 第 57 行.
INFO: [ app_begin ] --START--
INFO: ReadHtmlCache Behavior ::run [ RunTime:0.000507s ]
INFO: [ app_begin ] --END-- [ RunTime:0.000645s ]
NOTIC: [8] Undefined index: admin_key /home/kbbgiwvn/domains/wmwcom.com/public_html/admin/Lib/Action/CommonAction.class.php 第 9 行.

[ 2014-07-16T12:00:57+08:00 ] 101.226.33.205 /admin.php?m=Public&a=login
INFO: [ app_begin ] --START--
INFO: ReadHtmlCache Behavior ::run [ RunTime:0.000497s ]
INFO: [ app_begin ] --END-- [ RunTime:0.000657s ]
INFO: [ view_parse ] --START--
INFO: ParseTemplate Behavior ::run [ RunTime:0.007645s ]
INFO: [ view_parse ] --END-- [ RunTime:0.007760s ]
INFO: [ view_filter ] --START--
INFO: ContentReplace Behavior ::run [ RunTime:0.000340s ]
INFO: TokenBuild Behavior ::run [ RunTime:0.000311s ]
INFO: WriteHtmlCache Behavior ::run [ RunTime:0.000236s ]
INFO: ShowRuntime Behavior ::run [ RunTime:0.000377s ]
INFO: [ view_filter ] --END-- [ RunTime:0.001466s ]
INFO: [ view_end ] --START--
INFO: ShowPageTrace Behavior ::run [ RunTime:0.000723s ]
INFO: [ view_end ] --END-- [ RunTime:0.000810s ]

[ 2014-07-16T12:00:57+08:00 ] 122.6.164.39 /admin.php?m=Link&a=delete&id=14
NOTIC: [2] htmlspecialchars() expects parameter 2 to be long, string given /home/kbbgiwvn/domains/wmwcom.com/public_html/inc/Lib/Core/App.class.php 第 57 行.
NOTIC: [2] stripslashes() expects exactly 1 parameter, 2 given /home/kbbgiwvn/domains/wmwcom.com/public_html/inc/Lib/Core/App.class.php 第 57 行.
INFO: [ app_begin ] --START--
INFO: ReadHtmlCache Behavior ::run [ RunTime:0.000507s ]
INFO: [ app_begin ] --END-- [ RunTime:0.000643s ]
SQL: SHOW COLUMNS FROM `sn_article_cat` [ RunTime:0.000801s ]
SQL: SELECT * FROM `sn_article_cat` ORDER BY acid desc LIMIT 4   [ RunTime:0.000105s ]
SQL: SHOW COLUMNS FROM `sn_pages` [ RunTime:0.000873s ]
SQL: SELECT * FROM `sn_pages` ORDER BY pagid desc LIMIT 7   [ RunTime:0.000205s ]
SQL: SHOW COLUMNS FROM `sn_config` [ RunTime:0.001194s ]
SQL: SELECT * FROM `sn_config` WHERE ( name="appid" ) LIMIT 1   [ RunTime:0.000170s ]
SQL: SELECT * FROM `sn_config` WHERE ( name="appkey" ) LIMIT 1   [ RunTime:0.000161s ]
NOTIC: [2] file_get_contents(http://union.bijiadao.net/api.php?a=open&amp;appid=12525525852&amp;appkey=88888888855855&amp;url=www.wmwcom.com) [<a href='function.file-get-contents'>function.file-get-contents</a>]: failed to open stream: HTTP request failed! HTTP/1.1 404 Not Found
 /home/kbbgiwvn/domains/wmwcom.com/public_html/admin/Lib/Action/CommonAction.class.php 第 29 行.
SQL: SHOW COLUMNS FROM `sn_link` [ RunTime:0.001074s ]
SQL: DELETE FROM `sn_link` WHERE ( `lid` = 14 ) [ RunTime:0.000417s ]
INFO: [ view_parse ] --START--
INFO: ParseTemplate Behavior ::run [ RunTime:0.011691s ]
INFO: [ view_parse ] --END-- [ RunTime:0.011818s ]
INFO: [ view_filter ] --START--
INFO: ContentReplace Behavior ::run [ RunTime:0.000408s ]
INFO: TokenBuild Behavior ::run [ RunTime:0.000365s ]
INFO: WriteHtmlCache Behavior ::run [ RunTime:0.000238s ]
INFO: ShowRuntime Behavior ::run [ RunTime:0.000391s ]
INFO: [ view_filter ] --END-- [ RunTime:0.001650s ]
INFO: [ view_end ] --START--
INFO: ShowPageTrace Behavior ::run [ RunTime:0.000755s ]
INFO: [ view_end ] --END-- [ RunTime:0.000882s ]

[ 2014-07-16T12:00:59+08:00 ] 122.6.164.39 /admin.php?m=Link&a=index
INFO: [ app_begin ] --START--
INFO: ReadHtmlCache Behavior ::run [ RunTime:0.000769s ]
INFO: [ app_begin ] --END-- [ RunTime:0.000955s ]
SQL: SHOW COLUMNS FROM `sn_article_cat` [ RunTime:0.001138s ]
SQL: SELECT * FROM `sn_article_cat` ORDER BY acid desc LIMIT 4   [ RunTime:0.000167s ]
SQL: SHOW COLUMNS FROM `sn_pages` [ RunTime:0.001268s ]
SQL: SELECT * FROM `sn_pages` ORDER BY pagid desc LIMIT 7   [ RunTime:0.000183s ]
SQL: SHOW COLUMNS FROM `sn_config` [ RunTime:0.001151s ]
SQL: SELECT * FROM `sn_config` WHERE ( name="appid" ) LIMIT 1   [ RunTime:0.000141s ]
SQL: SELECT * FROM `sn_config` WHERE ( name="appkey" ) LIMIT 1   [ RunTime:0.000136s ]
NOTIC: [2] file_get_contents(http://union.bijiadao.net/api.php?a=open&amp;appid=12525525852&amp;appkey=88888888855855&amp;url=www.wmwcom.com) [<a href='function.file-get-contents'>function.file-get-contents</a>]: failed to open stream: HTTP request failed! HTTP/1.1 404 Not Found
 /home/kbbgiwvn/domains/wmwcom.com/public_html/admin/Lib/Action/CommonAction.class.php 第 29 行.
SQL: SHOW COLUMNS FROM `sn_link` [ RunTime:0.000820s ]
SQL: SELECT * FROM `sn_link` WHERE ( type=0 )  [ RunTime:0.000297s ]
INFO: [ view_parse ] --START--
NOTIC: [8] Undefined index: dcsort /home/kbbgiwvn/domains/wmwcom.com/public_html/admin/Runtime/Cache/f8203af2637b9c0c2fb2388483e06af6.php 第 167 行.
NOTIC: [8] Undefined index: dcsort /home/kbbgiwvn/domains/wmwcom.com/public_html/admin/Runtime/Cache/f8203af2637b9c0c2fb2388483e06af6.php 第 167 行.
NOTIC: [8] Undefined index: dcsort /home/kbbgiwvn/domains/wmwcom.com/public_html/admin/Runtime/Cache/f8203af2637b9c0c2fb2388483e06af6.php 第 167 行.
NOTIC: [8] Undefined variable: page /home/kbbgiwvn/domains/wmwcom.com/public_html/admin/Runtime/Cache/f8203af2637b9c0c2fb2388483e06af6.php 第 186 行.
INFO: ParseTemplate Behavior ::run [ RunTime:0.015396s ]
INFO: [ view_parse ] --END-- [ RunTime:0.015480s ]
INFO: [ view_filter ] --START--
INFO: ContentReplace Behavior ::run [ RunTime:0.000404s ]
INFO: TokenBuild Behavior ::run [ RunTime:0.000329s ]
INFO: WriteHtmlCache Behavior ::run [ RunTime:0.000210s ]
INFO: ShowRuntime Behavior ::run [ RunTime:0.000488s ]
INFO: [ view_filter ] --END-- [ RunTime:0.001640s ]
INFO: [ view_end ] --START--
INFO: ShowPageTrace Behavior ::run [ RunTime:0.000656s ]
INFO: [ view_end ] --END-- [ RunTime:0.000736s ]

[ 2014-07-16T12:01:04+08:00 ] 122.6.164.39 /admin.php?m=Link&a=delete&id=15
NOTIC: [2] htmlspecialchars() expects parameter 2 to be long, string given /home/kbbgiwvn/domains/wmwcom.com/public_html/inc/Lib/Core/App.class.php 第 57 行.
NOTIC: [2] stripslashes() expects exactly 1 parameter, 2 given /home/kbbgiwvn/domains/wmwcom.com/public_html/inc/Lib/Core/App.class.php 第 57 行.
INFO: [ app_begin ] --START--
INFO: ReadHtmlCache Behavior ::run [ RunTime:0.000586s ]
INFO: [ app_begin ] --END-- [ RunTime:0.000757s ]
SQL: SHOW COLUMNS FROM `sn_article_cat` [ RunTime:0.000981s ]
SQL: SELECT * FROM `sn_article_cat` ORDER BY acid desc LIMIT 4   [ RunTime:0.000130s ]
SQL: SHOW COLUMNS FROM `sn_pages` [ RunTime:0.001199s ]
SQL: SELECT * FROM `sn_pages` ORDER BY pagid desc LIMIT 7   [ RunTime:0.000193s ]
SQL: SHOW COLUMNS FROM `sn_config` [ RunTime:0.001165s ]
SQL: SELECT * FROM `sn_config` WHERE ( name="appid" ) LIMIT 1   [ RunTime:0.000149s ]
SQL: SELECT * FROM `sn_config` WHERE ( name="appkey" ) LIMIT 1   [ RunTime:0.000134s ]
NOTIC: [2] file_get_contents(http://union.bijiadao.net/api.php?a=open&amp;appid=12525525852&amp;appkey=88888888855855&amp;url=www.wmwcom.com) [<a href='function.file-get-contents'>function.file-get-contents</a>]: failed to open stream: HTTP request failed! HTTP/1.1 404 Not Found
 /home/kbbgiwvn/domains/wmwcom.com/public_html/admin/Lib/Action/CommonAction.class.php 第 29 行.
SQL: SHOW COLUMNS FROM `sn_link` [ RunTime:0.000836s ]
SQL: DELETE FROM `sn_link` WHERE ( `lid` = 15 ) [ RunTime:0.000443s ]
INFO: [ view_parse ] --START--
INFO: ParseTemplate Behavior ::run [ RunTime:0.011959s ]
INFO: [ view_parse ] --END-- [ RunTime:0.012094s ]
INFO: [ view_filter ] --START--
INFO: ContentReplace Behavior ::run [ RunTime:0.000466s ]
INFO: TokenBuild Behavior ::run [ RunTime:0.000480s ]
INFO: WriteHtmlCache Behavior ::run [ RunTime:0.000297s ]
INFO: ShowRuntime Behavior ::run [ RunTime:0.000663s ]
INFO: [ view_filter ] --END-- [ RunTime:0.002193s ]
INFO: [ view_end ] --START--
INFO: ShowPageTrace Behavior ::run [ RunTime:0.000704s ]
INFO: [ view_end ] --END-- [ RunTime:0.000844s ]

[ 2014-07-16T12:01:04+08:00 ] 180.153.201.214 /admin.php?m=Link&a=delete&id=15
NOTIC: [2] htmlspecialchars() expects parameter 2 to be long, string given /home/kbbgiwvn/domains/wmwcom.com/public_html/inc/Lib/Core/App.class.php 第 57 行.
NOTIC: [2] stripslashes() expects exactly 1 parameter, 2 given /home/kbbgiwvn/domains/wmwcom.com/public_html/inc/Lib/Core/App.class.php 第 57 行.
INFO: [ app_begin ] --START--
INFO: ReadHtmlCache Behavior ::run [ RunTime:0.000495s ]
INFO: [ app_begin ] --END-- [ RunTime:0.000629s ]
NOTIC: [8] Undefined index: admin_key /home/kbbgiwvn/domains/wmwcom.com/public_html/admin/Lib/Action/CommonAction.class.php 第 9 行.

[ 2014-07-16T12:01:04+08:00 ] 180.153.201.214 /admin.php?m=Public&a=login
INFO: [ app_begin ] --START--
INFO: ReadHtmlCache Behavior ::run [ RunTime:0.000523s ]
INFO: [ app_begin ] --END-- [ RunTime:0.000695s ]
INFO: [ view_parse ] --START--
INFO: ParseTemplate Behavior ::run [ RunTime:0.026503s ]
INFO: [ view_parse ] --END-- [ RunTime:0.026631s ]
INFO: [ view_filter ] --START--
INFO: ContentReplace Behavior ::run [ RunTime:0.000411s ]
INFO: TokenBuild Behavior ::run [ RunTime:0.000379s ]
INFO: WriteHtmlCache Behavior ::run [ RunTime:0.000261s ]
INFO: ShowRuntime Behavior ::run [ RunTime:0.000449s ]
INFO: [ view_filter ] --END-- [ RunTime:0.001780s ]
INFO: [ view_end ] --START--
INFO: ShowPageTrace Behavior ::run [ RunTime:0.000666s ]
INFO: [ view_end ] --END-- [ RunTime:0.000804s ]

[ 2014-07-16T12:01:06+08:00 ] 122.6.164.39 /admin.php?m=Link&a=index
INFO: [ app_begin ] --START--
INFO: ReadHtmlCache Behavior ::run [ RunTime:0.000506s ]
INFO: [ app_begin ] --END-- [ RunTime:0.000687s ]
SQL: SHOW COLUMNS FROM `sn_article_cat` [ RunTime:0.001039s ]
SQL: SELECT * FROM `sn_article_cat` ORDER BY acid desc LIMIT 4   [ RunTime:0.000147s ]
SQL: SHOW COLUMNS FROM `sn_pages` [ RunTime:0.001235s ]
SQL: SELECT * FROM `sn_pages` ORDER BY pagid desc LIMIT 7   [ RunTime:0.000189s ]
SQL: SHOW COLUMNS FROM `sn_config` [ RunTime:0.001147s ]
SQL: SELECT * FROM `sn_config` WHERE ( name="appid" ) LIMIT 1   [ RunTime:0.000138s ]
SQL: SELECT * FROM `sn_config` WHERE ( name="appkey" ) LIMIT 1   [ RunTime:0.000122s ]
NOTIC: [2] file_get_contents(http://union.bijiadao.net/api.php?a=open&amp;appid=12525525852&amp;appkey=88888888855855&amp;url=www.wmwcom.com) [<a href='function.file-get-contents'>function.file-get-contents</a>]: failed to open stream: HTTP request failed! HTTP/1.1 404 Not Found
 /home/kbbgiwvn/domains/wmwcom.com/public_html/admin/Lib/Action/CommonAction.class.php 第 29 行.
SQL: SHOW COLUMNS FROM `sn_link` [ RunTime:0.001075s ]
SQL: SELECT * FROM `sn_link` WHERE ( type=0 )  [ RunTime:0.000448s ]
INFO: [ view_parse ] --START--
NOTIC: [8] Undefined index: dcsort /home/kbbgiwvn/domains/wmwcom.com/public_html/admin/Runtime/Cache/f8203af2637b9c0c2fb2388483e06af6.php 第 167 行.
NOTIC: [8] Undefined index: dcsort /home/kbbgiwvn/domains/wmwcom.com/public_html/admin/Runtime/Cache/f8203af2637b9c0c2fb2388483e06af6.php 第 167 行.
NOTIC: [8] Undefined variable: page /home/kbbgiwvn/domains/wmwcom.com/public_html/admin/Runtime/Cache/f8203af2637b9c0c2fb2388483e06af6.php 第 186 行.
INFO: ParseTemplate Behavior ::run [ RunTime:0.016358s ]
INFO: [ view_parse ] --END-- [ RunTime:0.016457s ]
INFO: [ view_filter ] --START--
INFO: ContentReplace Behavior ::run [ RunTime:0.000440s ]
INFO: TokenBuild Behavior ::run [ RunTime:0.000338s ]
INFO: WriteHtmlCache Behavior ::run [ RunTime:0.000230s ]
INFO: ShowRuntime Behavior ::run [ RunTime:0.000586s ]
INFO: [ view_filter ] --END-- [ RunTime:0.001847s ]
INFO: [ view_end ] --START--
INFO: ShowPageTrace Behavior ::run [ RunTime:0.000682s ]
INFO: [ view_end ] --END-- [ RunTime:0.000779s ]

